2021-08-17T09:17:23 | INFO | mmf.train : Loading datasets
2021-08-17T09:17:31 | INFO | mmf.train : CUDA Device 0 is: Tesla V100-DGXS-16GB
2021-08-17T09:17:31 | INFO | mmf.train : Torch version is: 1.5.0
2021-08-17T09:17:31 | INFO | mmf.train : ===== Model =====
2021-08-17T09:17:31 | INFO | mmf.train : DistributedDataParallel(
  (module): UnimodalModal(
    (base): UnimodalBase(
      (encoder): ResNet152ImageEncoder(
        (model): Sequential(
          (0): Conv2d(3, 64, kernel_size=(7, 7), stride=(2, 2), padding=(3, 3), bias=False)
          (1): BatchNorm2d(64, eps=1e-05, momentum=0.1, affine=True, track_running_stats=True)
          (2): ReLU(inplace=True)
          (3): MaxPool2d(kernel_size=3, stride=2, padding=1, dilation=1, ceil_mode=False)
          (4): Sequential(
            (0): Bottleneck(
              (conv1): Conv2d(64, 64, kernel_size=(1, 1), stride=(1, 1), bias=False)
              (bn1): BatchNorm2d(64, eps=1e-05, momentum=0.1, affine=True, track_running_stats=True)
              (conv2): Conv2d(64, 64, kernel_size=(3, 3), stride=(1, 1), padding=(1, 1), bias=False)
              (bn2): BatchNorm2d(64, eps=1e-05, momentum=0.1, affine=True, track_running_stats=True)
              (conv3): Conv2d(64, 256, kernel_size=(1, 1), stride=(1, 1), bias=False)
              (bn3): BatchNorm2d(256, eps=1e-05, momentum=0.1, affine=True, track_running_stats=True)
              (relu): ReLU(inplace=True)
              (downsample): Sequential(
                (0): Conv2d(64, 256, kernel_size=(1, 1), stride=(1, 1), bias=False)
                (1): BatchNorm2d(256, eps=1e-05, momentum=0.1, affine=True, track_running_stats=True)
              )
            )
            (1): Bottleneck(
              (conv1): Conv2d(256, 64, kernel_size=(1, 1), stride=(1, 1), bias=False)
              (bn1): BatchNorm2d(64, eps=1e-05, momentum=0.1, affine=True, track_running_stats=True)
              (conv2): Conv2d(64, 64, kernel_size=(3, 3), stride=(1, 1), padding=(1, 1), bias=False)
              (bn2): BatchNorm2d(64, eps=1e-05, momentum=0.1, affine=True, track_running_stats=True)
              (conv3): Conv2d(64, 256, kernel_size=(1, 1), stride=(1, 1), bias=False)
              (bn3): BatchNorm2d(256, eps=1e-05, momentum=0.1, affine=True, track_running_stats=True)
              (relu): ReLU(inplace=True)
            )
            (2): Bottleneck(
              (conv1): Conv2d(256, 64, kernel_size=(1, 1), stride=(1, 1), bias=False)
              (bn1): BatchNorm2d(64, eps=1e-05, momentum=0.1, affine=True, track_running_stats=True)
              (conv2): Conv2d(64, 64, kernel_size=(3, 3), stride=(1, 1), padding=(1, 1), bias=False)
              (bn2): BatchNorm2d(64, eps=1e-05, momentum=0.1, affine=True, track_running_stats=True)
              (conv3): Conv2d(64, 256, kernel_size=(1, 1), stride=(1, 1), bias=False)
              (bn3): BatchNorm2d(256, eps=1e-05, momentum=0.1, affine=True, track_running_stats=True)
              (relu): ReLU(inplace=True)
            )
          )
          (5): Sequential(
            (0): Bottleneck(
              (conv1): Conv2d(256, 128, kernel_size=(1, 1), stride=(1, 1), bias=False)
              (bn1): BatchNorm2d(128, eps=1e-05, momentum=0.1, affine=True, track_running_stats=True)
              (conv2): Conv2d(128, 128, kernel_size=(3, 3), stride=(2, 2), padding=(1, 1), bias=False)
              (bn2): BatchNorm2d(128, eps=1e-05, momentum=0.1, affine=True, track_running_stats=True)
              (conv3): Conv2d(128, 512, kernel_size=(1, 1), stride=(1, 1), bias=False)
              (bn3): BatchNorm2d(512, eps=1e-05, momentum=0.1, affine=True, track_running_stats=True)
              (relu): ReLU(inplace=True)
              (downsample): Sequential(
                (0): Conv2d(256, 512, kernel_size=(1, 1), stride=(2, 2), bias=False)
                (1): BatchNorm2d(512, eps=1e-05, momentum=0.1, affine=True, track_running_stats=True)
              )
            )
            (1): Bottleneck(
              (conv1): Conv2d(512, 128, kernel_size=(1, 1), stride=(1, 1), bias=False)
              (bn1): BatchNorm2d(128, eps=1e-05, momentum=0.1, affine=True, track_running_stats=True)
              (conv2): Conv2d(128, 128, kernel_size=(3, 3), stride=(1, 1), padding=(1, 1), bias=False)
              (bn2): BatchNorm2d(128, eps=1e-05, momentum=0.1, affine=True, track_running_stats=True)
              (conv3): Conv2d(128, 512, kernel_size=(1, 1), stride=(1, 1), bias=False)
              (bn3): BatchNorm2d(512, eps=1e-05, momentum=0.1, affine=True, track_running_stats=True)
              (relu): ReLU(inplace=True)
            )
            (2): Bottleneck(
              (conv1): Conv2d(512, 128, kernel_size=(1, 1), stride=(1, 1), bias=False)
              (bn1): BatchNorm2d(128, eps=1e-05, momentum=0.1, affine=True, track_running_stats=True)
              (conv2): Conv2d(128, 128, kernel_size=(3, 3), stride=(1, 1), padding=(1, 1), bias=False)
              (bn2): BatchNorm2d(128, eps=1e-05, momentum=0.1, affine=True, track_running_stats=True)
              (conv3): Conv2d(128, 512, kernel_size=(1, 1), stride=(1, 1), bias=False)
              (bn3): BatchNorm2d(512, eps=1e-05, momentum=0.1, affine=True, track_running_stats=True)
              (relu): ReLU(inplace=True)
            )
            (3): Bottleneck(
              (conv1): Conv2d(512, 128, kernel_size=(1, 1), stride=(1, 1), bias=False)
              (bn1): BatchNorm2d(128, eps=1e-05, momentum=0.1, affine=True, track_running_stats=True)
              (conv2): Conv2d(128, 128, kernel_size=(3, 3), stride=(1, 1), padding=(1, 1), bias=False)
              (bn2): BatchNorm2d(128, eps=1e-05, momentum=0.1, affine=True, track_running_stats=True)
              (conv3): Conv2d(128, 512, kernel_size=(1, 1), stride=(1, 1), bias=False)
              (bn3): BatchNorm2d(512, eps=1e-05, momentum=0.1, affine=True, track_running_stats=True)
              (relu): ReLU(inplace=True)
            )
            (4): Bottleneck(
              (conv1): Conv2d(512, 128, kernel_size=(1, 1), stride=(1, 1), bias=False)
              (bn1): BatchNorm2d(128, eps=1e-05, momentum=0.1, affine=True, track_running_stats=True)
              (conv2): Conv2d(128, 128, kernel_size=(3, 3), stride=(1, 1), padding=(1, 1), bias=False)
              (bn2): BatchNorm2d(128, eps=1e-05, momentum=0.1, affine=True, track_running_stats=True)
              (conv3): Conv2d(128, 512, kernel_size=(1, 1), stride=(1, 1), bias=False)
              (bn3): BatchNorm2d(512, eps=1e-05, momentum=0.1, affine=True, track_running_stats=True)
              (relu): ReLU(inplace=True)
            )
            (5): Bottleneck(
              (conv1): Conv2d(512, 128, kernel_size=(1, 1), stride=(1, 1), bias=False)
              (bn1): BatchNorm2d(128, eps=1e-05, momentum=0.1, affine=True, track_running_stats=True)
              (conv2): Conv2d(128, 128, kernel_size=(3, 3), stride=(1, 1), padding=(1, 1), bias=False)
              (bn2): BatchNorm2d(128, eps=1e-05, momentum=0.1, affine=True, track_running_stats=True)
              (conv3): Conv2d(128, 512, kernel_size=(1, 1), stride=(1, 1), bias=False)
              (bn3): BatchNorm2d(512, eps=1e-05, momentum=0.1, affine=True, track_running_stats=True)
              (relu): ReLU(inplace=True)
            )
            (6): Bottleneck(
              (conv1): Conv2d(512, 128, kernel_size=(1, 1), stride=(1, 1), bias=False)
              (bn1): BatchNorm2d(128, eps=1e-05, momentum=0.1, affine=True, track_running_stats=True)
              (conv2): Conv2d(128, 128, kernel_size=(3, 3), stride=(1, 1), padding=(1, 1), bias=False)
              (bn2): BatchNorm2d(128, eps=1e-05, momentum=0.1, affine=True, track_running_stats=True)
              (conv3): Conv2d(128, 512, kernel_size=(1, 1), stride=(1, 1), bias=False)
              (bn3): BatchNorm2d(512, eps=1e-05, momentum=0.1, affine=True, track_running_stats=True)
              (relu): ReLU(inplace=True)
            )
            (7): Bottleneck(
              (conv1): Conv2d(512, 128, kernel_size=(1, 1), stride=(1, 1), bias=False)
              (bn1): BatchNorm2d(128, eps=1e-05, momentum=0.1, affine=True, track_running_stats=True)
              (conv2): Conv2d(128, 128, kernel_size=(3, 3), stride=(1, 1), padding=(1, 1), bias=False)
              (bn2): BatchNorm2d(128, eps=1e-05, momentum=0.1, affine=True, track_running_stats=True)
              (conv3): Conv2d(128, 512, kernel_size=(1, 1), stride=(1, 1), bias=False)
              (bn3): BatchNorm2d(512, eps=1e-05, momentum=0.1, affine=True, track_running_stats=True)
              (relu): ReLU(inplace=True)
            )
          )
          (6): Sequential(
            (0): Bottleneck(
              (conv1): Conv2d(512, 256, kernel_size=(1, 1), stride=(1, 1), bias=False)
              (bn1): BatchNorm2d(256, eps=1e-05, momentum=0.1, affine=True, track_running_stats=True)
              (conv2): Conv2d(256, 256, kernel_size=(3, 3), stride=(2, 2), padding=(1, 1), bias=False)
              (bn2): BatchNorm2d(256, eps=1e-05, momentum=0.1, affine=True, track_running_stats=True)
              (conv3): Conv2d(256, 1024, kernel_size=(1, 1), stride=(1, 1), bias=False)
              (bn3): BatchNorm2d(1024, eps=1e-05, momentum=0.1, affine=True, track_running_stats=True)
              (relu): ReLU(inplace=True)
              (downsample): Sequential(
                (0): Conv2d(512, 1024, kernel_size=(1, 1), stride=(2, 2), bias=False)
                (1): BatchNorm2d(1024, eps=1e-05, momentum=0.1, affine=True, track_running_stats=True)
              )
            )
            (1): Bottleneck(
              (conv1): Conv2d(1024, 256, kernel_size=(1, 1), stride=(1, 1), bias=False)
              (bn1): BatchNorm2d(256, eps=1e-05, momentum=0.1, affine=True, track_running_stats=True)
              (conv2): Conv2d(256, 256, kernel_size=(3, 3), stride=(1, 1), padding=(1, 1), bias=False)
              (bn2): BatchNorm2d(256, eps=1e-05, momentum=0.1, affine=True, track_running_stats=True)
              (conv3): Conv2d(256, 1024, kernel_size=(1, 1), stride=(1, 1), bias=False)
              (bn3): BatchNorm2d(1024, eps=1e-05, momentum=0.1, affine=True, track_running_stats=True)
              (relu): ReLU(inplace=True)
            )
            (2): Bottleneck(
              (conv1): Conv2d(1024, 256, kernel_size=(1, 1), stride=(1, 1), bias=False)
              (bn1): BatchNorm2d(256, eps=1e-05, momentum=0.1, affine=True, track_running_stats=True)
              (conv2): Conv2d(256, 256, kernel_size=(3, 3), stride=(1, 1), padding=(1, 1), bias=False)
              (bn2): BatchNorm2d(256, eps=1e-05, momentum=0.1, affine=True, track_running_stats=True)
              (conv3): Conv2d(256, 1024, kernel_size=(1, 1), stride=(1, 1), bias=False)
              (bn3): BatchNorm2d(1024, eps=1e-05, momentum=0.1, affine=True, track_running_stats=True)
              (relu): ReLU(inplace=True)
            )
            (3): Bottleneck(
              (conv1): Conv2d(1024, 256, kernel_size=(1, 1), stride=(1, 1), bias=False)
              (bn1): BatchNorm2d(256, eps=1e-05, momentum=0.1, affine=True, track_running_stats=True)
              (conv2): Conv2d(256, 256, kernel_size=(3, 3), stride=(1, 1), padding=(1, 1), bias=False)
              (bn2): BatchNorm2d(256, eps=1e-05, momentum=0.1, affine=True, track_running_stats=True)
              (conv3): Conv2d(256, 1024, kernel_size=(1, 1), stride=(1, 1), bias=False)
              (bn3): BatchNorm2d(1024, eps=1e-05, momentum=0.1, affine=True, track_running_stats=True)
              (relu): ReLU(inplace=True)
            )
            (4): Bottleneck(
              (conv1): Conv2d(1024, 256, kernel_size=(1, 1), stride=(1, 1), bias=False)
              (bn1): BatchNorm2d(256, eps=1e-05, momentum=0.1, affine=True, track_running_stats=True)
              (conv2): Conv2d(256, 256, kernel_size=(3, 3), stride=(1, 1), padding=(1, 1), bias=False)
              (bn2): BatchNorm2d(256, eps=1e-05, momentum=0.1, affine=True, track_running_stats=True)
              (conv3): Conv2d(256, 1024, kernel_size=(1, 1), stride=(1, 1), bias=False)
              (bn3): BatchNorm2d(1024, eps=1e-05, momentum=0.1, affine=True, track_running_stats=True)
              (relu): ReLU(inplace=True)
            )
            (5): Bottleneck(
              (conv1): Conv2d(1024, 256, kernel_size=(1, 1), stride=(1, 1), bias=False)
              (bn1): BatchNorm2d(256, eps=1e-05, momentum=0.1, affine=True, track_running_stats=True)
              (conv2): Conv2d(256, 256, kernel_size=(3, 3), stride=(1, 1), padding=(1, 1), bias=False)
              (bn2): BatchNorm2d(256, eps=1e-05, momentum=0.1, affine=True, track_running_stats=True)
              (conv3): Conv2d(256, 1024, kernel_size=(1, 1), stride=(1, 1), bias=False)
              (bn3): BatchNorm2d(1024, eps=1e-05, momentum=0.1, affine=True, track_running_stats=True)
              (relu): ReLU(inplace=True)
            )
            (6): Bottleneck(
              (conv1): Conv2d(1024, 256, kernel_size=(1, 1), stride=(1, 1), bias=False)
              (bn1): BatchNorm2d(256, eps=1e-05, momentum=0.1, affine=True, track_running_stats=True)
              (conv2): Conv2d(256, 256, kernel_size=(3, 3), stride=(1, 1), padding=(1, 1), bias=False)
              (bn2): BatchNorm2d(256, eps=1e-05, momentum=0.1, affine=True, track_running_stats=True)
              (conv3): Conv2d(256, 1024, kernel_size=(1, 1), stride=(1, 1), bias=False)
              (bn3): BatchNorm2d(1024, eps=1e-05, momentum=0.1, affine=True, track_running_stats=True)
              (relu): ReLU(inplace=True)
            )
            (7): Bottleneck(
              (conv1): Conv2d(1024, 256, kernel_size=(1, 1), stride=(1, 1), bias=False)
              (bn1): BatchNorm2d(256, eps=1e-05, momentum=0.1, affine=True, track_running_stats=True)
              (conv2): Conv2d(256, 256, kernel_size=(3, 3), stride=(1, 1), padding=(1, 1), bias=False)
              (bn2): BatchNorm2d(256, eps=1e-05, momentum=0.1, affine=True, track_running_stats=True)
              (conv3): Conv2d(256, 1024, kernel_size=(1, 1), stride=(1, 1), bias=False)
              (bn3): BatchNorm2d(1024, eps=1e-05, momentum=0.1, affine=True, track_running_stats=True)
              (relu): ReLU(inplace=True)
            )
            (8): Bottleneck(
              (conv1): Conv2d(1024, 256, kernel_size=(1, 1), stride=(1, 1), bias=False)
              (bn1): BatchNorm2d(256, eps=1e-05, momentum=0.1, affine=True, track_running_stats=True)
              (conv2): Conv2d(256, 256, kernel_size=(3, 3), stride=(1, 1), padding=(1, 1), bias=False)
              (bn2): BatchNorm2d(256, eps=1e-05, momentum=0.1, affine=True, track_running_stats=True)
              (conv3): Conv2d(256, 1024, kernel_size=(1, 1), stride=(1, 1), bias=False)
              (bn3): BatchNorm2d(1024, eps=1e-05, momentum=0.1, affine=True, track_running_stats=True)
              (relu): ReLU(inplace=True)
            )
            (9): Bottleneck(
              (conv1): Conv2d(1024, 256, kernel_size=(1, 1), stride=(1, 1), bias=False)
              (bn1): BatchNorm2d(256, eps=1e-05, momentum=0.1, affine=True, track_running_stats=True)
              (conv2): Conv2d(256, 256, kernel_size=(3, 3), stride=(1, 1), padding=(1, 1), bias=False)
              (bn2): BatchNorm2d(256, eps=1e-05, momentum=0.1, affine=True, track_running_stats=True)
              (conv3): Conv2d(256, 1024, kernel_size=(1, 1), stride=(1, 1), bias=False)
              (bn3): BatchNorm2d(1024, eps=1e-05, momentum=0.1, affine=True, track_running_stats=True)
              (relu): ReLU(inplace=True)
            )
            (10): Bottleneck(
              (conv1): Conv2d(1024, 256, kernel_size=(1, 1), stride=(1, 1), bias=False)
              (bn1): BatchNorm2d(256, eps=1e-05, momentum=0.1, affine=True, track_running_stats=True)
              (conv2): Conv2d(256, 256, kernel_size=(3, 3), stride=(1, 1), padding=(1, 1), bias=False)
              (bn2): BatchNorm2d(256, eps=1e-05, momentum=0.1, affine=True, track_running_stats=True)
              (conv3): Conv2d(256, 1024, kernel_size=(1, 1), stride=(1, 1), bias=False)
              (bn3): BatchNorm2d(1024, eps=1e-05, momentum=0.1, affine=True, track_running_stats=True)
              (relu): ReLU(inplace=True)
            )
            (11): Bottleneck(
              (conv1): Conv2d(1024, 256, kernel_size=(1, 1), stride=(1, 1), bias=False)
              (bn1): BatchNorm2d(256, eps=1e-05, momentum=0.1, affine=True, track_running_stats=True)
              (conv2): Conv2d(256, 256, kernel_size=(3, 3), stride=(1, 1), padding=(1, 1), bias=False)
              (bn2): BatchNorm2d(256, eps=1e-05, momentum=0.1, affine=True, track_running_stats=True)
              (conv3): Conv2d(256, 1024, kernel_size=(1, 1), stride=(1, 1), bias=False)
              (bn3): BatchNorm2d(1024, eps=1e-05, momentum=0.1, affine=True, track_running_stats=True)
              (relu): ReLU(inplace=True)
            )
            (12): Bottleneck(
              (conv1): Conv2d(1024, 256, kernel_size=(1, 1), stride=(1, 1), bias=False)
              (bn1): BatchNorm2d(256, eps=1e-05, momentum=0.1, affine=True, track_running_stats=True)
              (conv2): Conv2d(256, 256, kernel_size=(3, 3), stride=(1, 1), padding=(1, 1), bias=False)
              (bn2): BatchNorm2d(256, eps=1e-05, momentum=0.1, affine=True, track_running_stats=True)
              (conv3): Conv2d(256, 1024, kernel_size=(1, 1), stride=(1, 1), bias=False)
              (bn3): BatchNorm2d(1024, eps=1e-05, momentum=0.1, affine=True, track_running_stats=True)
              (relu): ReLU(inplace=True)
            )
            (13): Bottleneck(
              (conv1): Conv2d(1024, 256, kernel_size=(1, 1), stride=(1, 1), bias=False)
              (bn1): BatchNorm2d(256, eps=1e-05, momentum=0.1, affine=True, track_running_stats=True)
              (conv2): Conv2d(256, 256, kernel_size=(3, 3), stride=(1, 1), padding=(1, 1), bias=False)
              (bn2): BatchNorm2d(256, eps=1e-05, momentum=0.1, affine=True, track_running_stats=True)
              (conv3): Conv2d(256, 1024, kernel_size=(1, 1), stride=(1, 1), bias=False)
              (bn3): BatchNorm2d(1024, eps=1e-05, momentum=0.1, affine=True, track_running_stats=True)
              (relu): ReLU(inplace=True)
            )
            (14): Bottleneck(
              (conv1): Conv2d(1024, 256, kernel_size=(1, 1), stride=(1, 1), bias=False)
              (bn1): BatchNorm2d(256, eps=1e-05, momentum=0.1, affine=True, track_running_stats=True)
              (conv2): Conv2d(256, 256, kernel_size=(3, 3), stride=(1, 1), padding=(1, 1), bias=False)
              (bn2): BatchNorm2d(256, eps=1e-05, momentum=0.1, affine=True, track_running_stats=True)
              (conv3): Conv2d(256, 1024, kernel_size=(1, 1), stride=(1, 1), bias=False)
              (bn3): BatchNorm2d(1024, eps=1e-05, momentum=0.1, affine=True, track_running_stats=True)
              (relu): ReLU(inplace=True)
            )
            (15): Bottleneck(
              (conv1): Conv2d(1024, 256, kernel_size=(1, 1), stride=(1, 1), bias=False)
              (bn1): BatchNorm2d(256, eps=1e-05, momentum=0.1, affine=True, track_running_stats=True)
              (conv2): Conv2d(256, 256, kernel_size=(3, 3), stride=(1, 1), padding=(1, 1), bias=False)
              (bn2): BatchNorm2d(256, eps=1e-05, momentum=0.1, affine=True, track_running_stats=True)
              (conv3): Conv2d(256, 1024, kernel_size=(1, 1), stride=(1, 1), bias=False)
              (bn3): BatchNorm2d(1024, eps=1e-05, momentum=0.1, affine=True, track_running_stats=True)
              (relu): ReLU(inplace=True)
            )
            (16): Bottleneck(
              (conv1): Conv2d(1024, 256, kernel_size=(1, 1), stride=(1, 1), bias=False)
              (bn1): BatchNorm2d(256, eps=1e-05, momentum=0.1, affine=True, track_running_stats=True)
              (conv2): Conv2d(256, 256, kernel_size=(3, 3), stride=(1, 1), padding=(1, 1), bias=False)
              (bn2): BatchNorm2d(256, eps=1e-05, momentum=0.1, affine=True, track_running_stats=True)
              (conv3): Conv2d(256, 1024, kernel_size=(1, 1), stride=(1, 1), bias=False)
              (bn3): BatchNorm2d(1024, eps=1e-05, momentum=0.1, affine=True, track_running_stats=True)
              (relu): ReLU(inplace=True)
            )
            (17): Bottleneck(
              (conv1): Conv2d(1024, 256, kernel_size=(1, 1), stride=(1, 1), bias=False)
              (bn1): BatchNorm2d(256, eps=1e-05, momentum=0.1, affine=True, track_running_stats=True)
              (conv2): Conv2d(256, 256, kernel_size=(3, 3), stride=(1, 1), padding=(1, 1), bias=False)
              (bn2): BatchNorm2d(256, eps=1e-05, momentum=0.1, affine=True, track_running_stats=True)
              (conv3): Conv2d(256, 1024, kernel_size=(1, 1), stride=(1, 1), bias=False)
              (bn3): BatchNorm2d(1024, eps=1e-05, momentum=0.1, affine=True, track_running_stats=True)
              (relu): ReLU(inplace=True)
            )
            (18): Bottleneck(
              (conv1): Conv2d(1024, 256, kernel_size=(1, 1), stride=(1, 1), bias=False)
              (bn1): BatchNorm2d(256, eps=1e-05, momentum=0.1, affine=True, track_running_stats=True)
              (conv2): Conv2d(256, 256, kernel_size=(3, 3), stride=(1, 1), padding=(1, 1), bias=False)
              (bn2): BatchNorm2d(256, eps=1e-05, momentum=0.1, affine=True, track_running_stats=True)
              (conv3): Conv2d(256, 1024, kernel_size=(1, 1), stride=(1, 1), bias=False)
              (bn3): BatchNorm2d(1024, eps=1e-05, momentum=0.1, affine=True, track_running_stats=True)
              (relu): ReLU(inplace=True)
            )
            (19): Bottleneck(
              (conv1): Conv2d(1024, 256, kernel_size=(1, 1), stride=(1, 1), bias=False)
              (bn1): BatchNorm2d(256, eps=1e-05, momentum=0.1, affine=True, track_running_stats=True)
              (conv2): Conv2d(256, 256, kernel_size=(3, 3), stride=(1, 1), padding=(1, 1), bias=False)
              (bn2): BatchNorm2d(256, eps=1e-05, momentum=0.1, affine=True, track_running_stats=True)
              (conv3): Conv2d(256, 1024, kernel_size=(1, 1), stride=(1, 1), bias=False)
              (bn3): BatchNorm2d(1024, eps=1e-05, momentum=0.1, affine=True, track_running_stats=True)
              (relu): ReLU(inplace=True)
            )
            (20): Bottleneck(
              (conv1): Conv2d(1024, 256, kernel_size=(1, 1), stride=(1, 1), bias=False)
              (bn1): BatchNorm2d(256, eps=1e-05, momentum=0.1, affine=True, track_running_stats=True)
              (conv2): Conv2d(256, 256, kernel_size=(3, 3), stride=(1, 1), padding=(1, 1), bias=False)
              (bn2): BatchNorm2d(256, eps=1e-05, momentum=0.1, affine=True, track_running_stats=True)
              (conv3): Conv2d(256, 1024, kernel_size=(1, 1), stride=(1, 1), bias=False)
              (bn3): BatchNorm2d(1024, eps=1e-05, momentum=0.1, affine=True, track_running_stats=True)
              (relu): ReLU(inplace=True)
            )
            (21): Bottleneck(
              (conv1): Conv2d(1024, 256, kernel_size=(1, 1), stride=(1, 1), bias=False)
              (bn1): BatchNorm2d(256, eps=1e-05, momentum=0.1, affine=True, track_running_stats=True)
              (conv2): Conv2d(256, 256, kernel_size=(3, 3), stride=(1, 1), padding=(1, 1), bias=False)
              (bn2): BatchNorm2d(256, eps=1e-05, momentum=0.1, affine=True, track_running_stats=True)
              (conv3): Conv2d(256, 1024, kernel_size=(1, 1), stride=(1, 1), bias=False)
              (bn3): BatchNorm2d(1024, eps=1e-05, momentum=0.1, affine=True, track_running_stats=True)
              (relu): ReLU(inplace=True)
            )
            (22): Bottleneck(
              (conv1): Conv2d(1024, 256, kernel_size=(1, 1), stride=(1, 1), bias=False)
              (bn1): BatchNorm2d(256, eps=1e-05, momentum=0.1, affine=True, track_running_stats=True)
              (conv2): Conv2d(256, 256, kernel_size=(3, 3), stride=(1, 1), padding=(1, 1), bias=False)
              (bn2): BatchNorm2d(256, eps=1e-05, momentum=0.1, affine=True, track_running_stats=True)
              (conv3): Conv2d(256, 1024, kernel_size=(1, 1), stride=(1, 1), bias=False)
              (bn3): BatchNorm2d(1024, eps=1e-05, momentum=0.1, affine=True, track_running_stats=True)
              (relu): ReLU(inplace=True)
            )
            (23): Bottleneck(
              (conv1): Conv2d(1024, 256, kernel_size=(1, 1), stride=(1, 1), bias=False)
              (bn1): BatchNorm2d(256, eps=1e-05, momentum=0.1, affine=True, track_running_stats=True)
              (conv2): Conv2d(256, 256, kernel_size=(3, 3), stride=(1, 1), padding=(1, 1), bias=False)
              (bn2): BatchNorm2d(256, eps=1e-05, momentum=0.1, affine=True, track_running_stats=True)
              (conv3): Conv2d(256, 1024, kernel_size=(1, 1), stride=(1, 1), bias=False)
              (bn3): BatchNorm2d(1024, eps=1e-05, momentum=0.1, affine=True, track_running_stats=True)
              (relu): ReLU(inplace=True)
            )
            (24): Bottleneck(
              (conv1): Conv2d(1024, 256, kernel_size=(1, 1), stride=(1, 1), bias=False)
              (bn1): BatchNorm2d(256, eps=1e-05, momentum=0.1, affine=True, track_running_stats=True)
              (conv2): Conv2d(256, 256, kernel_size=(3, 3), stride=(1, 1), padding=(1, 1), bias=False)
              (bn2): BatchNorm2d(256, eps=1e-05, momentum=0.1, affine=True, track_running_stats=True)
              (conv3): Conv2d(256, 1024, kernel_size=(1, 1), stride=(1, 1), bias=False)
              (bn3): BatchNorm2d(1024, eps=1e-05, momentum=0.1, affine=True, track_running_stats=True)
              (relu): ReLU(inplace=True)
            )
            (25): Bottleneck(
              (conv1): Conv2d(1024, 256, kernel_size=(1, 1), stride=(1, 1), bias=False)
              (bn1): BatchNorm2d(256, eps=1e-05, momentum=0.1, affine=True, track_running_stats=True)
              (conv2): Conv2d(256, 256, kernel_size=(3, 3), stride=(1, 1), padding=(1, 1), bias=False)
              (bn2): BatchNorm2d(256, eps=1e-05, momentum=0.1, affine=True, track_running_stats=True)
              (conv3): Conv2d(256, 1024, kernel_size=(1, 1), stride=(1, 1), bias=False)
              (bn3): BatchNorm2d(1024, eps=1e-05, momentum=0.1, affine=True, track_running_stats=True)
              (relu): ReLU(inplace=True)
            )
            (26): Bottleneck(
              (conv1): Conv2d(1024, 256, kernel_size=(1, 1), stride=(1, 1), bias=False)
              (bn1): BatchNorm2d(256, eps=1e-05, momentum=0.1, affine=True, track_running_stats=True)
              (conv2): Conv2d(256, 256, kernel_size=(3, 3), stride=(1, 1), padding=(1, 1), bias=False)
              (bn2): BatchNorm2d(256, eps=1e-05, momentum=0.1, affine=True, track_running_stats=True)
              (conv3): Conv2d(256, 1024, kernel_size=(1, 1), stride=(1, 1), bias=False)
              (bn3): BatchNorm2d(1024, eps=1e-05, momentum=0.1, affine=True, track_running_stats=True)
              (relu): ReLU(inplace=True)
            )
            (27): Bottleneck(
              (conv1): Conv2d(1024, 256, kernel_size=(1, 1), stride=(1, 1), bias=False)
              (bn1): BatchNorm2d(256, eps=1e-05, momentum=0.1, affine=True, track_running_stats=True)
              (conv2): Conv2d(256, 256, kernel_size=(3, 3), stride=(1, 1), padding=(1, 1), bias=False)
              (bn2): BatchNorm2d(256, eps=1e-05, momentum=0.1, affine=True, track_running_stats=True)
              (conv3): Conv2d(256, 1024, kernel_size=(1, 1), stride=(1, 1), bias=False)
              (bn3): BatchNorm2d(1024, eps=1e-05, momentum=0.1, affine=True, track_running_stats=True)
              (relu): ReLU(inplace=True)
            )
            (28): Bottleneck(
              (conv1): Conv2d(1024, 256, kernel_size=(1, 1), stride=(1, 1), bias=False)
              (bn1): BatchNorm2d(256, eps=1e-05, momentum=0.1, affine=True, track_running_stats=True)
              (conv2): Conv2d(256, 256, kernel_size=(3, 3), stride=(1, 1), padding=(1, 1), bias=False)
              (bn2): BatchNorm2d(256, eps=1e-05, momentum=0.1, affine=True, track_running_stats=True)
              (conv3): Conv2d(256, 1024, kernel_size=(1, 1), stride=(1, 1), bias=False)
              (bn3): BatchNorm2d(1024, eps=1e-05, momentum=0.1, affine=True, track_running_stats=True)
              (relu): ReLU(inplace=True)
            )
            (29): Bottleneck(
              (conv1): Conv2d(1024, 256, kernel_size=(1, 1), stride=(1, 1), bias=False)
              (bn1): BatchNorm2d(256, eps=1e-05, momentum=0.1, affine=True, track_running_stats=True)
              (conv2): Conv2d(256, 256, kernel_size=(3, 3), stride=(1, 1), padding=(1, 1), bias=False)
              (bn2): BatchNorm2d(256, eps=1e-05, momentum=0.1, affine=True, track_running_stats=True)
              (conv3): Conv2d(256, 1024, kernel_size=(1, 1), stride=(1, 1), bias=False)
              (bn3): BatchNorm2d(1024, eps=1e-05, momentum=0.1, affine=True, track_running_stats=True)
              (relu): ReLU(inplace=True)
            )
            (30): Bottleneck(
              (conv1): Conv2d(1024, 256, kernel_size=(1, 1), stride=(1, 1), bias=False)
              (bn1): BatchNorm2d(256, eps=1e-05, momentum=0.1, affine=True, track_running_stats=True)
              (conv2): Conv2d(256, 256, kernel_size=(3, 3), stride=(1, 1), padding=(1, 1), bias=False)
              (bn2): BatchNorm2d(256, eps=1e-05, momentum=0.1, affine=True, track_running_stats=True)
              (conv3): Conv2d(256, 1024, kernel_size=(1, 1), stride=(1, 1), bias=False)
              (bn3): BatchNorm2d(1024, eps=1e-05, momentum=0.1, affine=True, track_running_stats=True)
              (relu): ReLU(inplace=True)
            )
            (31): Bottleneck(
              (conv1): Conv2d(1024, 256, kernel_size=(1, 1), stride=(1, 1), bias=False)
              (bn1): BatchNorm2d(256, eps=1e-05, momentum=0.1, affine=True, track_running_stats=True)
              (conv2): Conv2d(256, 256, kernel_size=(3, 3), stride=(1, 1), padding=(1, 1), bias=False)
              (bn2): BatchNorm2d(256, eps=1e-05, momentum=0.1, affine=True, track_running_stats=True)
              (conv3): Conv2d(256, 1024, kernel_size=(1, 1), stride=(1, 1), bias=False)
              (bn3): BatchNorm2d(1024, eps=1e-05, momentum=0.1, affine=True, track_running_stats=True)
              (relu): ReLU(inplace=True)
            )
            (32): Bottleneck(
              (conv1): Conv2d(1024, 256, kernel_size=(1, 1), stride=(1, 1), bias=False)
              (bn1): BatchNorm2d(256, eps=1e-05, momentum=0.1, affine=True, track_running_stats=True)
              (conv2): Conv2d(256, 256, kernel_size=(3, 3), stride=(1, 1), padding=(1, 1), bias=False)
              (bn2): BatchNorm2d(256, eps=1e-05, momentum=0.1, affine=True, track_running_stats=True)
              (conv3): Conv2d(256, 1024, kernel_size=(1, 1), stride=(1, 1), bias=False)
              (bn3): BatchNorm2d(1024, eps=1e-05, momentum=0.1, affine=True, track_running_stats=True)
              (relu): ReLU(inplace=True)
            )
            (33): Bottleneck(
              (conv1): Conv2d(1024, 256, kernel_size=(1, 1), stride=(1, 1), bias=False)
              (bn1): BatchNorm2d(256, eps=1e-05, momentum=0.1, affine=True, track_running_stats=True)
              (conv2): Conv2d(256, 256, kernel_size=(3, 3), stride=(1, 1), padding=(1, 1), bias=False)
              (bn2): BatchNorm2d(256, eps=1e-05, momentum=0.1, affine=True, track_running_stats=True)
              (conv3): Conv2d(256, 1024, kernel_size=(1, 1), stride=(1, 1), bias=False)
              (bn3): BatchNorm2d(1024, eps=1e-05, momentum=0.1, affine=True, track_running_stats=True)
              (relu): ReLU(inplace=True)
            )
            (34): Bottleneck(
              (conv1): Conv2d(1024, 256, kernel_size=(1, 1), stride=(1, 1), bias=False)
              (bn1): BatchNorm2d(256, eps=1e-05, momentum=0.1, affine=True, track_running_stats=True)
              (conv2): Conv2d(256, 256, kernel_size=(3, 3), stride=(1, 1), padding=(1, 1), bias=False)
              (bn2): BatchNorm2d(256, eps=1e-05, momentum=0.1, affine=True, track_running_stats=True)
              (conv3): Conv2d(256, 1024, kernel_size=(1, 1), stride=(1, 1), bias=False)
              (bn3): BatchNorm2d(1024, eps=1e-05, momentum=0.1, affine=True, track_running_stats=True)
              (relu): ReLU(inplace=True)
            )
            (35): Bottleneck(
              (conv1): Conv2d(1024, 256, kernel_size=(1, 1), stride=(1, 1), bias=False)
              (bn1): BatchNorm2d(256, eps=1e-05, momentum=0.1, affine=True, track_running_stats=True)
              (conv2): Conv2d(256, 256, kernel_size=(3, 3), stride=(1, 1), padding=(1, 1), bias=False)
              (bn2): BatchNorm2d(256, eps=1e-05, momentum=0.1, affine=True, track_running_stats=True)
              (conv3): Conv2d(256, 1024, kernel_size=(1, 1), stride=(1, 1), bias=False)
              (bn3): BatchNorm2d(1024, eps=1e-05, momentum=0.1, affine=True, track_running_stats=True)
              (relu): ReLU(inplace=True)
            )
          )
          (7): Sequential(
            (0): Bottleneck(
              (conv1): Conv2d(1024, 512, kernel_size=(1, 1), stride=(1, 1), bias=False)
              (bn1): BatchNorm2d(512, eps=1e-05, momentum=0.1, affine=True, track_running_stats=True)
              (conv2): Conv2d(512, 512, kernel_size=(3, 3), stride=(2, 2), padding=(1, 1), bias=False)
              (bn2): BatchNorm2d(512, eps=1e-05, momentum=0.1, affine=True, track_running_stats=True)
              (conv3): Conv2d(512, 2048, kernel_size=(1, 1), stride=(1, 1), bias=False)
              (bn3): BatchNorm2d(2048, eps=1e-05, momentum=0.1, affine=True, track_running_stats=True)
              (relu): ReLU(inplace=True)
              (downsample): Sequential(
                (0): Conv2d(1024, 2048, kernel_size=(1, 1), stride=(2, 2), bias=False)
                (1): BatchNorm2d(2048, eps=1e-05, momentum=0.1, affine=True, track_running_stats=True)
              )
            )
            (1): Bottleneck(
              (conv1): Conv2d(2048, 512, kernel_size=(1, 1), stride=(1, 1), bias=False)
              (bn1): BatchNorm2d(512, eps=1e-05, momentum=0.1, affine=True, track_running_stats=True)
              (conv2): Conv2d(512, 512, kernel_size=(3, 3), stride=(1, 1), padding=(1, 1), bias=False)
              (bn2): BatchNorm2d(512, eps=1e-05, momentum=0.1, affine=True, track_running_stats=True)
              (conv3): Conv2d(512, 2048, kernel_size=(1, 1), stride=(1, 1), bias=False)
              (bn3): BatchNorm2d(2048, eps=1e-05, momentum=0.1, affine=True, track_running_stats=True)
              (relu): ReLU(inplace=True)
            )
            (2): Bottleneck(
              (conv1): Conv2d(2048, 512, kernel_size=(1, 1), stride=(1, 1), bias=False)
              (bn1): BatchNorm2d(512, eps=1e-05, momentum=0.1, affine=True, track_running_stats=True)
              (conv2): Conv2d(512, 512, kernel_size=(3, 3), stride=(1, 1), padding=(1, 1), bias=False)
              (bn2): BatchNorm2d(512, eps=1e-05, momentum=0.1, affine=True, track_running_stats=True)
              (conv3): Conv2d(512, 2048, kernel_size=(1, 1), stride=(1, 1), bias=False)
              (bn3): BatchNorm2d(2048, eps=1e-05, momentum=0.1, affine=True, track_running_stats=True)
              (relu): ReLU(inplace=True)
            )
          )
        )
        (pool): AdaptiveAvgPool2d(output_size=(1, 1))
      )
    )
    (classifier): MLPClassifer(
      (layers): ModuleList(
        (0): Linear(in_features=2048, out_features=768, bias=True)
        (1): BatchNorm1d(768, eps=1e-05, momentum=0.1, affine=True, track_running_stats=True)
        (2): ReLU()
        (3): Dropout(p=0.5, inplace=False)
        (4): Linear(in_features=768, out_features=768, bias=True)
        (5): BatchNorm1d(768, eps=1e-05, momentum=0.1, affine=True, track_running_stats=True)
        (6): ReLU()
        (7): Dropout(p=0.5, inplace=False)
        (8): Linear(in_features=768, out_features=2, bias=True)
      )
    )
    (losses): Losses()
  )
)
2021-08-17T09:17:31 | INFO | mmf.train : Total Parameters: 60312642. Trained Parameters: 60312642
2021-08-17T09:17:31 | INFO | mmf.train : Starting training...
2021-08-17T09:17:40 | WARNING | py.warnings : /pytorch/torch/csrc/utils/python_arg_parser.cpp:756: UserWarning: This overload of add_ is deprecated:
	add_(Number alpha, Tensor other)
Consider using one of the following signatures instead:
	add_(Tensor other, *, Number alpha)

2021-08-17T09:17:41 | WARNING | py.warnings : /home/phermida/anaconda3/envs/mmf/lib/python3.7/site-packages/mmf/utils/distributed.py:263: UserWarning: The epoch parameter in `scheduler.step()` was not necessary and is being deprecated where possible. Please use `scheduler.step()` to step the scheduler. During the deprecation, if epoch is different from None, the closed form is used instead of the new chainable form, where available. Please open an issue if you are unable to replicate your use case: https://github.com/pytorch/pytorch/issues/new/choose.
  builtin_warn(*args, **kwargs)

2021-08-17T09:18:38 | INFO | mmf.train : progress: 100/10000, train/total_loss: 0.7350, train/total_loss/avg: 0.7350, train/hateful_memes/cross_entropy: 0.7350, train/hateful_memes/cross_entropy/avg: 0.7350, max mem: 5244.0, experiment: run, epoch: 5, num_updates: 100, iterations: 100, max_updates: 10000, lr: 0., ups: 1.49, time: 01m 07s 081ms, time_since_start: 01m 14s 765ms, eta: 01h 50m 41s 098ms
2021-08-17T09:19:35 | INFO | mmf.train : progress: 200/10000, train/total_loss: 0.7350, train/total_loss/avg: 0.7558, train/hateful_memes/cross_entropy: 0.7350, train/hateful_memes/cross_entropy/avg: 0.7558, max mem: 5244.0, experiment: run, epoch: 9, num_updates: 200, iterations: 200, max_updates: 10000, lr: 0., ups: 1.75, time: 57s 292ms, time_since_start: 02m 12s 058ms, eta: 01h 33m 34s 657ms
2021-08-17T09:20:33 | INFO | mmf.train : progress: 300/10000, train/total_loss: 0.7396, train/total_loss/avg: 0.7504, train/hateful_memes/cross_entropy: 0.7396, train/hateful_memes/cross_entropy/avg: 0.7504, max mem: 5244.0, experiment: run, epoch: 13, num_updates: 300, iterations: 300, max_updates: 10000, lr: 0., ups: 1.75, time: 57s 817ms, time_since_start: 03m 09s 876ms, eta: 01h 33m 28s 343ms
2021-08-17T09:21:31 | INFO | mmf.train : progress: 400/10000, train/total_loss: 0.7396, train/total_loss/avg: 0.7734, train/hateful_memes/cross_entropy: 0.7396, train/hateful_memes/cross_entropy/avg: 0.7734, max mem: 5244.0, experiment: run, epoch: 17, num_updates: 400, iterations: 400, max_updates: 10000, lr: 0., ups: 1.72, time: 58s 028ms, time_since_start: 04m 07s 904ms, eta: 01h 32m 50s 697ms
2021-08-17T09:22:29 | INFO | mmf.train : progress: 500/10000, train/total_loss: 0.7396, train/total_loss/avg: 0.7575, train/hateful_memes/cross_entropy: 0.7396, train/hateful_memes/cross_entropy/avg: 0.7575, max mem: 5244.0, experiment: run, epoch: 21, num_updates: 500, iterations: 500, max_updates: 10000, lr: 0., ups: 1.75, time: 57s 726ms, time_since_start: 05m 05s 630ms, eta: 01h 31m 24s 023ms
2021-08-17T09:23:27 | INFO | mmf.train : progress: 600/10000, train/total_loss: 0.7350, train/total_loss/avg: 0.7364, train/hateful_memes/cross_entropy: 0.7350, train/hateful_memes/cross_entropy/avg: 0.7364, max mem: 5244.0, experiment: run, epoch: 25, num_updates: 600, iterations: 600, max_updates: 10000, lr: 0., ups: 1.75, time: 57s 954ms, time_since_start: 06m 03s 585ms, eta: 01h 30m 47s 692ms
2021-08-17T09:24:25 | INFO | mmf.train : progress: 700/10000, train/total_loss: 0.7350, train/total_loss/avg: 0.7304, train/hateful_memes/cross_entropy: 0.7350, train/hateful_memes/cross_entropy/avg: 0.7304, max mem: 5244.0, experiment: run, epoch: 29, num_updates: 700, iterations: 700, max_updates: 10000, lr: 0., ups: 1.72, time: 58s 356ms, time_since_start: 07m 01s 941ms, eta: 01h 30m 27s 115ms
2021-08-17T09:25:23 | INFO | mmf.train : progress: 800/10000, train/total_loss: 0.7106, train/total_loss/avg: 0.7279, train/hateful_memes/cross_entropy: 0.7106, train/hateful_memes/cross_entropy/avg: 0.7279, max mem: 5244.0, experiment: run, epoch: 33, num_updates: 800, iterations: 800, max_updates: 10000, lr: 0., ups: 1.75, time: 57s 407ms, time_since_start: 07m 59s 348ms, eta: 01h 28m 01s 497ms
2021-08-17T09:26:29 | INFO | mmf.train : progress: 900/10000, train/total_loss: 0.7155, train/total_loss/avg: 0.7265, train/hateful_memes/cross_entropy: 0.7155, train/hateful_memes/cross_entropy/avg: 0.7265, max mem: 5244.0, experiment: run, epoch: 41, num_updates: 900, iterations: 900, max_updates: 10000, lr: 0., ups: 1.52, time: 01m 06s 653ms, time_since_start: 09m 06s 002ms, eta: 01h 41m 05s 443ms
2021-08-17T09:27:27 | INFO | mmf.train : progress: 1000/10000, train/total_loss: 0.7106, train/total_loss/avg: 0.7162, train/hateful_memes/cross_entropy: 0.7106, train/hateful_memes/cross_entropy/avg: 0.7162, max mem: 5244.0, experiment: run, epoch: 45, num_updates: 1000, iterations: 1000, max_updates: 10000, lr: 0., ups: 1.75, time: 57s 391ms, time_since_start: 10m 03s 393ms, eta: 01h 26m 05s 221ms
2021-08-17T09:27:27 | INFO | mmf.train : Checkpoint time. Saving a checkpoint.
2021-08-17T09:27:28 | INFO | mmf.train : Evaluation time. Running on full validation set...
2021-08-17T09:27:41 | INFO | mmf.train : progress: 1000/10000, val/total_loss: 0.7506, val/hateful_memes/cross_entropy: 0.7506, val/hateful_memes/accuracy: 0.4980, val/hateful_memes/binary_f1: 0.2340, val/hateful_memes/roc_auc: 0.4971, num_updates: 1000, epoch: 45, iterations: 1000, max_updates: 10000, val_time: 08s 599ms, best_update: 1000, best_iteration: 1000, best_val/hateful_memes/roc_auc: 0.497112
2021-08-17T09:27:42 | WARNING | py.warnings : /home/phermida/anaconda3/envs/mmf/lib/python3.7/site-packages/mmf/utils/distributed.py:263: UserWarning: The epoch parameter in `scheduler.step()` was not necessary and is being deprecated where possible. Please use `scheduler.step()` to step the scheduler. During the deprecation, if epoch is different from None, the closed form is used instead of the new chainable form, where available. Please open an issue if you are unable to replicate your use case: https://github.com/pytorch/pytorch/issues/new/choose.
  builtin_warn(*args, **kwargs)

2021-08-17T09:28:39 | INFO | mmf.train : progress: 1100/10000, train/total_loss: 0.7106, train/total_loss/avg: 0.7026, train/hateful_memes/cross_entropy: 0.7106, train/hateful_memes/cross_entropy/avg: 0.7026, max mem: 5244.0, experiment: run, epoch: 49, num_updates: 1100, iterations: 1100, max_updates: 10000, lr: 0.00001, ups: 1.75, time: 57s 963ms, time_since_start: 11m 16s 073ms, eta: 01h 25m 58s 774ms
2021-08-17T09:29:37 | INFO | mmf.train : progress: 1200/10000, train/total_loss: 0.6941, train/total_loss/avg: 0.6875, train/hateful_memes/cross_entropy: 0.6941, train/hateful_memes/cross_entropy/avg: 0.6875, max mem: 5244.0, experiment: run, epoch: 53, num_updates: 1200, iterations: 1200, max_updates: 10000, lr: 0.00001, ups: 1.75, time: 57s 577ms, time_since_start: 12m 13s 651ms, eta: 01h 24m 26s 857ms
2021-08-17T09:30:35 | INFO | mmf.train : progress: 1300/10000, train/total_loss: 0.6941, train/total_loss/avg: 0.6739, train/hateful_memes/cross_entropy: 0.6941, train/hateful_memes/cross_entropy/avg: 0.6739, max mem: 5244.0, experiment: run, epoch: 57, num_updates: 1300, iterations: 1300, max_updates: 10000, lr: 0.00001, ups: 1.75, time: 57s 616ms, time_since_start: 13m 11s 267ms, eta: 01h 23m 32s 608ms
2021-08-17T09:31:33 | INFO | mmf.train : progress: 1400/10000, train/total_loss: 0.6940, train/total_loss/avg: 0.6587, train/hateful_memes/cross_entropy: 0.6940, train/hateful_memes/cross_entropy/avg: 0.6587, max mem: 5244.0, experiment: run, epoch: 61, num_updates: 1400, iterations: 1400, max_updates: 10000, lr: 0.00001, ups: 1.72, time: 58s 047ms, time_since_start: 14m 09s 315ms, eta: 01h 23m 12s 129ms
2021-08-17T09:32:30 | INFO | mmf.train : progress: 1500/10000, train/total_loss: 0.6940, train/total_loss/avg: 0.6448, train/hateful_memes/cross_entropy: 0.6940, train/hateful_memes/cross_entropy/avg: 0.6448, max mem: 5244.0, experiment: run, epoch: 65, num_updates: 1500, iterations: 1500, max_updates: 10000, lr: 0.00001, ups: 1.75, time: 57s 375ms, time_since_start: 15m 06s 690ms, eta: 01h 21m 16s 879ms
2021-08-17T09:33:28 | INFO | mmf.train : progress: 1600/10000, train/total_loss: 0.6310, train/total_loss/avg: 0.6270, train/hateful_memes/cross_entropy: 0.6310, train/hateful_memes/cross_entropy/avg: 0.6270, max mem: 5244.0, experiment: run, epoch: 69, num_updates: 1600, iterations: 1600, max_updates: 10000, lr: 0.00001, ups: 1.75, time: 57s 917ms, time_since_start: 16m 04s 607ms, eta: 01h 21m 05s 058ms
2021-08-17T09:34:34 | INFO | mmf.train : progress: 1700/10000, train/total_loss: 0.6310, train/total_loss/avg: 0.6005, train/hateful_memes/cross_entropy: 0.6310, train/hateful_memes/cross_entropy/avg: 0.6005, max mem: 5244.0, experiment: run, epoch: 77, num_updates: 1700, iterations: 1700, max_updates: 10000, lr: 0.00001, ups: 1.54, time: 01m 05s 948ms, time_since_start: 17m 10s 555ms, eta: 01h 31m 13s 688ms
2021-08-17T09:35:31 | INFO | mmf.train : progress: 1800/10000, train/total_loss: 0.6234, train/total_loss/avg: 0.5739, train/hateful_memes/cross_entropy: 0.6234, train/hateful_memes/cross_entropy/avg: 0.5739, max mem: 5244.0, experiment: run, epoch: 81, num_updates: 1800, iterations: 1800, max_updates: 10000, lr: 0.00001, ups: 1.75, time: 57s 642ms, time_since_start: 18m 08s 198ms, eta: 01h 18m 46s 705ms
2021-08-17T09:36:30 | INFO | mmf.train : progress: 1900/10000, train/total_loss: 0.6234, train/total_loss/avg: 0.5504, train/hateful_memes/cross_entropy: 0.6234, train/hateful_memes/cross_entropy/avg: 0.5504, max mem: 5244.0, experiment: run, epoch: 85, num_updates: 1900, iterations: 1900, max_updates: 10000, lr: 0.00001, ups: 1.72, time: 58s 143ms, time_since_start: 19m 06s 342ms, eta: 01h 18m 29s 611ms
2021-08-17T09:37:28 | INFO | mmf.train : progress: 2000/10000, train/total_loss: 0.5667, train/total_loss/avg: 0.5269, train/hateful_memes/cross_entropy: 0.5667, train/hateful_memes/cross_entropy/avg: 0.5269, max mem: 5244.0, experiment: run, epoch: 89, num_updates: 2000, iterations: 2000, max_updates: 10000, lr: 0.00001, ups: 1.72, time: 58s 018ms, time_since_start: 20m 04s 360ms, eta: 01h 17m 21s 463ms
2021-08-17T09:37:28 | INFO | mmf.train : Checkpoint time. Saving a checkpoint.
2021-08-17T09:37:30 | INFO | mmf.train : Evaluation time. Running on full validation set...
2021-08-17T09:37:43 | INFO | mmf.train : progress: 2000/10000, val/total_loss: 1.4279, val/hateful_memes/cross_entropy: 1.4279, val/hateful_memes/accuracy: 0.4780, val/hateful_memes/binary_f1: 0.3344, val/hateful_memes/roc_auc: 0.4654, num_updates: 2000, epoch: 89, iterations: 2000, max_updates: 10000, val_time: 08s 950ms, best_update: 1000, best_iteration: 1000, best_val/hateful_memes/roc_auc: 0.497112
2021-08-17T09:37:44 | WARNING | py.warnings : /home/phermida/anaconda3/envs/mmf/lib/python3.7/site-packages/mmf/utils/distributed.py:263: UserWarning: The epoch parameter in `scheduler.step()` was not necessary and is being deprecated where possible. Please use `scheduler.step()` to step the scheduler. During the deprecation, if epoch is different from None, the closed form is used instead of the new chainable form, where available. Please open an issue if you are unable to replicate your use case: https://github.com/pytorch/pytorch/issues/new/choose.
  builtin_warn(*args, **kwargs)

2021-08-17T09:38:41 | INFO | mmf.train : progress: 2100/10000, train/total_loss: 0.5213, train/total_loss/avg: 0.5062, train/hateful_memes/cross_entropy: 0.5213, train/hateful_memes/cross_entropy/avg: 0.5062, max mem: 5244.0, experiment: run, epoch: 93, num_updates: 2100, iterations: 2100, max_updates: 10000, lr: 0.00001, ups: 1.75, time: 57s 355ms, time_since_start: 21m 17s 300ms, eta: 01h 15m 31s 054ms
2021-08-17T09:39:38 | INFO | mmf.train : progress: 2200/10000, train/total_loss: 0.5108, train/total_loss/avg: 0.4876, train/hateful_memes/cross_entropy: 0.5108, train/hateful_memes/cross_entropy/avg: 0.4876, max mem: 5244.0, experiment: run, epoch: 97, num_updates: 2200, iterations: 2200, max_updates: 10000, lr: 0.00001, ups: 1.75, time: 57s 696ms, time_since_start: 22m 14s 996ms, eta: 01h 15m 298ms
2021-08-17T09:40:36 | INFO | mmf.train : progress: 2300/10000, train/total_loss: 0.4604, train/total_loss/avg: 0.4677, train/hateful_memes/cross_entropy: 0.4604, train/hateful_memes/cross_entropy/avg: 0.4677, max mem: 5244.0, experiment: run, epoch: 101, num_updates: 2300, iterations: 2300, max_updates: 10000, lr: 0.00001, ups: 1.75, time: 57s 694ms, time_since_start: 23m 12s 691ms, eta: 01h 14m 02s 471ms
2021-08-17T09:41:34 | INFO | mmf.train : progress: 2400/10000, train/total_loss: 0.4505, train/total_loss/avg: 0.4516, train/hateful_memes/cross_entropy: 0.4505, train/hateful_memes/cross_entropy/avg: 0.4516, max mem: 5244.0, experiment: run, epoch: 105, num_updates: 2400, iterations: 2400, max_updates: 10000, lr: 0.00001, ups: 1.72, time: 58s 044ms, time_since_start: 24m 10s 735ms, eta: 01h 13m 31s 390ms
2021-08-17T09:42:40 | INFO | mmf.train : progress: 2500/10000, train/total_loss: 0.3595, train/total_loss/avg: 0.4346, train/hateful_memes/cross_entropy: 0.3595, train/hateful_memes/cross_entropy/avg: 0.4346, max mem: 5244.0, experiment: run, epoch: 113, num_updates: 2500, iterations: 2500, max_updates: 10000, lr: 0.00001, ups: 1.52, time: 01m 06s 150ms, time_since_start: 25m 16s 886ms, eta: 01h 22m 41s 254ms
2021-08-17T09:43:38 | INFO | mmf.train : progress: 2600/10000, train/total_loss: 0.1778, train/total_loss/avg: 0.4189, train/hateful_memes/cross_entropy: 0.1778, train/hateful_memes/cross_entropy/avg: 0.4189, max mem: 5244.0, experiment: run, epoch: 117, num_updates: 2600, iterations: 2600, max_updates: 10000, lr: 0.00001, ups: 1.75, time: 57s 863ms, time_since_start: 26m 14s 749ms, eta: 01h 11m 21s 928ms
2021-08-17T09:44:36 | INFO | mmf.train : progress: 2700/10000, train/total_loss: 0.1279, train/total_loss/avg: 0.4055, train/hateful_memes/cross_entropy: 0.1279, train/hateful_memes/cross_entropy/avg: 0.4055, max mem: 5244.0, experiment: run, epoch: 121, num_updates: 2700, iterations: 2700, max_updates: 10000, lr: 0.00001, ups: 1.75, time: 57s 714ms, time_since_start: 27m 12s 464ms, eta: 01h 10m 13s 175ms
2021-08-17T09:45:34 | INFO | mmf.train : progress: 2800/10000, train/total_loss: 0.1206, train/total_loss/avg: 0.3916, train/hateful_memes/cross_entropy: 0.1206, train/hateful_memes/cross_entropy/avg: 0.3916, max mem: 5244.0, experiment: run, epoch: 125, num_updates: 2800, iterations: 2800, max_updates: 10000, lr: 0.00001, ups: 1.72, time: 58s 006ms, time_since_start: 28m 10s 470ms, eta: 01h 09m 36s 448ms
2021-08-17T09:46:32 | INFO | mmf.train : progress: 2900/10000, train/total_loss: 0.0955, train/total_loss/avg: 0.3783, train/hateful_memes/cross_entropy: 0.0955, train/hateful_memes/cross_entropy/avg: 0.3783, max mem: 5244.0, experiment: run, epoch: 129, num_updates: 2900, iterations: 2900, max_updates: 10000, lr: 0.00001, ups: 1.75, time: 57s 959ms, time_since_start: 29m 08s 430ms, eta: 01h 08m 35s 120ms
2021-08-17T09:47:29 | INFO | mmf.train : progress: 3000/10000, train/total_loss: 0.0926, train/total_loss/avg: 0.3664, train/hateful_memes/cross_entropy: 0.0926, train/hateful_memes/cross_entropy/avg: 0.3664, max mem: 5244.0, experiment: run, epoch: 133, num_updates: 3000, iterations: 3000, max_updates: 10000, lr: 0.00001, ups: 1.75, time: 57s 663ms, time_since_start: 30m 06s 093ms, eta: 01h 07m 16s 416ms
2021-08-17T09:47:29 | INFO | mmf.train : Checkpoint time. Saving a checkpoint.
2021-08-17T09:47:32 | INFO | mmf.train : Evaluation time. Running on full validation set...
2021-08-17T09:47:45 | INFO | mmf.train : progress: 3000/10000, val/total_loss: 1.8391, val/hateful_memes/cross_entropy: 1.8391, val/hateful_memes/accuracy: 0.4940, val/hateful_memes/binary_f1: 0.2985, val/hateful_memes/roc_auc: 0.4656, num_updates: 3000, epoch: 133, iterations: 3000, max_updates: 10000, val_time: 08s 727ms, best_update: 1000, best_iteration: 1000, best_val/hateful_memes/roc_auc: 0.497112
2021-08-17T09:47:45 | WARNING | py.warnings : /home/phermida/anaconda3/envs/mmf/lib/python3.7/site-packages/mmf/utils/distributed.py:263: UserWarning: The epoch parameter in `scheduler.step()` was not necessary and is being deprecated where possible. Please use `scheduler.step()` to step the scheduler. During the deprecation, if epoch is different from None, the closed form is used instead of the new chainable form, where available. Please open an issue if you are unable to replicate your use case: https://github.com/pytorch/pytorch/issues/new/choose.
  builtin_warn(*args, **kwargs)

2021-08-17T09:48:43 | INFO | mmf.train : progress: 3100/10000, train/total_loss: 0.0830, train/total_loss/avg: 0.3549, train/hateful_memes/cross_entropy: 0.0830, train/hateful_memes/cross_entropy/avg: 0.3549, max mem: 5244.0, experiment: run, epoch: 137, num_updates: 3100, iterations: 3100, max_updates: 10000, lr: 0.00001, ups: 1.72, time: 58s 455ms, time_since_start: 31m 20s 006ms, eta: 01h 07m 13s 455ms
2021-08-17T09:49:41 | INFO | mmf.train : progress: 3200/10000, train/total_loss: 0.0807, train/total_loss/avg: 0.3450, train/hateful_memes/cross_entropy: 0.0807, train/hateful_memes/cross_entropy/avg: 0.3450, max mem: 5244.0, experiment: run, epoch: 141, num_updates: 3200, iterations: 3200, max_updates: 10000, lr: 0.00001, ups: 1.75, time: 57s 744ms, time_since_start: 32m 17s 751ms, eta: 01h 05m 26s 617ms
2021-08-17T09:50:47 | INFO | mmf.train : progress: 3300/10000, train/total_loss: 0.0570, train/total_loss/avg: 0.3348, train/hateful_memes/cross_entropy: 0.0570, train/hateful_memes/cross_entropy/avg: 0.3348, max mem: 5244.0, experiment: run, epoch: 149, num_updates: 3300, iterations: 3300, max_updates: 10000, lr: 0.00001, ups: 1.52, time: 01m 06s 325ms, time_since_start: 33m 24s 076ms, eta: 01h 14m 03s 795ms
2021-08-17T09:51:45 | INFO | mmf.train : progress: 3400/10000, train/total_loss: 0.0377, train/total_loss/avg: 0.3252, train/hateful_memes/cross_entropy: 0.0377, train/hateful_memes/cross_entropy/avg: 0.3252, max mem: 5244.0, experiment: run, epoch: 153, num_updates: 3400, iterations: 3400, max_updates: 10000, lr: 0.00001, ups: 1.75, time: 57s 840ms, time_since_start: 34m 21s 917ms, eta: 01h 03m 37s 466ms
2021-08-17T09:52:42 | INFO | mmf.train : progress: 3500/10000, train/total_loss: 0.0377, train/total_loss/avg: 0.3174, train/hateful_memes/cross_entropy: 0.0377, train/hateful_memes/cross_entropy/avg: 0.3174, max mem: 5244.0, experiment: run, epoch: 157, num_updates: 3500, iterations: 3500, max_updates: 10000, lr: 0.00001, ups: 1.75, time: 57s 249ms, time_since_start: 35m 19s 166ms, eta: 01h 02m 01s 188ms
2021-08-17T09:53:41 | INFO | mmf.train : progress: 3600/10000, train/total_loss: 0.0294, train/total_loss/avg: 0.3088, train/hateful_memes/cross_entropy: 0.0294, train/hateful_memes/cross_entropy/avg: 0.3088, max mem: 5244.0, experiment: run, epoch: 161, num_updates: 3600, iterations: 3600, max_updates: 10000, lr: 0.00001, ups: 1.72, time: 58s 197ms, time_since_start: 36m 17s 363ms, eta: 01h 02m 04s 619ms
2021-08-17T09:54:39 | INFO | mmf.train : progress: 3700/10000, train/total_loss: 0.0275, train/total_loss/avg: 0.3006, train/hateful_memes/cross_entropy: 0.0275, train/hateful_memes/cross_entropy/avg: 0.3006, max mem: 5244.0, experiment: run, epoch: 165, num_updates: 3700, iterations: 3700, max_updates: 10000, lr: 0.00001, ups: 1.75, time: 57s 930ms, time_since_start: 37m 15s 293ms, eta: 01h 49s 594ms
2021-08-17T09:55:37 | INFO | mmf.train : progress: 3800/10000, train/total_loss: 0.0251, train/total_loss/avg: 0.2931, train/hateful_memes/cross_entropy: 0.0251, train/hateful_memes/cross_entropy/avg: 0.2931, max mem: 5244.0, experiment: run, epoch: 169, num_updates: 3800, iterations: 3800, max_updates: 10000, lr: 0.00001, ups: 1.75, time: 57s 942ms, time_since_start: 38m 13s 236ms, eta: 59m 52s 450ms
2021-08-17T09:56:34 | INFO | mmf.train : progress: 3900/10000, train/total_loss: 0.0193, train/total_loss/avg: 0.2859, train/hateful_memes/cross_entropy: 0.0193, train/hateful_memes/cross_entropy/avg: 0.2859, max mem: 5244.0, experiment: run, epoch: 173, num_updates: 3900, iterations: 3900, max_updates: 10000, lr: 0.00001, ups: 1.75, time: 57s 413ms, time_since_start: 39m 10s 650ms, eta: 58m 22s 244ms
2021-08-17T09:57:32 | INFO | mmf.train : progress: 4000/10000, train/total_loss: 0.0181, train/total_loss/avg: 0.2789, train/hateful_memes/cross_entropy: 0.0181, train/hateful_memes/cross_entropy/avg: 0.2789, max mem: 5244.0, experiment: run, epoch: 177, num_updates: 4000, iterations: 4000, max_updates: 10000, lr: 0.00001, ups: 1.75, time: 57s 739ms, time_since_start: 40m 08s 389ms, eta: 57m 44s 372ms
2021-08-17T09:57:32 | INFO | mmf.train : Checkpoint time. Saving a checkpoint.
2021-08-17T09:57:35 | INFO | mmf.train : Evaluation time. Running on full validation set...
2021-08-17T09:57:47 | INFO | mmf.train : progress: 4000/10000, val/total_loss: 2.0353, val/hateful_memes/cross_entropy: 2.0353, val/hateful_memes/accuracy: 0.4940, val/hateful_memes/binary_f1: 0.2864, val/hateful_memes/roc_auc: 0.4651, num_updates: 4000, epoch: 177, iterations: 4000, max_updates: 10000, val_time: 08s 789ms, best_update: 1000, best_iteration: 1000, best_val/hateful_memes/roc_auc: 0.497112
2021-08-17T09:57:48 | WARNING | py.warnings : /home/phermida/anaconda3/envs/mmf/lib/python3.7/site-packages/mmf/utils/distributed.py:263: UserWarning: The epoch parameter in `scheduler.step()` was not necessary and is being deprecated where possible. Please use `scheduler.step()` to step the scheduler. During the deprecation, if epoch is different from None, the closed form is used instead of the new chainable form, where available. Please open an issue if you are unable to replicate your use case: https://github.com/pytorch/pytorch/issues/new/choose.
  builtin_warn(*args, **kwargs)

2021-08-17T09:58:54 | INFO | mmf.train : progress: 4100/10000, train/total_loss: 0.0181, train/total_loss/avg: 0.2726, train/hateful_memes/cross_entropy: 0.0181, train/hateful_memes/cross_entropy/avg: 0.2726, max mem: 5244.0, experiment: run, epoch: 185, num_updates: 4100, iterations: 4100, max_updates: 10000, lr: 0.00001, ups: 1.52, time: 01m 06s 584ms, time_since_start: 41m 30s 634ms, eta: 01h 05m 28s 510ms
2021-08-17T09:59:52 | INFO | mmf.train : progress: 4200/10000, train/total_loss: 0.0181, train/total_loss/avg: 0.2669, train/hateful_memes/cross_entropy: 0.0181, train/hateful_memes/cross_entropy/avg: 0.2669, max mem: 5244.0, experiment: run, epoch: 189, num_updates: 4200, iterations: 4200, max_updates: 10000, lr: 0.00001, ups: 1.72, time: 58s 080ms, time_since_start: 42m 28s 715ms, eta: 56m 08s 690ms
2021-08-17T10:00:50 | INFO | mmf.train : progress: 4300/10000, train/total_loss: 0.0150, train/total_loss/avg: 0.2609, train/hateful_memes/cross_entropy: 0.0150, train/hateful_memes/cross_entropy/avg: 0.2609, max mem: 5244.0, experiment: run, epoch: 193, num_updates: 4300, iterations: 4300, max_updates: 10000, lr: 0.00001, ups: 1.75, time: 57s 953ms, time_since_start: 43m 26s 668ms, eta: 55m 03s 363ms
2021-08-17T10:01:48 | INFO | mmf.train : progress: 4400/10000, train/total_loss: 0.0116, train/total_loss/avg: 0.2551, train/hateful_memes/cross_entropy: 0.0116, train/hateful_memes/cross_entropy/avg: 0.2551, max mem: 5244.0, experiment: run, epoch: 197, num_updates: 4400, iterations: 4400, max_updates: 10000, lr: 0.00001, ups: 1.75, time: 57s 588ms, time_since_start: 44m 24s 257ms, eta: 53m 44s 954ms
2021-08-17T10:02:45 | INFO | mmf.train : progress: 4500/10000, train/total_loss: 0.0116, train/total_loss/avg: 0.2498, train/hateful_memes/cross_entropy: 0.0116, train/hateful_memes/cross_entropy/avg: 0.2498, max mem: 5244.0, experiment: run, epoch: 201, num_updates: 4500, iterations: 4500, max_updates: 10000, lr: 0.00001, ups: 1.75, time: 57s 461ms, time_since_start: 45m 21s 718ms, eta: 52m 40s 366ms
2021-08-17T10:03:43 | INFO | mmf.train : progress: 4600/10000, train/total_loss: 0.0103, train/total_loss/avg: 0.2445, train/hateful_memes/cross_entropy: 0.0103, train/hateful_memes/cross_entropy/avg: 0.2445, max mem: 5244.0, experiment: run, epoch: 205, num_updates: 4600, iterations: 4600, max_updates: 10000, lr: 0.00001, ups: 1.75, time: 57s 584ms, time_since_start: 46m 19s 303ms, eta: 51m 49s 578ms
2021-08-17T10:04:40 | INFO | mmf.train : progress: 4700/10000, train/total_loss: 0.0103, train/total_loss/avg: 0.2398, train/hateful_memes/cross_entropy: 0.0103, train/hateful_memes/cross_entropy/avg: 0.2398, max mem: 5244.0, experiment: run, epoch: 209, num_updates: 4700, iterations: 4700, max_updates: 10000, lr: 0.00001, ups: 1.75, time: 57s 774ms, time_since_start: 47m 17s 077ms, eta: 51m 02s 046ms
2021-08-17T10:05:38 | INFO | mmf.train : progress: 4800/10000, train/total_loss: 0.0103, train/total_loss/avg: 0.2352, train/hateful_memes/cross_entropy: 0.0103, train/hateful_memes/cross_entropy/avg: 0.2352, max mem: 5244.0, experiment: run, epoch: 213, num_updates: 4800, iterations: 4800, max_updates: 10000, lr: 0.00001, ups: 1.75, time: 57s 797ms, time_since_start: 48m 14s 874ms, eta: 50m 05s 450ms
2021-08-17T10:06:44 | INFO | mmf.train : progress: 4900/10000, train/total_loss: 0.0103, train/total_loss/avg: 0.2305, train/hateful_memes/cross_entropy: 0.0103, train/hateful_memes/cross_entropy/avg: 0.2305, max mem: 5244.0, experiment: run, epoch: 221, num_updates: 4900, iterations: 4900, max_updates: 10000, lr: 0.00001, ups: 1.54, time: 01m 05s 537ms, time_since_start: 49m 20s 412ms, eta: 55m 42s 437ms
2021-08-17T10:07:41 | INFO | mmf.train : progress: 5000/10000, train/total_loss: 0.0103, train/total_loss/avg: 0.2265, train/hateful_memes/cross_entropy: 0.0103, train/hateful_memes/cross_entropy/avg: 0.2265, max mem: 5244.0, experiment: run, epoch: 225, num_updates: 5000, iterations: 5000, max_updates: 10000, lr: 0.00001, ups: 1.75, time: 57s 610ms, time_since_start: 50m 18s 023ms, eta: 48m 517ms
2021-08-17T10:07:41 | INFO | mmf.train : Checkpoint time. Saving a checkpoint.
2021-08-17T10:07:44 | INFO | mmf.train : Evaluation time. Running on full validation set...
2021-08-17T10:07:57 | INFO | mmf.train : progress: 5000/10000, val/total_loss: 2.2748, val/hateful_memes/cross_entropy: 2.2748, val/hateful_memes/accuracy: 0.4820, val/hateful_memes/binary_f1: 0.2396, val/hateful_memes/roc_auc: 0.4533, num_updates: 5000, epoch: 225, iterations: 5000, max_updates: 10000, val_time: 08s 742ms, best_update: 1000, best_iteration: 1000, best_val/hateful_memes/roc_auc: 0.497112
2021-08-17T10:07:57 | WARNING | py.warnings : /home/phermida/anaconda3/envs/mmf/lib/python3.7/site-packages/mmf/utils/distributed.py:263: UserWarning: The epoch parameter in `scheduler.step()` was not necessary and is being deprecated where possible. Please use `scheduler.step()` to step the scheduler. During the deprecation, if epoch is different from None, the closed form is used instead of the new chainable form, where available. Please open an issue if you are unable to replicate your use case: https://github.com/pytorch/pytorch/issues/new/choose.
  builtin_warn(*args, **kwargs)

2021-08-17T10:08:55 | INFO | mmf.train : progress: 5100/10000, train/total_loss: 0.0116, train/total_loss/avg: 0.2231, train/hateful_memes/cross_entropy: 0.0116, train/hateful_memes/cross_entropy/avg: 0.2231, max mem: 5244.0, experiment: run, epoch: 229, num_updates: 5100, iterations: 5100, max_updates: 10000, lr: 0.00001, ups: 1.72, time: 58s 196ms, time_since_start: 51m 31s 664ms, eta: 47m 31s 623ms
2021-08-17T10:09:53 | INFO | mmf.train : progress: 5200/10000, train/total_loss: 0.0116, train/total_loss/avg: 0.2199, train/hateful_memes/cross_entropy: 0.0116, train/hateful_memes/cross_entropy/avg: 0.2199, max mem: 5244.0, experiment: run, epoch: 233, num_updates: 5200, iterations: 5200, max_updates: 10000, lr: 0.00001, ups: 1.75, time: 57s 866ms, time_since_start: 52m 29s 531ms, eta: 46m 17s 609ms
2021-08-17T10:10:51 | INFO | mmf.train : progress: 5300/10000, train/total_loss: 0.0116, train/total_loss/avg: 0.2158, train/hateful_memes/cross_entropy: 0.0116, train/hateful_memes/cross_entropy/avg: 0.2158, max mem: 5244.0, experiment: run, epoch: 237, num_updates: 5300, iterations: 5300, max_updates: 10000, lr: 0.00001, ups: 1.75, time: 57s 852ms, time_since_start: 53m 27s 384ms, eta: 45m 19s 067ms
2021-08-17T10:11:48 | INFO | mmf.train : progress: 5400/10000, train/total_loss: 0.0142, train/total_loss/avg: 0.2121, train/hateful_memes/cross_entropy: 0.0142, train/hateful_memes/cross_entropy/avg: 0.2121, max mem: 5244.0, experiment: run, epoch: 241, num_updates: 5400, iterations: 5400, max_updates: 10000, lr: 0.00001, ups: 1.75, time: 57s 795ms, time_since_start: 54m 25s 179ms, eta: 44m 18s 579ms
2021-08-17T10:12:46 | INFO | mmf.train : progress: 5500/10000, train/total_loss: 0.0142, train/total_loss/avg: 0.2086, train/hateful_memes/cross_entropy: 0.0142, train/hateful_memes/cross_entropy/avg: 0.2086, max mem: 5244.0, experiment: run, epoch: 245, num_updates: 5500, iterations: 5500, max_updates: 10000, lr: 0.00001, ups: 1.75, time: 57s 234ms, time_since_start: 55m 22s 413ms, eta: 42m 55s 545ms
2021-08-17T10:13:44 | INFO | mmf.train : progress: 5600/10000, train/total_loss: 0.0179, train/total_loss/avg: 0.2052, train/hateful_memes/cross_entropy: 0.0179, train/hateful_memes/cross_entropy/avg: 0.2052, max mem: 5244.0, experiment: run, epoch: 249, num_updates: 5600, iterations: 5600, max_updates: 10000, lr: 0.00001, ups: 1.75, time: 57s 990ms, time_since_start: 56m 20s 404ms, eta: 42m 31s 602ms
2021-08-17T10:14:50 | INFO | mmf.train : progress: 5700/10000, train/total_loss: 0.0179, train/total_loss/avg: 0.2017, train/hateful_memes/cross_entropy: 0.0179, train/hateful_memes/cross_entropy/avg: 0.2017, max mem: 5244.0, experiment: run, epoch: 257, num_updates: 5700, iterations: 5700, max_updates: 10000, lr: 0.00001, ups: 1.52, time: 01m 06s 619ms, time_since_start: 57m 27s 024ms, eta: 47m 44s 631ms
2021-08-17T10:15:48 | INFO | mmf.train : progress: 5800/10000, train/total_loss: 0.0142, train/total_loss/avg: 0.1983, train/hateful_memes/cross_entropy: 0.0142, train/hateful_memes/cross_entropy/avg: 0.1983, max mem: 5244.0, experiment: run, epoch: 261, num_updates: 5800, iterations: 5800, max_updates: 10000, lr: 0.00001, ups: 1.75, time: 57s 427ms, time_since_start: 58m 24s 451ms, eta: 40m 11s 936ms
2021-08-17T10:16:46 | INFO | mmf.train : progress: 5900/10000, train/total_loss: 0.0142, train/total_loss/avg: 0.1950, train/hateful_memes/cross_entropy: 0.0142, train/hateful_memes/cross_entropy/avg: 0.1950, max mem: 5244.0, experiment: run, epoch: 265, num_updates: 5900, iterations: 5900, max_updates: 10000, lr: 0.00001, ups: 1.72, time: 58s 283ms, time_since_start: 59m 22s 734ms, eta: 39m 49s 604ms
2021-08-17T10:17:44 | INFO | mmf.train : progress: 6000/10000, train/total_loss: 0.0179, train/total_loss/avg: 0.1921, train/hateful_memes/cross_entropy: 0.0179, train/hateful_memes/cross_entropy/avg: 0.1921, max mem: 5244.0, experiment: run, epoch: 269, num_updates: 6000, iterations: 6000, max_updates: 10000, lr: 0.00001, ups: 1.75, time: 57s 494ms, time_since_start: 01h 20s 228ms, eta: 38m 19s 775ms
2021-08-17T10:17:44 | INFO | mmf.train : Checkpoint time. Saving a checkpoint.
2021-08-17T10:17:46 | INFO | mmf.train : Evaluation time. Running on full validation set...
2021-08-17T10:17:55 | INFO | mmf.train : progress: 6000/10000, val/total_loss: 2.2315, val/hateful_memes/cross_entropy: 2.2315, val/hateful_memes/accuracy: 0.4720, val/hateful_memes/binary_f1: 0.2584, val/hateful_memes/roc_auc: 0.4545, num_updates: 6000, epoch: 269, iterations: 6000, max_updates: 10000, val_time: 08s 986ms, best_update: 1000, best_iteration: 1000, best_val/hateful_memes/roc_auc: 0.497112
2021-08-17T10:17:56 | WARNING | py.warnings : /home/phermida/anaconda3/envs/mmf/lib/python3.7/site-packages/mmf/utils/distributed.py:263: UserWarning: The epoch parameter in `scheduler.step()` was not necessary and is being deprecated where possible. Please use `scheduler.step()` to step the scheduler. During the deprecation, if epoch is different from None, the closed form is used instead of the new chainable form, where available. Please open an issue if you are unable to replicate your use case: https://github.com/pytorch/pytorch/issues/new/choose.
  builtin_warn(*args, **kwargs)

2021-08-17T10:18:53 | INFO | mmf.train : progress: 6100/10000, train/total_loss: 0.0142, train/total_loss/avg: 0.1890, train/hateful_memes/cross_entropy: 0.0142, train/hateful_memes/cross_entropy/avg: 0.1890, max mem: 5244.0, experiment: run, epoch: 273, num_updates: 6100, iterations: 6100, max_updates: 10000, lr: 0., ups: 1.75, time: 57s 914ms, time_since_start: 01h 01m 30s 056ms, eta: 37m 38s 656ms
2021-08-17T10:19:51 | INFO | mmf.train : progress: 6200/10000, train/total_loss: 0.0084, train/total_loss/avg: 0.1859, train/hateful_memes/cross_entropy: 0.0084, train/hateful_memes/cross_entropy/avg: 0.1859, max mem: 5244.0, experiment: run, epoch: 277, num_updates: 6200, iterations: 6200, max_updates: 10000, lr: 0., ups: 1.75, time: 57s 557ms, time_since_start: 01h 02m 27s 614ms, eta: 36m 27s 191ms
2021-08-17T10:20:49 | INFO | mmf.train : progress: 6300/10000, train/total_loss: 0.0142, train/total_loss/avg: 0.1833, train/hateful_memes/cross_entropy: 0.0142, train/hateful_memes/cross_entropy/avg: 0.1833, max mem: 5244.0, experiment: run, epoch: 281, num_updates: 6300, iterations: 6300, max_updates: 10000, lr: 0., ups: 1.72, time: 58s 418ms, time_since_start: 01h 03m 26s 032ms, eta: 36m 01s 486ms
2021-08-17T10:21:47 | INFO | mmf.train : progress: 6400/10000, train/total_loss: 0.0142, train/total_loss/avg: 0.1807, train/hateful_memes/cross_entropy: 0.0142, train/hateful_memes/cross_entropy/avg: 0.1807, max mem: 5244.0, experiment: run, epoch: 285, num_updates: 6400, iterations: 6400, max_updates: 10000, lr: 0., ups: 1.75, time: 57s 488ms, time_since_start: 01h 04m 23s 520ms, eta: 34m 29s 571ms
2021-08-17T10:22:53 | INFO | mmf.train : progress: 6500/10000, train/total_loss: 0.0115, train/total_loss/avg: 0.1779, train/hateful_memes/cross_entropy: 0.0115, train/hateful_memes/cross_entropy/avg: 0.1779, max mem: 5244.0, experiment: run, epoch: 293, num_updates: 6500, iterations: 6500, max_updates: 10000, lr: 0., ups: 1.54, time: 01m 05s 932ms, time_since_start: 01h 05m 29s 453ms, eta: 38m 27s 632ms
2021-08-17T10:23:50 | INFO | mmf.train : progress: 6600/10000, train/total_loss: 0.0115, train/total_loss/avg: 0.1754, train/hateful_memes/cross_entropy: 0.0115, train/hateful_memes/cross_entropy/avg: 0.1754, max mem: 5244.0, experiment: run, epoch: 297, num_updates: 6600, iterations: 6600, max_updates: 10000, lr: 0., ups: 1.75, time: 57s 588ms, time_since_start: 01h 06m 27s 041ms, eta: 32m 38s 010ms
2021-08-17T10:24:48 | INFO | mmf.train : progress: 6700/10000, train/total_loss: 0.0115, train/total_loss/avg: 0.1736, train/hateful_memes/cross_entropy: 0.0115, train/hateful_memes/cross_entropy/avg: 0.1736, max mem: 5244.0, experiment: run, epoch: 301, num_updates: 6700, iterations: 6700, max_updates: 10000, lr: 0., ups: 1.75, time: 57s 366ms, time_since_start: 01h 07m 24s 408ms, eta: 31m 33s 107ms
2021-08-17T10:25:46 | INFO | mmf.train : progress: 6800/10000, train/total_loss: 0.0089, train/total_loss/avg: 0.1711, train/hateful_memes/cross_entropy: 0.0089, train/hateful_memes/cross_entropy/avg: 0.1711, max mem: 5244.0, experiment: run, epoch: 305, num_updates: 6800, iterations: 6800, max_updates: 10000, lr: 0., ups: 1.75, time: 57s 989ms, time_since_start: 01h 08m 22s 398ms, eta: 30m 55s 673ms
2021-08-17T10:26:43 | INFO | mmf.train : progress: 6900/10000, train/total_loss: 0.0089, train/total_loss/avg: 0.1686, train/hateful_memes/cross_entropy: 0.0089, train/hateful_memes/cross_entropy/avg: 0.1686, max mem: 5244.0, experiment: run, epoch: 309, num_updates: 6900, iterations: 6900, max_updates: 10000, lr: 0., ups: 1.75, time: 57s 627ms, time_since_start: 01h 09m 20s 026ms, eta: 29m 46s 465ms
2021-08-17T10:27:41 | INFO | mmf.train : progress: 7000/10000, train/total_loss: 0.0084, train/total_loss/avg: 0.1663, train/hateful_memes/cross_entropy: 0.0084, train/hateful_memes/cross_entropy/avg: 0.1663, max mem: 5244.0, experiment: run, epoch: 313, num_updates: 7000, iterations: 7000, max_updates: 10000, lr: 0., ups: 1.72, time: 58s 037ms, time_since_start: 01h 10m 18s 063ms, eta: 29m 01s 113ms
2021-08-17T10:27:41 | INFO | mmf.train : Checkpoint time. Saving a checkpoint.
2021-08-17T10:27:44 | INFO | mmf.train : Evaluation time. Running on full validation set...
2021-08-17T10:27:53 | INFO | mmf.train : progress: 7000/10000, val/total_loss: 2.2637, val/hateful_memes/cross_entropy: 2.2637, val/hateful_memes/accuracy: 0.4980, val/hateful_memes/binary_f1: 0.2660, val/hateful_memes/roc_auc: 0.4620, num_updates: 7000, epoch: 313, iterations: 7000, max_updates: 10000, val_time: 08s 651ms, best_update: 1000, best_iteration: 1000, best_val/hateful_memes/roc_auc: 0.497112
2021-08-17T10:27:54 | WARNING | py.warnings : /home/phermida/anaconda3/envs/mmf/lib/python3.7/site-packages/mmf/utils/distributed.py:263: UserWarning: The epoch parameter in `scheduler.step()` was not necessary and is being deprecated where possible. Please use `scheduler.step()` to step the scheduler. During the deprecation, if epoch is different from None, the closed form is used instead of the new chainable form, where available. Please open an issue if you are unable to replicate your use case: https://github.com/pytorch/pytorch/issues/new/choose.
  builtin_warn(*args, **kwargs)

2021-08-17T10:28:51 | INFO | mmf.train : progress: 7100/10000, train/total_loss: 0.0044, train/total_loss/avg: 0.1640, train/hateful_memes/cross_entropy: 0.0044, train/hateful_memes/cross_entropy/avg: 0.1640, max mem: 5244.0, experiment: run, epoch: 317, num_updates: 7100, iterations: 7100, max_updates: 10000, lr: 0., ups: 1.75, time: 57s 778ms, time_since_start: 01h 11m 27s 418ms, eta: 27m 55s 575ms
2021-08-17T10:29:49 | INFO | mmf.train : progress: 7200/10000, train/total_loss: 0.0037, train/total_loss/avg: 0.1617, train/hateful_memes/cross_entropy: 0.0037, train/hateful_memes/cross_entropy/avg: 0.1617, max mem: 5244.0, experiment: run, epoch: 321, num_updates: 7200, iterations: 7200, max_updates: 10000, lr: 0., ups: 1.72, time: 58s 006ms, time_since_start: 01h 12m 25s 425ms, eta: 27m 04s 190ms
2021-08-17T10:30:54 | INFO | mmf.train : progress: 7300/10000, train/total_loss: 0.0044, train/total_loss/avg: 0.1598, train/hateful_memes/cross_entropy: 0.0044, train/hateful_memes/cross_entropy/avg: 0.1598, max mem: 5244.0, experiment: run, epoch: 329, num_updates: 7300, iterations: 7300, max_updates: 10000, lr: 0., ups: 1.54, time: 01m 05s 468ms, time_since_start: 01h 13m 30s 894ms, eta: 29m 27s 655ms
2021-08-17T10:31:51 | INFO | mmf.train : progress: 7400/10000, train/total_loss: 0.0030, train/total_loss/avg: 0.1577, train/hateful_memes/cross_entropy: 0.0030, train/hateful_memes/cross_entropy/avg: 0.1577, max mem: 5244.0, experiment: run, epoch: 333, num_updates: 7400, iterations: 7400, max_updates: 10000, lr: 0., ups: 1.75, time: 57s 079ms, time_since_start: 01h 14m 27s 973ms, eta: 24m 44s 059ms
2021-08-17T10:32:49 | INFO | mmf.train : progress: 7500/10000, train/total_loss: 0.0030, train/total_loss/avg: 0.1556, train/hateful_memes/cross_entropy: 0.0030, train/hateful_memes/cross_entropy/avg: 0.1556, max mem: 5244.0, experiment: run, epoch: 337, num_updates: 7500, iterations: 7500, max_updates: 10000, lr: 0., ups: 1.72, time: 58s 002ms, time_since_start: 01h 15m 25s 975ms, eta: 24m 10s 057ms
2021-08-17T10:33:47 | INFO | mmf.train : progress: 7600/10000, train/total_loss: 0.0029, train/total_loss/avg: 0.1536, train/hateful_memes/cross_entropy: 0.0029, train/hateful_memes/cross_entropy/avg: 0.1536, max mem: 5244.0, experiment: run, epoch: 341, num_updates: 7600, iterations: 7600, max_updates: 10000, lr: 0., ups: 1.75, time: 57s 932ms, time_since_start: 01h 16m 23s 908ms, eta: 23m 10s 381ms
2021-08-17T10:34:46 | INFO | mmf.train : progress: 7700/10000, train/total_loss: 0.0029, train/total_loss/avg: 0.1516, train/hateful_memes/cross_entropy: 0.0029, train/hateful_memes/cross_entropy/avg: 0.1516, max mem: 5244.0, experiment: run, epoch: 345, num_updates: 7700, iterations: 7700, max_updates: 10000, lr: 0., ups: 1.72, time: 58s 529ms, time_since_start: 01h 17m 22s 437ms, eta: 22m 26s 184ms
2021-08-17T10:35:44 | INFO | mmf.train : progress: 7800/10000, train/total_loss: 0.0029, train/total_loss/avg: 0.1497, train/hateful_memes/cross_entropy: 0.0029, train/hateful_memes/cross_entropy/avg: 0.1497, max mem: 5244.0, experiment: run, epoch: 349, num_updates: 7800, iterations: 7800, max_updates: 10000, lr: 0., ups: 1.75, time: 57s 775ms, time_since_start: 01h 18m 20s 213ms, eta: 21m 11s 059ms
2021-08-17T10:36:41 | INFO | mmf.train : progress: 7900/10000, train/total_loss: 0.0029, train/total_loss/avg: 0.1479, train/hateful_memes/cross_entropy: 0.0029, train/hateful_memes/cross_entropy/avg: 0.1479, max mem: 5244.0, experiment: run, epoch: 353, num_updates: 7900, iterations: 7900, max_updates: 10000, lr: 0., ups: 1.75, time: 57s 410ms, time_since_start: 01h 19m 17s 624ms, eta: 20m 05s 628ms
2021-08-17T10:37:38 | INFO | mmf.train : progress: 8000/10000, train/total_loss: 0.0029, train/total_loss/avg: 0.1462, train/hateful_memes/cross_entropy: 0.0029, train/hateful_memes/cross_entropy/avg: 0.1462, max mem: 5244.0, experiment: run, epoch: 357, num_updates: 8000, iterations: 8000, max_updates: 10000, lr: 0., ups: 1.75, time: 57s 349ms, time_since_start: 01h 20m 14s 973ms, eta: 19m 06s 988ms
2021-08-17T10:37:38 | INFO | mmf.train : Checkpoint time. Saving a checkpoint.
2021-08-17T10:37:41 | INFO | mmf.train : Evaluation time. Running on full validation set...
2021-08-17T10:37:50 | INFO | mmf.train : progress: 8000/10000, val/total_loss: 2.5557, val/hateful_memes/cross_entropy: 2.5557, val/hateful_memes/accuracy: 0.5000, val/hateful_memes/binary_f1: 0.2420, val/hateful_memes/roc_auc: 0.4630, num_updates: 8000, epoch: 357, iterations: 8000, max_updates: 10000, val_time: 08s 750ms, best_update: 1000, best_iteration: 1000, best_val/hateful_memes/roc_auc: 0.497112
2021-08-17T10:37:51 | WARNING | py.warnings : /home/phermida/anaconda3/envs/mmf/lib/python3.7/site-packages/mmf/utils/distributed.py:263: UserWarning: The epoch parameter in `scheduler.step()` was not necessary and is being deprecated where possible. Please use `scheduler.step()` to step the scheduler. During the deprecation, if epoch is different from None, the closed form is used instead of the new chainable form, where available. Please open an issue if you are unable to replicate your use case: https://github.com/pytorch/pytorch/issues/new/choose.
  builtin_warn(*args, **kwargs)

2021-08-17T10:38:56 | INFO | mmf.train : progress: 8100/10000, train/total_loss: 0.0029, train/total_loss/avg: 0.1445, train/hateful_memes/cross_entropy: 0.0029, train/hateful_memes/cross_entropy/avg: 0.1445, max mem: 5244.0, experiment: run, epoch: 365, num_updates: 8100, iterations: 8100, max_updates: 10000, lr: 0., ups: 1.54, time: 01m 05s 966ms, time_since_start: 01h 21m 32s 697ms, eta: 20m 53s 371ms
2021-08-17T10:39:55 | INFO | mmf.train : progress: 8200/10000, train/total_loss: 0.0030, train/total_loss/avg: 0.1428, train/hateful_memes/cross_entropy: 0.0030, train/hateful_memes/cross_entropy/avg: 0.1428, max mem: 5244.0, experiment: run, epoch: 369, num_updates: 8200, iterations: 8200, max_updates: 10000, lr: 0., ups: 1.72, time: 58s 614ms, time_since_start: 01h 22m 31s 312ms, eta: 17m 35s 063ms
2021-08-17T10:40:53 | INFO | mmf.train : progress: 8300/10000, train/total_loss: 0.0030, train/total_loss/avg: 0.1414, train/hateful_memes/cross_entropy: 0.0030, train/hateful_memes/cross_entropy/avg: 0.1414, max mem: 5244.0, experiment: run, epoch: 373, num_updates: 8300, iterations: 8300, max_updates: 10000, lr: 0., ups: 1.72, time: 58s 094ms, time_since_start: 01h 23m 29s 406ms, eta: 16m 27s 598ms
2021-08-17T10:41:50 | INFO | mmf.train : progress: 8400/10000, train/total_loss: 0.0029, train/total_loss/avg: 0.1397, train/hateful_memes/cross_entropy: 0.0029, train/hateful_memes/cross_entropy/avg: 0.1397, max mem: 5244.0, experiment: run, epoch: 377, num_updates: 8400, iterations: 8400, max_updates: 10000, lr: 0., ups: 1.75, time: 57s 641ms, time_since_start: 01h 24m 27s 047ms, eta: 15m 22s 260ms
2021-08-17T10:42:48 | INFO | mmf.train : progress: 8500/10000, train/total_loss: 0.0029, train/total_loss/avg: 0.1381, train/hateful_memes/cross_entropy: 0.0029, train/hateful_memes/cross_entropy/avg: 0.1381, max mem: 5244.0, experiment: run, epoch: 381, num_updates: 8500, iterations: 8500, max_updates: 10000, lr: 0., ups: 1.75, time: 57s 967ms, time_since_start: 01h 25m 25s 015ms, eta: 14m 29s 518ms
2021-08-17T10:43:46 | INFO | mmf.train : progress: 8600/10000, train/total_loss: 0.0028, train/total_loss/avg: 0.1365, train/hateful_memes/cross_entropy: 0.0028, train/hateful_memes/cross_entropy/avg: 0.1365, max mem: 5244.0, experiment: run, epoch: 385, num_updates: 8600, iterations: 8600, max_updates: 10000, lr: 0., ups: 1.75, time: 57s 749ms, time_since_start: 01h 26m 22s 765ms, eta: 13m 28s 497ms
2021-08-17T10:44:44 | INFO | mmf.train : progress: 8700/10000, train/total_loss: 0.0024, train/total_loss/avg: 0.1349, train/hateful_memes/cross_entropy: 0.0024, train/hateful_memes/cross_entropy/avg: 0.1349, max mem: 5244.0, experiment: run, epoch: 389, num_updates: 8700, iterations: 8700, max_updates: 10000, lr: 0., ups: 1.75, time: 57s 863ms, time_since_start: 01h 27m 20s 629ms, eta: 12m 32s 229ms
2021-08-17T10:45:42 | INFO | mmf.train : progress: 8800/10000, train/total_loss: 0.0028, train/total_loss/avg: 0.1335, train/hateful_memes/cross_entropy: 0.0028, train/hateful_memes/cross_entropy/avg: 0.1335, max mem: 5244.0, experiment: run, epoch: 393, num_updates: 8800, iterations: 8800, max_updates: 10000, lr: 0., ups: 1.72, time: 58s 043ms, time_since_start: 01h 28m 18s 672ms, eta: 11m 36s 518ms
2021-08-17T10:46:40 | INFO | mmf.train : progress: 8900/10000, train/total_loss: 0.0024, train/total_loss/avg: 0.1327, train/hateful_memes/cross_entropy: 0.0024, train/hateful_memes/cross_entropy/avg: 0.1327, max mem: 5244.0, experiment: run, epoch: 397, num_updates: 8900, iterations: 8900, max_updates: 10000, lr: 0., ups: 1.75, time: 57s 814ms, time_since_start: 01h 29m 16s 486ms, eta: 10m 35s 955ms
2021-08-17T10:47:46 | INFO | mmf.train : progress: 9000/10000, train/total_loss: 0.0024, train/total_loss/avg: 0.1313, train/hateful_memes/cross_entropy: 0.0024, train/hateful_memes/cross_entropy/avg: 0.1313, max mem: 5244.0, experiment: run, epoch: 405, num_updates: 9000, iterations: 9000, max_updates: 10000, lr: 0., ups: 1.52, time: 01m 06s 040ms, time_since_start: 01h 30m 22s 526ms, eta: 11m 403ms
2021-08-17T10:47:46 | INFO | mmf.train : Checkpoint time. Saving a checkpoint.
2021-08-17T10:47:49 | INFO | mmf.train : Evaluation time. Running on full validation set...
2021-08-17T10:47:57 | INFO | mmf.train : progress: 9000/10000, val/total_loss: 2.4484, val/hateful_memes/cross_entropy: 2.4484, val/hateful_memes/accuracy: 0.5000, val/hateful_memes/binary_f1: 0.2725, val/hateful_memes/roc_auc: 0.4624, num_updates: 9000, epoch: 405, iterations: 9000, max_updates: 10000, val_time: 08s 504ms, best_update: 1000, best_iteration: 1000, best_val/hateful_memes/roc_auc: 0.497112
2021-08-17T10:47:58 | WARNING | py.warnings : /home/phermida/anaconda3/envs/mmf/lib/python3.7/site-packages/mmf/utils/distributed.py:263: UserWarning: The epoch parameter in `scheduler.step()` was not necessary and is being deprecated where possible. Please use `scheduler.step()` to step the scheduler. During the deprecation, if epoch is different from None, the closed form is used instead of the new chainable form, where available. Please open an issue if you are unable to replicate your use case: https://github.com/pytorch/pytorch/issues/new/choose.
  builtin_warn(*args, **kwargs)

2021-08-17T10:48:55 | INFO | mmf.train : progress: 9100/10000, train/total_loss: 0.0022, train/total_loss/avg: 0.1298, train/hateful_memes/cross_entropy: 0.0022, train/hateful_memes/cross_entropy/avg: 0.1298, max mem: 5244.0, experiment: run, epoch: 409, num_updates: 9100, iterations: 9100, max_updates: 10000, lr: 0., ups: 1.72, time: 58s 174ms, time_since_start: 01h 31m 32s 142ms, eta: 08m 43s 569ms
2021-08-17T10:49:54 | INFO | mmf.train : progress: 9200/10000, train/total_loss: 0.0022, train/total_loss/avg: 0.1285, train/hateful_memes/cross_entropy: 0.0022, train/hateful_memes/cross_entropy/avg: 0.1285, max mem: 5244.0, experiment: run, epoch: 413, num_updates: 9200, iterations: 9200, max_updates: 10000, lr: 0., ups: 1.72, time: 58s 315ms, time_since_start: 01h 32m 30s 457ms, eta: 07m 46s 523ms
2021-08-17T10:50:51 | INFO | mmf.train : progress: 9300/10000, train/total_loss: 0.0022, train/total_loss/avg: 0.1272, train/hateful_memes/cross_entropy: 0.0022, train/hateful_memes/cross_entropy/avg: 0.1272, max mem: 5244.0, experiment: run, epoch: 417, num_updates: 9300, iterations: 9300, max_updates: 10000, lr: 0., ups: 1.75, time: 57s 493ms, time_since_start: 01h 33m 27s 950ms, eta: 06m 42s 451ms
2021-08-17T10:51:49 | INFO | mmf.train : progress: 9400/10000, train/total_loss: 0.0022, train/total_loss/avg: 0.1258, train/hateful_memes/cross_entropy: 0.0022, train/hateful_memes/cross_entropy/avg: 0.1258, max mem: 5244.0, experiment: run, epoch: 421, num_updates: 9400, iterations: 9400, max_updates: 10000, lr: 0., ups: 1.72, time: 58s 006ms, time_since_start: 01h 34m 25s 957ms, eta: 05m 48s 039ms
2021-08-17T10:52:46 | INFO | mmf.train : progress: 9500/10000, train/total_loss: 0.0022, train/total_loss/avg: 0.1245, train/hateful_memes/cross_entropy: 0.0022, train/hateful_memes/cross_entropy/avg: 0.1245, max mem: 5244.0, experiment: run, epoch: 425, num_updates: 9500, iterations: 9500, max_updates: 10000, lr: 0., ups: 1.75, time: 57s 212ms, time_since_start: 01h 35m 23s 170ms, eta: 04m 46s 064ms
2021-08-17T10:53:44 | INFO | mmf.train : progress: 9600/10000, train/total_loss: 0.0022, train/total_loss/avg: 0.1232, train/hateful_memes/cross_entropy: 0.0022, train/hateful_memes/cross_entropy/avg: 0.1232, max mem: 5244.0, experiment: run, epoch: 429, num_updates: 9600, iterations: 9600, max_updates: 10000, lr: 0., ups: 1.75, time: 57s 600ms, time_since_start: 01h 36m 20s 770ms, eta: 03m 50s 401ms
2021-08-17T10:54:42 | INFO | mmf.train : progress: 9700/10000, train/total_loss: 0.0028, train/total_loss/avg: 0.1220, train/hateful_memes/cross_entropy: 0.0028, train/hateful_memes/cross_entropy/avg: 0.1220, max mem: 5244.0, experiment: run, epoch: 433, num_updates: 9700, iterations: 9700, max_updates: 10000, lr: 0., ups: 1.75, time: 57s 903ms, time_since_start: 01h 37m 18s 673ms, eta: 02m 53s 709ms
2021-08-17T10:55:48 | INFO | mmf.train : progress: 9800/10000, train/total_loss: 0.0028, train/total_loss/avg: 0.1208, train/hateful_memes/cross_entropy: 0.0028, train/hateful_memes/cross_entropy/avg: 0.1208, max mem: 5244.0, experiment: run, epoch: 441, num_updates: 9800, iterations: 9800, max_updates: 10000, lr: 0., ups: 1.52, time: 01m 06s 447ms, time_since_start: 01h 38m 25s 121ms, eta: 02m 12s 895ms
2021-08-17T10:56:46 | INFO | mmf.train : progress: 9900/10000, train/total_loss: 0.0022, train/total_loss/avg: 0.1196, train/hateful_memes/cross_entropy: 0.0022, train/hateful_memes/cross_entropy/avg: 0.1196, max mem: 5244.0, experiment: run, epoch: 445, num_updates: 9900, iterations: 9900, max_updates: 10000, lr: 0., ups: 1.75, time: 57s 583ms, time_since_start: 01h 39m 22s 705ms, eta: 57s 583ms
2021-08-17T10:57:43 | INFO | mmf.train : progress: 10000/10000, train/total_loss: 0.0019, train/total_loss/avg: 0.1184, train/hateful_memes/cross_entropy: 0.0019, train/hateful_memes/cross_entropy/avg: 0.1184, max mem: 5244.0, experiment: run, epoch: 449, num_updates: 10000, iterations: 10000, max_updates: 10000, lr: 0., ups: 1.75, time: 57s 222ms, time_since_start: 01h 40m 19s 928ms, eta: 0ms
2021-08-17T10:57:43 | INFO | mmf.train : Checkpoint time. Saving a checkpoint.
2021-08-17T10:57:46 | INFO | mmf.train : Evaluation time. Running on full validation set...
2021-08-17T10:57:55 | INFO | mmf.train : progress: 10000/10000, val/total_loss: 2.6177, val/hateful_memes/cross_entropy: 2.6177, val/hateful_memes/accuracy: 0.5000, val/hateful_memes/binary_f1: 0.2374, val/hateful_memes/roc_auc: 0.4631, num_updates: 10000, epoch: 449, iterations: 10000, max_updates: 10000, val_time: 08s 885ms, best_update: 1000, best_iteration: 1000, best_val/hateful_memes/roc_auc: 0.497112
2021-08-17T10:57:56 | WARNING | py.warnings : /home/phermida/anaconda3/envs/mmf/lib/python3.7/site-packages/mmf/utils/distributed.py:263: UserWarning: The epoch parameter in `scheduler.step()` was not necessary and is being deprecated where possible. Please use `scheduler.step()` to step the scheduler. During the deprecation, if epoch is different from None, the closed form is used instead of the new chainable form, where available. Please open an issue if you are unable to replicate your use case: https://github.com/pytorch/pytorch/issues/new/choose.
  builtin_warn(*args, **kwargs)

2021-08-17T10:57:56 | INFO | mmf.train : Stepping into final validation check
2021-08-17T10:57:56 | INFO | mmf.train : Evaluation time. Running on full validation set...
2021-08-17T10:58:05 | INFO | mmf.train : progress: 10001/10000, val/total_loss: 2.5520, val/hateful_memes/cross_entropy: 2.5520, val/hateful_memes/accuracy: 0.4960, val/hateful_memes/binary_f1: 0.2529, val/hateful_memes/roc_auc: 0.4618, num_updates: 10001, epoch: 452, iterations: 10001, max_updates: 10000, val_time: 08s 945ms, best_update: 1000, best_iteration: 1000, best_val/hateful_memes/roc_auc: 0.497112
2021-08-17T10:58:05 | INFO | mmf.train : Restoring checkpoint
2021-08-17T10:58:05 | INFO | mmf.train : Loading checkpoint
2021-08-17T10:58:06 | INFO | mmf.train : Checkpoint loaded
2021-08-17T10:58:06 | INFO | mmf.train : Starting inference on val set
2021-08-17T10:58:16 | INFO | mmf.train : progress: 1000/10000, val/total_loss: 0.7506, val/hateful_memes/cross_entropy: 0.7506, val/hateful_memes/accuracy: 0.4980, val/hateful_memes/binary_f1: 0.2340, val/hateful_memes/roc_auc: 0.4971
2021-08-17T10:58:16 | INFO | mmf.train : Finished run in 01h 40m 52s 549ms
