2021-08-16T17:03:54 | INFO | mmf : Logging to: ./save/train.log
2021-08-16T17:03:54 | INFO | mmf_cli.run : Namespace(config_override=None, local_rank=None, opts=['config=./projects/hateful_memes/configs/unimodal/text.yaml', 'model=unimodal_text', 'dataset=hateful_memes', 'run_type=train_val', 'training.tensorboard=true', 'training.batch_size=128', 'training.max_updates=10000'])
2021-08-16T17:03:54 | INFO | mmf_cli.run : Torch version: 1.9.0+cu102
2021-08-16T17:03:54 | INFO | mmf.utils.general : CUDA Device 0 is: Tesla V100-DGXS-16GB
2021-08-16T17:03:54 | INFO | mmf_cli.run : Using seed 54971139
2021-08-16T17:03:54 | INFO | mmf.trainers.mmf_trainer : Loading datasets
2021-08-16T17:03:55 | INFO | torchtext.vocab : Loading vectors from /home/phermida/cache/mmf/glove.6B.300d.txt.pt
2021-08-16T17:03:55 | INFO | torchtext.vocab : Loading vectors from /home/phermida/cache/mmf/glove.6B.300d.txt.pt
2021-08-16T17:03:57 | INFO | mmf.datasets.multi_datamodule : Multitasking disabled by default for single dataset training
2021-08-16T17:03:57 | INFO | mmf.datasets.multi_datamodule : Multitasking disabled by default for single dataset training
2021-08-16T17:03:57 | INFO | mmf.datasets.multi_datamodule : Multitasking disabled by default for single dataset training
2021-08-16T17:03:57 | INFO | mmf.trainers.mmf_trainer : Loading model
2021-08-16T17:03:57 | INFO | torchtext.vocab : Loading vectors from /home/phermida/cache/mmf/glove.6B.300d.txt.pt
2021-08-16T17:03:57 | INFO | torchtext.vocab : Loading vectors from /home/phermida/cache/mmf/glove.6B.300d.txt.pt
2021-08-16T17:03:59 | INFO | mmf.trainers.mmf_trainer : Loading optimizer
2021-08-16T17:03:59 | INFO | mmf.trainers.mmf_trainer : Loading metrics
2021-08-16T17:03:59 | INFO | mmf.trainers.core.device : Using PyTorch DistributedDataParallel
2021-08-16T17:03:59 | WARNING | py.warnings : /home/phermida/mmf/mmf/utils/distributed.py:407: UserWarning: You can enable ZeRO and Sharded DDP, by installing fairscale and setting optimizer.enable_state_sharding=True.
  builtin_warn(*args, **kwargs)

2021-08-16T17:03:59 | WARNING | py.warnings : /home/phermida/mmf/mmf/utils/distributed.py:407: UserWarning: You can enable ZeRO and Sharded DDP, by installing fairscale and setting optimizer.enable_state_sharding=True.
  builtin_warn(*args, **kwargs)

2021-08-16T17:03:59 | INFO | mmf.trainers.mmf_trainer : ===== Model =====
2021-08-16T17:03:59 | INFO | mmf.trainers.mmf_trainer : DistributedDataParallel(
  (module): UnimodalText(
    (base): UnimodalBase(
      (encoder): TextEmbeddingEncoder(
        (module): TextEmbedding(
          (module): VocabEmbedding(
            (module): Embedding(75505, 300)
          )
        )
      )
    )
    (classifier): MLPClassifer(
      (layers): ModuleList(
        (0): Linear(in_features=300, out_features=768, bias=True)
        (1): BatchNorm1d(768, eps=1e-05, momentum=0.1, affine=True, track_running_stats=True)
        (2): ReLU()
        (3): Dropout(p=0.5, inplace=False)
        (4): Linear(in_features=768, out_features=768, bias=True)
        (5): BatchNorm1d(768, eps=1e-05, momentum=0.1, affine=True, track_running_stats=True)
        (6): ReLU()
        (7): Dropout(p=0.5, inplace=False)
        (8): Linear(in_features=768, out_features=2, bias=True)
      )
    )
    (losses): Losses(
      (losses): ModuleList(
        (0): MMFLoss(
          (loss_criterion): CrossEntropyLoss(
            (loss_fn): CrossEntropyLoss()
          )
        )
      )
    )
  )
)
2021-08-16T17:03:59 | INFO | mmf.utils.general : Total Parameters: 23477870. Trained Parameters: 23477870
2021-08-16T17:03:59 | INFO | mmf.trainers.core.training_loop : Starting training...
2021-08-16T17:04:13 | INFO | root : Reducer buckets have been rebuilt in this iteration.
2021-08-16T17:04:34 | INFO | mmf.trainers.callbacks.logistics : progress: 100/10000, train/hateful_memes/cross_entropy: 0.8133, train/hateful_memes/cross_entropy/avg: 0.8133, train/total_loss: 0.8133, train/total_loss/avg: 0.8133, max mem: 573.0, experiment: run, epoch: 2, num_updates: 100, iterations: 100, max_updates: 10000, lr: 0., ups: 2.94, time: 34s 456ms, time_since_start: 34s 465ms, eta: 57m 08s 296ms
2021-08-16T17:04:54 | INFO | mmf.trainers.callbacks.logistics : progress: 200/10000, train/hateful_memes/cross_entropy: 0.7045, train/hateful_memes/cross_entropy/avg: 0.7589, train/total_loss: 0.7045, train/total_loss/avg: 0.7589, max mem: 573.0, experiment: run, epoch: 3, num_updates: 200, iterations: 200, max_updates: 10000, lr: 0.00001, ups: 4.76, time: 21s 140ms, time_since_start: 55s 606ms, eta: 34m 42s 151ms
2021-08-16T17:05:15 | INFO | mmf.trainers.callbacks.logistics : progress: 300/10000, train/hateful_memes/cross_entropy: 0.7045, train/hateful_memes/cross_entropy/avg: 0.7339, train/total_loss: 0.7045, train/total_loss/avg: 0.7339, max mem: 573.0, experiment: run, epoch: 5, num_updates: 300, iterations: 300, max_updates: 10000, lr: 0.00001, ups: 5.00, time: 20s 751ms, time_since_start: 01m 16s 358ms, eta: 33m 42s 978ms
2021-08-16T17:05:36 | INFO | mmf.trainers.callbacks.logistics : progress: 400/10000, train/hateful_memes/cross_entropy: 0.6838, train/hateful_memes/cross_entropy/avg: 0.7166, train/total_loss: 0.6838, train/total_loss/avg: 0.7166, max mem: 573.0, experiment: run, epoch: 6, num_updates: 400, iterations: 400, max_updates: 10000, lr: 0.00001, ups: 4.76, time: 21s 183ms, time_since_start: 01m 37s 541ms, eta: 34m 03s 750ms
2021-08-16T17:05:58 | INFO | mmf.trainers.callbacks.logistics : progress: 500/10000, train/hateful_memes/cross_entropy: 0.7045, train/hateful_memes/cross_entropy/avg: 0.7159, train/total_loss: 0.7045, train/total_loss/avg: 0.7159, max mem: 573.0, experiment: run, epoch: 8, num_updates: 500, iterations: 500, max_updates: 10000, lr: 0.00001, ups: 4.76, time: 21s 364ms, time_since_start: 01m 58s 906ms, eta: 33m 59s 800ms
2021-08-16T17:06:18 | INFO | mmf.trainers.callbacks.logistics : progress: 600/10000, train/hateful_memes/cross_entropy: 0.6838, train/hateful_memes/cross_entropy/avg: 0.6935, train/total_loss: 0.6838, train/total_loss/avg: 0.6935, max mem: 573.0, experiment: run, epoch: 9, num_updates: 600, iterations: 600, max_updates: 10000, lr: 0.00002, ups: 5.00, time: 20s 613ms, time_since_start: 02m 19s 520ms, eta: 32m 27s 390ms
2021-08-16T17:06:40 | INFO | mmf.trainers.callbacks.logistics : progress: 700/10000, train/hateful_memes/cross_entropy: 0.6838, train/hateful_memes/cross_entropy/avg: 0.6810, train/total_loss: 0.6838, train/total_loss/avg: 0.6810, max mem: 573.0, experiment: run, epoch: 11, num_updates: 700, iterations: 700, max_updates: 10000, lr: 0.00002, ups: 4.76, time: 21s 567ms, time_since_start: 02m 41s 087ms, eta: 33m 35s 823ms
2021-08-16T17:07:00 | INFO | mmf.trainers.callbacks.logistics : progress: 800/10000, train/hateful_memes/cross_entropy: 0.6649, train/hateful_memes/cross_entropy/avg: 0.6723, train/total_loss: 0.6649, train/total_loss/avg: 0.6723, max mem: 573.0, experiment: run, epoch: 12, num_updates: 800, iterations: 800, max_updates: 10000, lr: 0.00002, ups: 5.00, time: 20s 433ms, time_since_start: 03m 01s 521ms, eta: 31m 29s 263ms
2021-08-16T17:07:22 | INFO | mmf.trainers.callbacks.logistics : progress: 900/10000, train/hateful_memes/cross_entropy: 0.6649, train/hateful_memes/cross_entropy/avg: 0.6703, train/total_loss: 0.6649, train/total_loss/avg: 0.6703, max mem: 573.0, experiment: run, epoch: 14, num_updates: 900, iterations: 900, max_updates: 10000, lr: 0.00002, ups: 4.76, time: 21s 299ms, time_since_start: 03m 22s 820ms, eta: 32m 27s 963ms
2021-08-16T17:07:42 | INFO | mmf.trainers.callbacks.checkpoint : Checkpoint time. Saving a checkpoint.
2021-08-16T17:07:42 | INFO | mmf.utils.checkpoint : Checkpoint save operation started!
2021-08-16T17:07:43 | INFO | mmf.utils.checkpoint : Saving current checkpoint
2021-08-16T17:07:43 | INFO | mmf.utils.checkpoint : Checkpoint save operation finished!
2021-08-16T17:07:43 | INFO | mmf.trainers.callbacks.logistics : progress: 1000/10000, train/hateful_memes/cross_entropy: 0.6542, train/hateful_memes/cross_entropy/avg: 0.6687, train/total_loss: 0.6542, train/total_loss/avg: 0.6687, max mem: 573.0, experiment: run, epoch: 15, num_updates: 1000, iterations: 1000, max_updates: 10000, lr: 0.00003, ups: 4.76, time: 21s 940ms, time_since_start: 03m 44s 760ms, eta: 33m 04s 481ms
2021-08-16T17:07:43 | INFO | mmf.trainers.core.training_loop : Evaluation time. Running on full validation set...
2021-08-16T17:07:43 | INFO | mmf.common.test_reporter : Predicting for hateful_memes
2021-08-16T17:07:56 | INFO | mmf.trainers.core.evaluation_loop : Finished training. Loaded 5
2021-08-16T17:07:56 | INFO | mmf.trainers.core.evaluation_loop :  -- skipped 0 batches.
2021-08-16T17:07:56 | INFO | mmf.utils.checkpoint : Checkpoint save operation started!
2021-08-16T17:07:57 | INFO | mmf.utils.checkpoint : Saving best checkpoint
2021-08-16T17:07:58 | INFO | mmf.utils.checkpoint : Saving current checkpoint
2021-08-16T17:07:59 | INFO | mmf.utils.checkpoint : Checkpoint save operation finished!
2021-08-16T17:07:59 | INFO | mmf.trainers.callbacks.logistics : progress: 1000/10000, val/hateful_memes/cross_entropy: 0.6910, val/total_loss: 0.6910, val/hateful_memes/accuracy: 0.5963, val/hateful_memes/binary_f1: 0.1964, val/hateful_memes/roc_auc: 0.5266, num_updates: 1000, epoch: 15, iterations: 1000, max_updates: 10000, val_time: 15s 402ms, best_update: 1000, best_iteration: 1000, best_val/hateful_memes/roc_auc: 0.526641
2021-08-16T17:08:39 | INFO | mmf.trainers.callbacks.logistics : progress: 1100/10000, train/hateful_memes/cross_entropy: 0.6542, train/hateful_memes/cross_entropy/avg: 0.6589, train/total_loss: 0.6542, train/total_loss/avg: 0.6589, max mem: 573.0, experiment: run, epoch: 17, num_updates: 1100, iterations: 1100, max_updates: 10000, lr: 0.00003, ups: 2.50, time: 40s 017ms, time_since_start: 04m 40s 182ms, eta: 59m 39s 326ms
2021-08-16T17:09:00 | INFO | mmf.trainers.callbacks.logistics : progress: 1200/10000, train/hateful_memes/cross_entropy: 0.6539, train/hateful_memes/cross_entropy/avg: 0.6524, train/total_loss: 0.6539, train/total_loss/avg: 0.6524, max mem: 573.0, experiment: run, epoch: 18, num_updates: 1200, iterations: 1200, max_updates: 10000, lr: 0.00003, ups: 5.00, time: 20s 784ms, time_since_start: 05m 966ms, eta: 30m 38s 141ms
2021-08-16T17:09:21 | INFO | mmf.trainers.callbacks.logistics : progress: 1300/10000, train/hateful_memes/cross_entropy: 0.6539, train/hateful_memes/cross_entropy/avg: 0.6516, train/total_loss: 0.6539, train/total_loss/avg: 0.6516, max mem: 573.0, experiment: run, epoch: 20, num_updates: 1300, iterations: 1300, max_updates: 10000, lr: 0.00003, ups: 4.76, time: 21s 137ms, time_since_start: 05m 22s 104ms, eta: 30m 48s 185ms
2021-08-16T17:09:41 | INFO | mmf.trainers.callbacks.logistics : progress: 1400/10000, train/hateful_memes/cross_entropy: 0.6428, train/hateful_memes/cross_entropy/avg: 0.6502, train/total_loss: 0.6428, train/total_loss/avg: 0.6502, max mem: 573.0, experiment: run, epoch: 21, num_updates: 1400, iterations: 1400, max_updates: 10000, lr: 0.00003, ups: 5.00, time: 20s 458ms, time_since_start: 05m 42s 562ms, eta: 29m 28s 208ms
2021-08-16T17:10:03 | INFO | mmf.trainers.callbacks.logistics : progress: 1500/10000, train/hateful_memes/cross_entropy: 0.6428, train/hateful_memes/cross_entropy/avg: 0.6483, train/total_loss: 0.6428, train/total_loss/avg: 0.6483, max mem: 573.0, experiment: run, epoch: 23, num_updates: 1500, iterations: 1500, max_updates: 10000, lr: 0.00004, ups: 4.76, time: 21s 360ms, time_since_start: 06m 03s 922ms, eta: 30m 24s 700ms
2021-08-16T17:10:24 | INFO | mmf.trainers.callbacks.logistics : progress: 1600/10000, train/hateful_memes/cross_entropy: 0.6310, train/hateful_memes/cross_entropy/avg: 0.6442, train/total_loss: 0.6310, train/total_loss/avg: 0.6442, max mem: 573.0, experiment: run, epoch: 24, num_updates: 1600, iterations: 1600, max_updates: 10000, lr: 0.00004, ups: 4.76, time: 21s 108ms, time_since_start: 06m 25s 031ms, eta: 29m 41s 960ms
2021-08-16T17:10:45 | INFO | mmf.trainers.callbacks.logistics : progress: 1700/10000, train/hateful_memes/cross_entropy: 0.6310, train/hateful_memes/cross_entropy/avg: 0.6414, train/total_loss: 0.6310, train/total_loss/avg: 0.6414, max mem: 573.0, experiment: run, epoch: 26, num_updates: 1700, iterations: 1700, max_updates: 10000, lr: 0.00004, ups: 4.76, time: 21s 357ms, time_since_start: 06m 46s 388ms, eta: 29m 41s 518ms
2021-08-16T17:11:06 | INFO | mmf.trainers.callbacks.logistics : progress: 1800/10000, train/hateful_memes/cross_entropy: 0.6223, train/hateful_memes/cross_entropy/avg: 0.6367, train/total_loss: 0.6223, train/total_loss/avg: 0.6367, max mem: 573.0, experiment: run, epoch: 27, num_updates: 1800, iterations: 1800, max_updates: 10000, lr: 0.00005, ups: 5.00, time: 20s 757ms, time_since_start: 07m 07s 145ms, eta: 28m 30s 611ms
2021-08-16T17:11:27 | INFO | mmf.trainers.callbacks.logistics : progress: 1900/10000, train/hateful_memes/cross_entropy: 0.6223, train/hateful_memes/cross_entropy/avg: 0.6285, train/total_loss: 0.6223, train/total_loss/avg: 0.6285, max mem: 573.0, experiment: run, epoch: 29, num_updates: 1900, iterations: 1900, max_updates: 10000, lr: 0.00005, ups: 5.00, time: 20s 951ms, time_since_start: 07m 28s 097ms, eta: 28m 25s 560ms
2021-08-16T17:11:48 | INFO | mmf.trainers.callbacks.checkpoint : Checkpoint time. Saving a checkpoint.
2021-08-16T17:11:48 | INFO | mmf.utils.checkpoint : Checkpoint save operation started!
2021-08-16T17:11:49 | INFO | mmf.utils.checkpoint : Saving current checkpoint
2021-08-16T17:11:50 | INFO | mmf.utils.checkpoint : Checkpoint save operation finished!
2021-08-16T17:11:50 | INFO | mmf.trainers.callbacks.logistics : progress: 2000/10000, train/hateful_memes/cross_entropy: 0.6116, train/hateful_memes/cross_entropy/avg: 0.6253, train/total_loss: 0.6116, train/total_loss/avg: 0.6253, max mem: 573.0, experiment: run, epoch: 30, num_updates: 2000, iterations: 2000, max_updates: 10000, lr: 0.00005, ups: 4.35, time: 23s 021ms, time_since_start: 07m 51s 119ms, eta: 30m 50s 964ms
2021-08-16T17:11:50 | INFO | mmf.trainers.core.training_loop : Evaluation time. Running on full validation set...
2021-08-16T17:11:50 | INFO | mmf.common.test_reporter : Predicting for hateful_memes
2021-08-16T17:12:02 | INFO | mmf.trainers.core.evaluation_loop : Finished training. Loaded 5
2021-08-16T17:12:02 | INFO | mmf.trainers.core.evaluation_loop :  -- skipped 0 batches.
2021-08-16T17:12:02 | INFO | mmf.utils.checkpoint : Checkpoint save operation started!
2021-08-16T17:12:04 | INFO | mmf.utils.checkpoint : Saving best checkpoint
2021-08-16T17:12:05 | INFO | mmf.utils.checkpoint : Saving current checkpoint
2021-08-16T17:12:06 | INFO | mmf.utils.checkpoint : Checkpoint save operation finished!
2021-08-16T17:12:06 | INFO | mmf.trainers.callbacks.logistics : progress: 2000/10000, val/hateful_memes/cross_entropy: 0.7186, val/total_loss: 0.7186, val/hateful_memes/accuracy: 0.6000, val/hateful_memes/binary_f1: 0.2716, val/hateful_memes/roc_auc: 0.5442, num_updates: 2000, epoch: 30, iterations: 2000, max_updates: 10000, val_time: 15s 860ms, best_update: 2000, best_iteration: 2000, best_val/hateful_memes/roc_auc: 0.544179
2021-08-16T17:12:26 | INFO | mmf.trainers.callbacks.logistics : progress: 2100/10000, train/hateful_memes/cross_entropy: 0.6116, train/hateful_memes/cross_entropy/avg: 0.6260, train/total_loss: 0.6116, train/total_loss/avg: 0.6260, max mem: 573.0, experiment: run, epoch: 32, num_updates: 2100, iterations: 2100, max_updates: 10000, lr: 0.00005, ups: 5.00, time: 20s 384ms, time_since_start: 08m 27s 366ms, eta: 26m 58s 449ms
2021-08-16T17:12:46 | INFO | mmf.trainers.callbacks.logistics : progress: 2200/10000, train/hateful_memes/cross_entropy: 0.6062, train/hateful_memes/cross_entropy/avg: 0.6223, train/total_loss: 0.6062, train/total_loss/avg: 0.6223, max mem: 573.0, experiment: run, epoch: 33, num_updates: 2200, iterations: 2200, max_updates: 10000, lr: 0.00005, ups: 5.00, time: 20s 386ms, time_since_start: 08m 47s 753ms, eta: 26m 38s 110ms
2021-08-16T17:13:08 | INFO | mmf.trainers.callbacks.logistics : progress: 2300/10000, train/hateful_memes/cross_entropy: 0.5956, train/hateful_memes/cross_entropy/avg: 0.6203, train/total_loss: 0.5956, train/total_loss/avg: 0.6203, max mem: 573.0, experiment: run, epoch: 35, num_updates: 2300, iterations: 2300, max_updates: 10000, lr: 0.00005, ups: 4.76, time: 21s 202ms, time_since_start: 09m 08s 955ms, eta: 27m 20s 738ms
2021-08-16T17:13:28 | INFO | mmf.trainers.callbacks.logistics : progress: 2400/10000, train/hateful_memes/cross_entropy: 0.5830, train/hateful_memes/cross_entropy/avg: 0.6143, train/total_loss: 0.5830, train/total_loss/avg: 0.6143, max mem: 573.0, experiment: run, epoch: 36, num_updates: 2400, iterations: 2400, max_updates: 10000, lr: 0.00005, ups: 5.00, time: 20s 787ms, time_since_start: 09m 29s 743ms, eta: 26m 27s 759ms
2021-08-16T17:13:50 | INFO | mmf.trainers.callbacks.logistics : progress: 2500/10000, train/hateful_memes/cross_entropy: 0.5812, train/hateful_memes/cross_entropy/avg: 0.6093, train/total_loss: 0.5812, train/total_loss/avg: 0.6093, max mem: 573.0, experiment: run, epoch: 38, num_updates: 2500, iterations: 2500, max_updates: 10000, lr: 0.00005, ups: 4.76, time: 21s 466ms, time_since_start: 09m 51s 209ms, eta: 26m 58s 060ms
2021-08-16T17:14:11 | INFO | mmf.trainers.callbacks.logistics : progress: 2600/10000, train/hateful_memes/cross_entropy: 0.5805, train/hateful_memes/cross_entropy/avg: 0.6069, train/total_loss: 0.5805, train/total_loss/avg: 0.6069, max mem: 573.0, experiment: run, epoch: 39, num_updates: 2600, iterations: 2600, max_updates: 10000, lr: 0.00005, ups: 5.00, time: 20s 645ms, time_since_start: 10m 11s 855ms, eta: 25m 35s 379ms
2021-08-16T17:14:32 | INFO | mmf.trainers.callbacks.logistics : progress: 2700/10000, train/hateful_memes/cross_entropy: 0.5771, train/hateful_memes/cross_entropy/avg: 0.6020, train/total_loss: 0.5771, train/total_loss/avg: 0.6020, max mem: 573.0, experiment: run, epoch: 41, num_updates: 2700, iterations: 2700, max_updates: 10000, lr: 0.00005, ups: 4.76, time: 21s 091ms, time_since_start: 10m 32s 946ms, eta: 25m 47s 348ms
2021-08-16T17:14:53 | INFO | mmf.trainers.callbacks.logistics : progress: 2800/10000, train/hateful_memes/cross_entropy: 0.5659, train/hateful_memes/cross_entropy/avg: 0.5947, train/total_loss: 0.5659, train/total_loss/avg: 0.5947, max mem: 573.0, experiment: run, epoch: 42, num_updates: 2800, iterations: 2800, max_updates: 10000, lr: 0.00005, ups: 5.00, time: 20s 961ms, time_since_start: 10m 53s 907ms, eta: 25m 16s 770ms
2021-08-16T17:15:14 | INFO | mmf.trainers.callbacks.logistics : progress: 2900/10000, train/hateful_memes/cross_entropy: 0.5613, train/hateful_memes/cross_entropy/avg: 0.5905, train/total_loss: 0.5613, train/total_loss/avg: 0.5905, max mem: 573.0, experiment: run, epoch: 44, num_updates: 2900, iterations: 2900, max_updates: 10000, lr: 0.00004, ups: 4.76, time: 21s 396ms, time_since_start: 11m 15s 304ms, eta: 25m 26s 752ms
2021-08-16T17:15:35 | INFO | mmf.trainers.callbacks.checkpoint : Checkpoint time. Saving a checkpoint.
2021-08-16T17:15:35 | INFO | mmf.utils.checkpoint : Checkpoint save operation started!
2021-08-16T17:15:36 | INFO | mmf.utils.checkpoint : Saving current checkpoint
2021-08-16T17:15:36 | INFO | mmf.utils.checkpoint : Checkpoint save operation finished!
2021-08-16T17:15:36 | INFO | mmf.trainers.callbacks.logistics : progress: 3000/10000, train/hateful_memes/cross_entropy: 0.5573, train/hateful_memes/cross_entropy/avg: 0.5893, train/total_loss: 0.5573, train/total_loss/avg: 0.5893, max mem: 573.0, experiment: run, epoch: 45, num_updates: 3000, iterations: 3000, max_updates: 10000, lr: 0.00004, ups: 4.55, time: 22s 382ms, time_since_start: 11m 37s 687ms, eta: 26m 14s 637ms
2021-08-16T17:15:36 | INFO | mmf.trainers.core.training_loop : Evaluation time. Running on full validation set...
2021-08-16T17:15:36 | INFO | mmf.common.test_reporter : Predicting for hateful_memes
2021-08-16T17:15:49 | INFO | mmf.trainers.core.evaluation_loop : Finished training. Loaded 5
2021-08-16T17:15:49 | INFO | mmf.trainers.core.evaluation_loop :  -- skipped 0 batches.
2021-08-16T17:15:49 | INFO | mmf.utils.checkpoint : Checkpoint save operation started!
2021-08-16T17:15:50 | INFO | mmf.utils.checkpoint : Saving best checkpoint
2021-08-16T17:15:51 | INFO | mmf.utils.checkpoint : Saving current checkpoint
2021-08-16T17:15:52 | INFO | mmf.utils.checkpoint : Checkpoint save operation finished!
2021-08-16T17:15:52 | INFO | mmf.trainers.callbacks.logistics : progress: 3000/10000, val/hateful_memes/cross_entropy: 0.7684, val/total_loss: 0.7684, val/hateful_memes/accuracy: 0.5889, val/hateful_memes/binary_f1: 0.3064, val/hateful_memes/roc_auc: 0.5472, num_updates: 3000, epoch: 45, iterations: 3000, max_updates: 10000, val_time: 15s 826ms, best_update: 3000, best_iteration: 3000, best_val/hateful_memes/roc_auc: 0.547234
2021-08-16T17:16:12 | INFO | mmf.trainers.callbacks.logistics : progress: 3100/10000, train/hateful_memes/cross_entropy: 0.5563, train/hateful_memes/cross_entropy/avg: 0.5852, train/total_loss: 0.5563, train/total_loss/avg: 0.5852, max mem: 573.0, experiment: run, epoch: 47, num_updates: 3100, iterations: 3100, max_updates: 10000, lr: 0.00004, ups: 5.26, time: 19s 893ms, time_since_start: 12m 13s 410ms, eta: 22m 59s 550ms
2021-08-16T17:16:33 | INFO | mmf.trainers.callbacks.logistics : progress: 3200/10000, train/hateful_memes/cross_entropy: 0.5455, train/hateful_memes/cross_entropy/avg: 0.5782, train/total_loss: 0.5455, train/total_loss/avg: 0.5782, max mem: 573.0, experiment: run, epoch: 48, num_updates: 3200, iterations: 3200, max_updates: 10000, lr: 0.00004, ups: 5.00, time: 20s 620ms, time_since_start: 12m 34s 030ms, eta: 23m 29s 233ms
2021-08-16T17:16:54 | INFO | mmf.trainers.callbacks.logistics : progress: 3300/10000, train/hateful_memes/cross_entropy: 0.5439, train/hateful_memes/cross_entropy/avg: 0.5741, train/total_loss: 0.5439, train/total_loss/avg: 0.5741, max mem: 573.0, experiment: run, epoch: 50, num_updates: 3300, iterations: 3300, max_updates: 10000, lr: 0.00004, ups: 4.76, time: 21s 125ms, time_since_start: 12m 55s 156ms, eta: 23m 42s 508ms
2021-08-16T17:17:15 | INFO | mmf.trainers.callbacks.logistics : progress: 3400/10000, train/hateful_memes/cross_entropy: 0.4890, train/hateful_memes/cross_entropy/avg: 0.5704, train/total_loss: 0.4890, train/total_loss/avg: 0.5704, max mem: 573.0, experiment: run, epoch: 51, num_updates: 3400, iterations: 3400, max_updates: 10000, lr: 0.00004, ups: 4.76, time: 21s 045ms, time_since_start: 13m 16s 202ms, eta: 23m 15s 975ms
2021-08-16T17:17:36 | INFO | mmf.trainers.callbacks.logistics : progress: 3500/10000, train/hateful_memes/cross_entropy: 0.4802, train/hateful_memes/cross_entropy/avg: 0.5654, train/total_loss: 0.4802, train/total_loss/avg: 0.5654, max mem: 573.0, experiment: run, epoch: 53, num_updates: 3500, iterations: 3500, max_updates: 10000, lr: 0.00004, ups: 5.00, time: 20s 668ms, time_since_start: 13m 36s 870ms, eta: 22m 30s 151ms
2021-08-16T17:17:57 | INFO | mmf.trainers.callbacks.logistics : progress: 3600/10000, train/hateful_memes/cross_entropy: 0.4760, train/hateful_memes/cross_entropy/avg: 0.5603, train/total_loss: 0.4760, train/total_loss/avg: 0.5603, max mem: 573.0, experiment: run, epoch: 54, num_updates: 3600, iterations: 3600, max_updates: 10000, lr: 0.00004, ups: 4.76, time: 21s 192ms, time_since_start: 13m 58s 063ms, eta: 22m 43s 081ms
2021-08-16T17:18:18 | INFO | mmf.trainers.callbacks.logistics : progress: 3700/10000, train/hateful_memes/cross_entropy: 0.4760, train/hateful_memes/cross_entropy/avg: 0.5570, train/total_loss: 0.4760, train/total_loss/avg: 0.5570, max mem: 573.0, experiment: run, epoch: 56, num_updates: 3700, iterations: 3700, max_updates: 10000, lr: 0.00004, ups: 4.76, time: 21s 474ms, time_since_start: 14m 19s 537ms, eta: 22m 39s 645ms
2021-08-16T17:18:39 | INFO | mmf.trainers.callbacks.logistics : progress: 3800/10000, train/hateful_memes/cross_entropy: 0.4760, train/hateful_memes/cross_entropy/avg: 0.5576, train/total_loss: 0.4760, train/total_loss/avg: 0.5576, max mem: 573.0, experiment: run, epoch: 57, num_updates: 3800, iterations: 3800, max_updates: 10000, lr: 0.00004, ups: 5.00, time: 20s 980ms, time_since_start: 14m 40s 518ms, eta: 21m 47s 297ms
2021-08-16T17:19:01 | INFO | mmf.trainers.callbacks.logistics : progress: 3900/10000, train/hateful_memes/cross_entropy: 0.4728, train/hateful_memes/cross_entropy/avg: 0.5534, train/total_loss: 0.4728, train/total_loss/avg: 0.5534, max mem: 573.0, experiment: run, epoch: 59, num_updates: 3900, iterations: 3900, max_updates: 10000, lr: 0.00004, ups: 4.76, time: 21s 288ms, time_since_start: 15m 01s 806ms, eta: 21m 45s 107ms
2021-08-16T17:19:21 | INFO | mmf.trainers.callbacks.checkpoint : Checkpoint time. Saving a checkpoint.
2021-08-16T17:19:21 | INFO | mmf.utils.checkpoint : Checkpoint save operation started!
2021-08-16T17:19:22 | INFO | mmf.utils.checkpoint : Saving current checkpoint
2021-08-16T17:19:23 | INFO | mmf.utils.checkpoint : Checkpoint save operation finished!
2021-08-16T17:19:23 | INFO | mmf.trainers.callbacks.logistics : progress: 4000/10000, train/hateful_memes/cross_entropy: 0.4728, train/hateful_memes/cross_entropy/avg: 0.5517, train/total_loss: 0.4728, train/total_loss/avg: 0.5517, max mem: 573.0, experiment: run, epoch: 60, num_updates: 4000, iterations: 4000, max_updates: 10000, lr: 0.00004, ups: 4.55, time: 22s 504ms, time_since_start: 15m 24s 311ms, eta: 22m 37s 041ms
2021-08-16T17:19:23 | INFO | mmf.trainers.core.training_loop : Evaluation time. Running on full validation set...
2021-08-16T17:19:23 | INFO | mmf.common.test_reporter : Predicting for hateful_memes
2021-08-16T17:19:36 | INFO | mmf.trainers.core.evaluation_loop : Finished training. Loaded 5
2021-08-16T17:19:36 | INFO | mmf.trainers.core.evaluation_loop :  -- skipped 0 batches.
2021-08-16T17:19:36 | INFO | mmf.utils.checkpoint : Checkpoint save operation started!
2021-08-16T17:19:37 | INFO | mmf.utils.checkpoint : Saving current checkpoint
2021-08-16T17:19:38 | INFO | mmf.utils.checkpoint : Checkpoint save operation finished!
2021-08-16T17:19:38 | INFO | mmf.trainers.callbacks.logistics : progress: 4000/10000, val/hateful_memes/cross_entropy: 0.8217, val/total_loss: 0.8217, val/hateful_memes/accuracy: 0.5870, val/hateful_memes/binary_f1: 0.2997, val/hateful_memes/roc_auc: 0.5429, num_updates: 4000, epoch: 60, iterations: 4000, max_updates: 10000, val_time: 14s 917ms, best_update: 3000, best_iteration: 3000, best_val/hateful_memes/roc_auc: 0.547234
2021-08-16T17:19:58 | INFO | mmf.trainers.callbacks.logistics : progress: 4100/10000, train/hateful_memes/cross_entropy: 0.4599, train/hateful_memes/cross_entropy/avg: 0.5478, train/total_loss: 0.4599, train/total_loss/avg: 0.5478, max mem: 573.0, experiment: run, epoch: 62, num_updates: 4100, iterations: 4100, max_updates: 10000, lr: 0.00004, ups: 5.26, time: 19s 918ms, time_since_start: 15m 59s 149ms, eta: 19m 41s 073ms
2021-08-16T17:20:19 | INFO | mmf.trainers.callbacks.logistics : progress: 4200/10000, train/hateful_memes/cross_entropy: 0.4490, train/hateful_memes/cross_entropy/avg: 0.5440, train/total_loss: 0.4490, train/total_loss/avg: 0.5440, max mem: 573.0, experiment: run, epoch: 63, num_updates: 4200, iterations: 4200, max_updates: 10000, lr: 0.00004, ups: 5.00, time: 20s 885ms, time_since_start: 16m 20s 034ms, eta: 20m 17s 415ms
2021-08-16T17:20:40 | INFO | mmf.trainers.callbacks.logistics : progress: 4300/10000, train/hateful_memes/cross_entropy: 0.4490, train/hateful_memes/cross_entropy/avg: 0.5435, train/total_loss: 0.4490, train/total_loss/avg: 0.5435, max mem: 573.0, experiment: run, epoch: 65, num_updates: 4300, iterations: 4300, max_updates: 10000, lr: 0.00004, ups: 5.00, time: 20s 820ms, time_since_start: 16m 40s 855ms, eta: 19m 52s 693ms
2021-08-16T17:21:01 | INFO | mmf.trainers.callbacks.logistics : progress: 4400/10000, train/hateful_memes/cross_entropy: 0.4420, train/hateful_memes/cross_entropy/avg: 0.5403, train/total_loss: 0.4420, train/total_loss/avg: 0.5403, max mem: 573.0, experiment: run, epoch: 66, num_updates: 4400, iterations: 4400, max_updates: 10000, lr: 0.00003, ups: 4.76, time: 21s 097ms, time_since_start: 17m 01s 952ms, eta: 19m 47s 376ms
2021-08-16T17:21:22 | INFO | mmf.trainers.callbacks.logistics : progress: 4500/10000, train/hateful_memes/cross_entropy: 0.4402, train/hateful_memes/cross_entropy/avg: 0.5371, train/total_loss: 0.4402, train/total_loss/avg: 0.5371, max mem: 573.0, experiment: run, epoch: 68, num_updates: 4500, iterations: 4500, max_updates: 10000, lr: 0.00003, ups: 4.76, time: 21s 104ms, time_since_start: 17m 23s 057ms, eta: 19m 26s 571ms
2021-08-16T17:21:42 | INFO | mmf.trainers.callbacks.logistics : progress: 4600/10000, train/hateful_memes/cross_entropy: 0.4051, train/hateful_memes/cross_entropy/avg: 0.5337, train/total_loss: 0.4051, train/total_loss/avg: 0.5337, max mem: 573.0, experiment: run, epoch: 69, num_updates: 4600, iterations: 4600, max_updates: 10000, lr: 0.00003, ups: 5.00, time: 20s 440ms, time_since_start: 17m 43s 498ms, eta: 18m 29s 310ms
2021-08-16T17:22:04 | INFO | mmf.trainers.callbacks.logistics : progress: 4700/10000, train/hateful_memes/cross_entropy: 0.3969, train/hateful_memes/cross_entropy/avg: 0.5298, train/total_loss: 0.3969, train/total_loss/avg: 0.5298, max mem: 573.0, experiment: run, epoch: 71, num_updates: 4700, iterations: 4700, max_updates: 10000, lr: 0.00003, ups: 4.76, time: 21s 232ms, time_since_start: 18m 04s 730ms, eta: 18m 50s 923ms
2021-08-16T17:22:24 | INFO | mmf.trainers.callbacks.logistics : progress: 4800/10000, train/hateful_memes/cross_entropy: 0.3957, train/hateful_memes/cross_entropy/avg: 0.5270, train/total_loss: 0.3957, train/total_loss/avg: 0.5270, max mem: 573.0, experiment: run, epoch: 72, num_updates: 4800, iterations: 4800, max_updates: 10000, lr: 0.00003, ups: 5.00, time: 20s 661ms, time_since_start: 18m 25s 391ms, eta: 17m 59s 750ms
2021-08-16T17:22:45 | INFO | mmf.trainers.callbacks.logistics : progress: 4900/10000, train/hateful_memes/cross_entropy: 0.3957, train/hateful_memes/cross_entropy/avg: 0.5254, train/total_loss: 0.3957, train/total_loss/avg: 0.5254, max mem: 573.0, experiment: run, epoch: 74, num_updates: 4900, iterations: 4900, max_updates: 10000, lr: 0.00003, ups: 4.76, time: 21s 221ms, time_since_start: 18m 46s 613ms, eta: 18m 07s 714ms
2021-08-16T17:23:06 | INFO | mmf.trainers.callbacks.checkpoint : Checkpoint time. Saving a checkpoint.
2021-08-16T17:23:06 | INFO | mmf.utils.checkpoint : Checkpoint save operation started!
2021-08-16T17:23:07 | INFO | mmf.utils.checkpoint : Saving current checkpoint
2021-08-16T17:23:08 | INFO | mmf.utils.checkpoint : Checkpoint save operation finished!
2021-08-16T17:23:08 | INFO | mmf.trainers.callbacks.logistics : progress: 5000/10000, train/hateful_memes/cross_entropy: 0.3956, train/hateful_memes/cross_entropy/avg: 0.5220, train/total_loss: 0.3956, train/total_loss/avg: 0.5220, max mem: 573.0, experiment: run, epoch: 75, num_updates: 5000, iterations: 5000, max_updates: 10000, lr: 0.00003, ups: 4.55, time: 22s 515ms, time_since_start: 19m 09s 129ms, eta: 18m 51s 425ms
2021-08-16T17:23:08 | INFO | mmf.trainers.core.training_loop : Evaluation time. Running on full validation set...
2021-08-16T17:23:08 | INFO | mmf.common.test_reporter : Predicting for hateful_memes
2021-08-16T17:23:20 | INFO | mmf.trainers.core.evaluation_loop : Finished training. Loaded 5
2021-08-16T17:23:20 | INFO | mmf.trainers.core.evaluation_loop :  -- skipped 0 batches.
2021-08-16T17:23:21 | INFO | mmf.utils.checkpoint : Checkpoint save operation started!
2021-08-16T17:23:22 | INFO | mmf.utils.checkpoint : Saving current checkpoint
2021-08-16T17:23:23 | INFO | mmf.utils.checkpoint : Checkpoint save operation finished!
2021-08-16T17:23:23 | INFO | mmf.trainers.callbacks.logistics : progress: 5000/10000, val/hateful_memes/cross_entropy: 0.8610, val/total_loss: 0.8610, val/hateful_memes/accuracy: 0.5815, val/hateful_memes/binary_f1: 0.3327, val/hateful_memes/roc_auc: 0.5351, num_updates: 5000, epoch: 75, iterations: 5000, max_updates: 10000, val_time: 14s 845ms, best_update: 3000, best_iteration: 3000, best_val/hateful_memes/roc_auc: 0.547234
2021-08-16T17:23:42 | INFO | mmf.trainers.callbacks.logistics : progress: 5100/10000, train/hateful_memes/cross_entropy: 0.3943, train/hateful_memes/cross_entropy/avg: 0.5184, train/total_loss: 0.3943, train/total_loss/avg: 0.5184, max mem: 573.0, experiment: run, epoch: 77, num_updates: 5100, iterations: 5100, max_updates: 10000, lr: 0.00003, ups: 5.26, time: 19s 602ms, time_since_start: 19m 43s 579ms, eta: 16m 05s 342ms
2021-08-16T17:24:04 | INFO | mmf.trainers.callbacks.logistics : progress: 5200/10000, train/hateful_memes/cross_entropy: 0.3943, train/hateful_memes/cross_entropy/avg: 0.5156, train/total_loss: 0.3943, train/total_loss/avg: 0.5156, max mem: 573.0, experiment: run, epoch: 78, num_updates: 5200, iterations: 5200, max_updates: 10000, lr: 0.00003, ups: 4.76, time: 21s 311ms, time_since_start: 20m 04s 890ms, eta: 17m 08s 063ms
2021-08-16T17:24:25 | INFO | mmf.trainers.callbacks.logistics : progress: 5300/10000, train/hateful_memes/cross_entropy: 0.3942, train/hateful_memes/cross_entropy/avg: 0.5127, train/total_loss: 0.3942, train/total_loss/avg: 0.5127, max mem: 573.0, experiment: run, epoch: 80, num_updates: 5300, iterations: 5300, max_updates: 10000, lr: 0.00003, ups: 4.76, time: 21s 078ms, time_since_start: 20m 25s 969ms, eta: 16m 35s 628ms
2021-08-16T17:24:46 | INFO | mmf.trainers.callbacks.logistics : progress: 5400/10000, train/hateful_memes/cross_entropy: 0.3898, train/hateful_memes/cross_entropy/avg: 0.5098, train/total_loss: 0.3898, train/total_loss/avg: 0.5098, max mem: 573.0, experiment: run, epoch: 81, num_updates: 5400, iterations: 5400, max_updates: 10000, lr: 0.00003, ups: 4.76, time: 21s 014ms, time_since_start: 20m 46s 984ms, eta: 16m 11s 522ms
2021-08-16T17:25:07 | INFO | mmf.trainers.callbacks.logistics : progress: 5500/10000, train/hateful_memes/cross_entropy: 0.3895, train/hateful_memes/cross_entropy/avg: 0.5073, train/total_loss: 0.3895, train/total_loss/avg: 0.5073, max mem: 573.0, experiment: run, epoch: 83, num_updates: 5500, iterations: 5500, max_updates: 10000, lr: 0.00003, ups: 4.76, time: 21s 251ms, time_since_start: 21m 08s 236ms, eta: 16m 01s 119ms
2021-08-16T17:25:28 | INFO | mmf.trainers.callbacks.logistics : progress: 5600/10000, train/hateful_memes/cross_entropy: 0.3895, train/hateful_memes/cross_entropy/avg: 0.5039, train/total_loss: 0.3895, train/total_loss/avg: 0.5039, max mem: 573.0, experiment: run, epoch: 84, num_updates: 5600, iterations: 5600, max_updates: 10000, lr: 0.00003, ups: 5.00, time: 20s 983ms, time_since_start: 21m 29s 219ms, eta: 15m 27s 888ms
2021-08-16T17:25:50 | INFO | mmf.trainers.callbacks.logistics : progress: 5700/10000, train/hateful_memes/cross_entropy: 0.3834, train/hateful_memes/cross_entropy/avg: 0.5013, train/total_loss: 0.3834, train/total_loss/avg: 0.5013, max mem: 573.0, experiment: run, epoch: 86, num_updates: 5700, iterations: 5700, max_updates: 10000, lr: 0.00003, ups: 4.55, time: 22s 002ms, time_since_start: 21m 51s 222ms, eta: 15m 50s 841ms
2021-08-16T17:26:11 | INFO | mmf.trainers.callbacks.logistics : progress: 5800/10000, train/hateful_memes/cross_entropy: 0.3834, train/hateful_memes/cross_entropy/avg: 0.5007, train/total_loss: 0.3834, train/total_loss/avg: 0.5007, max mem: 573.0, experiment: run, epoch: 87, num_updates: 5800, iterations: 5800, max_updates: 10000, lr: 0.00003, ups: 5.00, time: 20s 561ms, time_since_start: 22m 11s 783ms, eta: 14m 27s 915ms
2021-08-16T17:26:32 | INFO | mmf.trainers.callbacks.logistics : progress: 5900/10000, train/hateful_memes/cross_entropy: 0.3834, train/hateful_memes/cross_entropy/avg: 0.4988, train/total_loss: 0.3834, train/total_loss/avg: 0.4988, max mem: 573.0, experiment: run, epoch: 89, num_updates: 5900, iterations: 5900, max_updates: 10000, lr: 0.00003, ups: 4.76, time: 21s 200ms, time_since_start: 22m 32s 984ms, eta: 14m 33s 573ms
2021-08-16T17:26:53 | INFO | mmf.trainers.callbacks.checkpoint : Checkpoint time. Saving a checkpoint.
2021-08-16T17:26:53 | INFO | mmf.utils.checkpoint : Checkpoint save operation started!
2021-08-16T17:26:54 | INFO | mmf.utils.checkpoint : Saving current checkpoint
2021-08-16T17:26:55 | INFO | mmf.utils.checkpoint : Checkpoint save operation finished!
2021-08-16T17:26:55 | INFO | mmf.trainers.callbacks.logistics : progress: 6000/10000, train/hateful_memes/cross_entropy: 0.3726, train/hateful_memes/cross_entropy/avg: 0.4961, train/total_loss: 0.3726, train/total_loss/avg: 0.4961, max mem: 573.0, experiment: run, epoch: 90, num_updates: 6000, iterations: 6000, max_updates: 10000, lr: 0.00003, ups: 4.35, time: 23s 095ms, time_since_start: 22m 56s 079ms, eta: 15m 28s 424ms
2021-08-16T17:26:55 | INFO | mmf.trainers.core.training_loop : Evaluation time. Running on full validation set...
2021-08-16T17:26:55 | INFO | mmf.common.test_reporter : Predicting for hateful_memes
2021-08-16T17:27:07 | INFO | mmf.trainers.core.evaluation_loop : Finished training. Loaded 5
2021-08-16T17:27:07 | INFO | mmf.trainers.core.evaluation_loop :  -- skipped 0 batches.
2021-08-16T17:27:08 | INFO | mmf.utils.checkpoint : Checkpoint save operation started!
2021-08-16T17:27:09 | INFO | mmf.utils.checkpoint : Saving current checkpoint
2021-08-16T17:27:10 | INFO | mmf.utils.checkpoint : Checkpoint save operation finished!
2021-08-16T17:27:10 | INFO | mmf.trainers.callbacks.logistics : progress: 6000/10000, val/hateful_memes/cross_entropy: 0.9028, val/total_loss: 0.9028, val/hateful_memes/accuracy: 0.5796, val/hateful_memes/binary_f1: 0.3206, val/hateful_memes/roc_auc: 0.5336, num_updates: 6000, epoch: 90, iterations: 6000, max_updates: 10000, val_time: 15s 098ms, best_update: 3000, best_iteration: 3000, best_val/hateful_memes/roc_auc: 0.547234
2021-08-16T17:27:30 | INFO | mmf.trainers.callbacks.logistics : progress: 6100/10000, train/hateful_memes/cross_entropy: 0.3692, train/hateful_memes/cross_entropy/avg: 0.4931, train/total_loss: 0.3692, train/total_loss/avg: 0.4931, max mem: 573.0, experiment: run, epoch: 92, num_updates: 6100, iterations: 6100, max_updates: 10000, lr: 0.00002, ups: 5.00, time: 20s 223ms, time_since_start: 23m 31s 404ms, eta: 13m 12s 658ms
2021-08-16T17:27:52 | INFO | mmf.trainers.callbacks.logistics : progress: 6200/10000, train/hateful_memes/cross_entropy: 0.3601, train/hateful_memes/cross_entropy/avg: 0.4903, train/total_loss: 0.3601, train/total_loss/avg: 0.4903, max mem: 573.0, experiment: run, epoch: 93, num_updates: 6200, iterations: 6200, max_updates: 10000, lr: 0.00002, ups: 4.76, time: 21s 411ms, time_since_start: 23m 52s 815ms, eta: 13m 37s 705ms
2021-08-16T17:28:14 | INFO | mmf.trainers.callbacks.logistics : progress: 6300/10000, train/hateful_memes/cross_entropy: 0.3601, train/hateful_memes/cross_entropy/avg: 0.4885, train/total_loss: 0.3601, train/total_loss/avg: 0.4885, max mem: 573.0, experiment: run, epoch: 95, num_updates: 6300, iterations: 6300, max_updates: 10000, lr: 0.00002, ups: 4.55, time: 22s 028ms, time_since_start: 24m 14s 844ms, eta: 13m 39s 130ms
2021-08-16T17:28:35 | INFO | mmf.trainers.callbacks.logistics : progress: 6400/10000, train/hateful_memes/cross_entropy: 0.3591, train/hateful_memes/cross_entropy/avg: 0.4856, train/total_loss: 0.3591, train/total_loss/avg: 0.4856, max mem: 573.0, experiment: run, epoch: 96, num_updates: 6400, iterations: 6400, max_updates: 10000, lr: 0.00002, ups: 5.00, time: 20s 837ms, time_since_start: 24m 35s 681ms, eta: 12m 33s 898ms
2021-08-16T17:28:56 | INFO | mmf.trainers.callbacks.logistics : progress: 6500/10000, train/hateful_memes/cross_entropy: 0.3538, train/hateful_memes/cross_entropy/avg: 0.4831, train/total_loss: 0.3538, train/total_loss/avg: 0.4831, max mem: 573.0, experiment: run, epoch: 98, num_updates: 6500, iterations: 6500, max_updates: 10000, lr: 0.00002, ups: 4.76, time: 21s 901ms, time_since_start: 24m 57s 583ms, eta: 12m 50s 394ms
2021-08-16T17:29:17 | INFO | mmf.trainers.callbacks.logistics : progress: 6600/10000, train/hateful_memes/cross_entropy: 0.3520, train/hateful_memes/cross_entropy/avg: 0.4808, train/total_loss: 0.3520, train/total_loss/avg: 0.4808, max mem: 573.0, experiment: run, epoch: 99, num_updates: 6600, iterations: 6600, max_updates: 10000, lr: 0.00002, ups: 5.00, time: 20s 865ms, time_since_start: 25m 18s 448ms, eta: 11m 52s 964ms
2021-08-16T17:29:38 | INFO | mmf.trainers.callbacks.logistics : progress: 6700/10000, train/hateful_memes/cross_entropy: 0.3520, train/hateful_memes/cross_entropy/avg: 0.4798, train/total_loss: 0.3520, train/total_loss/avg: 0.4798, max mem: 573.0, experiment: run, epoch: 100, num_updates: 6700, iterations: 6700, max_updates: 10000, lr: 0.00002, ups: 5.00, time: 20s 656ms, time_since_start: 25m 39s 105ms, eta: 11m 25s 076ms
2021-08-16T17:30:00 | INFO | mmf.trainers.callbacks.logistics : progress: 6800/10000, train/hateful_memes/cross_entropy: 0.3402, train/hateful_memes/cross_entropy/avg: 0.4774, train/total_loss: 0.3402, train/total_loss/avg: 0.4774, max mem: 573.0, experiment: run, epoch: 102, num_updates: 6800, iterations: 6800, max_updates: 10000, lr: 0.00002, ups: 4.76, time: 21s 792ms, time_since_start: 26m 897ms, eta: 11m 40s 833ms
2021-08-16T17:30:21 | INFO | mmf.trainers.callbacks.logistics : progress: 6900/10000, train/hateful_memes/cross_entropy: 0.3402, train/hateful_memes/cross_entropy/avg: 0.4758, train/total_loss: 0.3402, train/total_loss/avg: 0.4758, max mem: 573.0, experiment: run, epoch: 103, num_updates: 6900, iterations: 6900, max_updates: 10000, lr: 0.00002, ups: 5.00, time: 20s 686ms, time_since_start: 26m 21s 584ms, eta: 10m 44s 501ms
2021-08-16T17:30:42 | INFO | mmf.trainers.callbacks.checkpoint : Checkpoint time. Saving a checkpoint.
2021-08-16T17:30:42 | INFO | mmf.utils.checkpoint : Checkpoint save operation started!
2021-08-16T17:30:42 | INFO | mmf.utils.checkpoint : Saving current checkpoint
2021-08-16T17:30:43 | INFO | mmf.utils.checkpoint : Checkpoint save operation finished!
2021-08-16T17:30:43 | INFO | mmf.trainers.callbacks.logistics : progress: 7000/10000, train/hateful_memes/cross_entropy: 0.3363, train/hateful_memes/cross_entropy/avg: 0.4736, train/total_loss: 0.3363, train/total_loss/avg: 0.4736, max mem: 573.0, experiment: run, epoch: 105, num_updates: 7000, iterations: 7000, max_updates: 10000, lr: 0.00002, ups: 4.35, time: 23s 092ms, time_since_start: 26m 44s 676ms, eta: 11m 36s 235ms
2021-08-16T17:30:43 | INFO | mmf.trainers.core.training_loop : Evaluation time. Running on full validation set...
2021-08-16T17:30:43 | INFO | mmf.common.test_reporter : Predicting for hateful_memes
2021-08-16T17:30:56 | INFO | mmf.trainers.core.evaluation_loop : Finished training. Loaded 5
2021-08-16T17:30:56 | INFO | mmf.trainers.core.evaluation_loop :  -- skipped 0 batches.
2021-08-16T17:30:57 | INFO | mmf.utils.checkpoint : Checkpoint save operation started!
2021-08-16T17:30:58 | INFO | mmf.utils.checkpoint : Saving current checkpoint
2021-08-16T17:30:59 | INFO | mmf.utils.checkpoint : Checkpoint save operation finished!
2021-08-16T17:30:59 | INFO | mmf.trainers.callbacks.logistics : progress: 7000/10000, val/hateful_memes/cross_entropy: 0.9455, val/total_loss: 0.9455, val/hateful_memes/accuracy: 0.5833, val/hateful_memes/binary_f1: 0.3262, val/hateful_memes/roc_auc: 0.5311, num_updates: 7000, epoch: 105, iterations: 7000, max_updates: 10000, val_time: 15s 196ms, best_update: 3000, best_iteration: 3000, best_val/hateful_memes/roc_auc: 0.547234
2021-08-16T17:31:19 | INFO | mmf.trainers.callbacks.logistics : progress: 7100/10000, train/hateful_memes/cross_entropy: 0.3289, train/hateful_memes/cross_entropy/avg: 0.4715, train/total_loss: 0.3289, train/total_loss/avg: 0.4715, max mem: 573.0, experiment: run, epoch: 106, num_updates: 7100, iterations: 7100, max_updates: 10000, lr: 0.00002, ups: 5.00, time: 20s 193ms, time_since_start: 27m 20s 069ms, eta: 09m 48s 554ms
2021-08-16T17:31:41 | INFO | mmf.trainers.callbacks.logistics : progress: 7200/10000, train/hateful_memes/cross_entropy: 0.3289, train/hateful_memes/cross_entropy/avg: 0.4699, train/total_loss: 0.3289, train/total_loss/avg: 0.4699, max mem: 573.0, experiment: run, epoch: 108, num_updates: 7200, iterations: 7200, max_updates: 10000, lr: 0.00002, ups: 4.76, time: 21s 727ms, time_since_start: 27m 41s 797ms, eta: 10m 11s 411ms
2021-08-16T17:32:02 | INFO | mmf.trainers.callbacks.logistics : progress: 7300/10000, train/hateful_memes/cross_entropy: 0.3270, train/hateful_memes/cross_entropy/avg: 0.4676, train/total_loss: 0.3270, train/total_loss/avg: 0.4676, max mem: 573.0, experiment: run, epoch: 109, num_updates: 7300, iterations: 7300, max_updates: 10000, lr: 0.00002, ups: 5.00, time: 20s 992ms, time_since_start: 28m 02s 790ms, eta: 09m 29s 641ms
2021-08-16T17:32:23 | INFO | mmf.trainers.callbacks.logistics : progress: 7400/10000, train/hateful_memes/cross_entropy: 0.3247, train/hateful_memes/cross_entropy/avg: 0.4656, train/total_loss: 0.3247, train/total_loss/avg: 0.4656, max mem: 573.0, experiment: run, epoch: 111, num_updates: 7400, iterations: 7400, max_updates: 10000, lr: 0.00002, ups: 4.76, time: 21s 570ms, time_since_start: 28m 24s 360ms, eta: 09m 23s 638ms
2021-08-16T17:32:44 | INFO | mmf.trainers.callbacks.logistics : progress: 7500/10000, train/hateful_memes/cross_entropy: 0.3235, train/hateful_memes/cross_entropy/avg: 0.4630, train/total_loss: 0.3235, train/total_loss/avg: 0.4630, max mem: 573.0, experiment: run, epoch: 112, num_updates: 7500, iterations: 7500, max_updates: 10000, lr: 0.00002, ups: 5.00, time: 20s 723ms, time_since_start: 28m 45s 084ms, eta: 08m 40s 687ms
2021-08-16T17:33:05 | INFO | mmf.trainers.callbacks.logistics : progress: 7600/10000, train/hateful_memes/cross_entropy: 0.3247, train/hateful_memes/cross_entropy/avg: 0.4612, train/total_loss: 0.3247, train/total_loss/avg: 0.4612, max mem: 573.0, experiment: run, epoch: 114, num_updates: 7600, iterations: 7600, max_updates: 10000, lr: 0.00002, ups: 4.76, time: 21s 430ms, time_since_start: 29m 06s 515ms, eta: 08m 36s 912ms
2021-08-16T17:33:26 | INFO | mmf.trainers.callbacks.logistics : progress: 7700/10000, train/hateful_memes/cross_entropy: 0.3247, train/hateful_memes/cross_entropy/avg: 0.4602, train/total_loss: 0.3247, train/total_loss/avg: 0.4602, max mem: 573.0, experiment: run, epoch: 115, num_updates: 7700, iterations: 7700, max_updates: 10000, lr: 0.00001, ups: 5.00, time: 20s 687ms, time_since_start: 29m 27s 202ms, eta: 07m 58s 184ms
2021-08-16T17:33:47 | INFO | mmf.trainers.callbacks.logistics : progress: 7800/10000, train/hateful_memes/cross_entropy: 0.3247, train/hateful_memes/cross_entropy/avg: 0.4588, train/total_loss: 0.3247, train/total_loss/avg: 0.4588, max mem: 573.0, experiment: run, epoch: 117, num_updates: 7800, iterations: 7800, max_updates: 10000, lr: 0.00001, ups: 4.76, time: 21s 214ms, time_since_start: 29m 48s 417ms, eta: 07m 49s 058ms
2021-08-16T17:34:09 | INFO | mmf.trainers.callbacks.logistics : progress: 7900/10000, train/hateful_memes/cross_entropy: 0.3247, train/hateful_memes/cross_entropy/avg: 0.4573, train/total_loss: 0.3247, train/total_loss/avg: 0.4573, max mem: 573.0, experiment: run, epoch: 118, num_updates: 7900, iterations: 7900, max_updates: 10000, lr: 0.00001, ups: 4.76, time: 21s 259ms, time_since_start: 30m 09s 676ms, eta: 07m 28s 674ms
2021-08-16T17:34:30 | INFO | mmf.trainers.callbacks.checkpoint : Checkpoint time. Saving a checkpoint.
2021-08-16T17:34:30 | INFO | mmf.utils.checkpoint : Checkpoint save operation started!
2021-08-16T17:34:30 | INFO | mmf.utils.checkpoint : Saving current checkpoint
2021-08-16T17:34:31 | INFO | mmf.utils.checkpoint : Checkpoint save operation finished!
2021-08-16T17:34:31 | INFO | mmf.trainers.callbacks.logistics : progress: 8000/10000, train/hateful_memes/cross_entropy: 0.3235, train/hateful_memes/cross_entropy/avg: 0.4553, train/total_loss: 0.3235, train/total_loss/avg: 0.4553, max mem: 573.0, experiment: run, epoch: 120, num_updates: 8000, iterations: 8000, max_updates: 10000, lr: 0.00001, ups: 4.55, time: 22s 912ms, time_since_start: 30m 32s 589ms, eta: 07m 40s 538ms
2021-08-16T17:34:31 | INFO | mmf.trainers.core.training_loop : Evaluation time. Running on full validation set...
2021-08-16T17:34:31 | INFO | mmf.common.test_reporter : Predicting for hateful_memes
2021-08-16T17:34:44 | INFO | mmf.trainers.core.evaluation_loop : Finished training. Loaded 5
2021-08-16T17:34:44 | INFO | mmf.trainers.core.evaluation_loop :  -- skipped 0 batches.
2021-08-16T17:34:44 | INFO | mmf.trainers.callbacks.logistics : progress: 8000/10000, val/hateful_memes/cross_entropy: 0.9824, val/total_loss: 0.9824, val/hateful_memes/accuracy: 0.5870, val/hateful_memes/binary_f1: 0.3195, val/hateful_memes/roc_auc: 0.5266, num_updates: 8000, epoch: 120, iterations: 8000, max_updates: 10000, val_time: 13s 112ms, best_update: 3000, best_iteration: 3000, best_val/hateful_memes/roc_auc: 0.547234
2021-08-16T17:35:04 | INFO | mmf.trainers.callbacks.logistics : progress: 8100/10000, train/hateful_memes/cross_entropy: 0.3235, train/hateful_memes/cross_entropy/avg: 0.4535, train/total_loss: 0.3235, train/total_loss/avg: 0.4535, max mem: 573.0, experiment: run, epoch: 121, num_updates: 8100, iterations: 8100, max_updates: 10000, lr: 0.00001, ups: 5.26, time: 19s 712ms, time_since_start: 31m 05s 417ms, eta: 06m 16s 413ms
2021-08-16T17:35:26 | INFO | mmf.trainers.callbacks.logistics : progress: 8200/10000, train/hateful_memes/cross_entropy: 0.3247, train/hateful_memes/cross_entropy/avg: 0.4522, train/total_loss: 0.3247, train/total_loss/avg: 0.4522, max mem: 573.0, experiment: run, epoch: 123, num_updates: 8200, iterations: 8200, max_updates: 10000, lr: 0.00001, ups: 4.76, time: 21s 491ms, time_since_start: 31m 26s 908ms, eta: 06m 28s 773ms
2021-08-16T17:35:47 | INFO | mmf.trainers.callbacks.logistics : progress: 8300/10000, train/hateful_memes/cross_entropy: 0.3235, train/hateful_memes/cross_entropy/avg: 0.4489, train/total_loss: 0.3235, train/total_loss/avg: 0.4489, max mem: 573.0, experiment: run, epoch: 124, num_updates: 8300, iterations: 8300, max_updates: 10000, lr: 0.00001, ups: 5.00, time: 20s 884ms, time_since_start: 31m 47s 792ms, eta: 05m 56s 812ms
2021-08-16T17:36:08 | INFO | mmf.trainers.callbacks.logistics : progress: 8400/10000, train/hateful_memes/cross_entropy: 0.3235, train/hateful_memes/cross_entropy/avg: 0.4471, train/total_loss: 0.3235, train/total_loss/avg: 0.4471, max mem: 573.0, experiment: run, epoch: 126, num_updates: 8400, iterations: 8400, max_updates: 10000, lr: 0.00001, ups: 4.76, time: 21s 621ms, time_since_start: 32m 09s 414ms, eta: 05m 47s 679ms
2021-08-16T17:36:29 | INFO | mmf.trainers.callbacks.logistics : progress: 8500/10000, train/hateful_memes/cross_entropy: 0.3235, train/hateful_memes/cross_entropy/avg: 0.4454, train/total_loss: 0.3235, train/total_loss/avg: 0.4454, max mem: 573.0, experiment: run, epoch: 127, num_updates: 8500, iterations: 8500, max_updates: 10000, lr: 0.00001, ups: 5.00, time: 20s 896ms, time_since_start: 32m 30s 310ms, eta: 05m 15s 008ms
2021-08-16T17:36:50 | INFO | mmf.trainers.callbacks.logistics : progress: 8600/10000, train/hateful_memes/cross_entropy: 0.3235, train/hateful_memes/cross_entropy/avg: 0.4447, train/total_loss: 0.3235, train/total_loss/avg: 0.4447, max mem: 573.0, experiment: run, epoch: 129, num_updates: 8600, iterations: 8600, max_updates: 10000, lr: 0.00001, ups: 4.76, time: 21s 112ms, time_since_start: 32m 51s 422ms, eta: 04m 57s 046ms
2021-08-16T17:37:12 | INFO | mmf.trainers.callbacks.logistics : progress: 8700/10000, train/hateful_memes/cross_entropy: 0.3235, train/hateful_memes/cross_entropy/avg: 0.4427, train/total_loss: 0.3235, train/total_loss/avg: 0.4427, max mem: 573.0, experiment: run, epoch: 130, num_updates: 8700, iterations: 8700, max_updates: 10000, lr: 0.00001, ups: 4.76, time: 21s 234ms, time_since_start: 33m 12s 656ms, eta: 04m 37s 425ms
2021-08-16T17:37:33 | INFO | mmf.trainers.callbacks.logistics : progress: 8800/10000, train/hateful_memes/cross_entropy: 0.3247, train/hateful_memes/cross_entropy/avg: 0.4414, train/total_loss: 0.3247, train/total_loss/avg: 0.4414, max mem: 573.0, experiment: run, epoch: 132, num_updates: 8800, iterations: 8800, max_updates: 10000, lr: 0.00001, ups: 4.76, time: 21s 714ms, time_since_start: 33m 34s 371ms, eta: 04m 21s 879ms
2021-08-16T17:37:54 | INFO | mmf.trainers.callbacks.logistics : progress: 8900/10000, train/hateful_memes/cross_entropy: 0.3235, train/hateful_memes/cross_entropy/avg: 0.4395, train/total_loss: 0.3235, train/total_loss/avg: 0.4395, max mem: 573.0, experiment: run, epoch: 133, num_updates: 8900, iterations: 8900, max_updates: 10000, lr: 0.00001, ups: 5.00, time: 20s 609ms, time_since_start: 33m 54s 980ms, eta: 03m 47s 833ms
2021-08-16T17:38:15 | INFO | mmf.trainers.callbacks.checkpoint : Checkpoint time. Saving a checkpoint.
2021-08-16T17:38:15 | INFO | mmf.utils.checkpoint : Checkpoint save operation started!
2021-08-16T17:38:16 | INFO | mmf.utils.checkpoint : Saving current checkpoint
2021-08-16T17:38:17 | INFO | mmf.utils.checkpoint : Checkpoint save operation finished!
2021-08-16T17:38:17 | INFO | mmf.trainers.callbacks.logistics : progress: 9000/10000, train/hateful_memes/cross_entropy: 0.3124, train/hateful_memes/cross_entropy/avg: 0.4372, train/total_loss: 0.3124, train/total_loss/avg: 0.4372, max mem: 573.0, experiment: run, epoch: 135, num_updates: 9000, iterations: 9000, max_updates: 10000, lr: 0.00001, ups: 4.35, time: 23s 400ms, time_since_start: 34m 18s 381ms, eta: 03m 55s 175ms
2021-08-16T17:38:17 | INFO | mmf.trainers.core.training_loop : Evaluation time. Running on full validation set...
2021-08-16T17:38:17 | INFO | mmf.common.test_reporter : Predicting for hateful_memes
2021-08-16T17:38:30 | INFO | mmf.trainers.core.evaluation_loop : Finished training. Loaded 5
2021-08-16T17:38:30 | INFO | mmf.trainers.core.evaluation_loop :  -- skipped 0 batches.
2021-08-16T17:38:30 | INFO | mmf.trainers.callbacks.logistics : progress: 9000/10000, val/hateful_memes/cross_entropy: 1.0026, val/total_loss: 1.0026, val/hateful_memes/accuracy: 0.5852, val/hateful_memes/binary_f1: 0.3384, val/hateful_memes/roc_auc: 0.5275, num_updates: 9000, epoch: 135, iterations: 9000, max_updates: 10000, val_time: 13s 156ms, best_update: 3000, best_iteration: 3000, best_val/hateful_memes/roc_auc: 0.547234
2021-08-16T17:38:50 | INFO | mmf.trainers.callbacks.logistics : progress: 9100/10000, train/hateful_memes/cross_entropy: 0.3043, train/hateful_memes/cross_entropy/avg: 0.4350, train/total_loss: 0.3043, train/total_loss/avg: 0.4350, max mem: 573.0, experiment: run, epoch: 136, num_updates: 9100, iterations: 9100, max_updates: 10000, lr: 0.00001, ups: 5.26, time: 19s 683ms, time_since_start: 34m 51s 222ms, eta: 02m 58s 038ms
2021-08-16T17:39:12 | INFO | mmf.trainers.callbacks.logistics : progress: 9200/10000, train/hateful_memes/cross_entropy: 0.3019, train/hateful_memes/cross_entropy/avg: 0.4336, train/total_loss: 0.3019, train/total_loss/avg: 0.4336, max mem: 573.0, experiment: run, epoch: 138, num_updates: 9200, iterations: 9200, max_updates: 10000, lr: 0.00001, ups: 4.76, time: 21s 666ms, time_since_start: 35m 12s 889ms, eta: 02m 54s 201ms
2021-08-16T17:39:32 | INFO | mmf.trainers.callbacks.logistics : progress: 9300/10000, train/hateful_memes/cross_entropy: 0.3043, train/hateful_memes/cross_entropy/avg: 0.4324, train/total_loss: 0.3043, train/total_loss/avg: 0.4324, max mem: 573.0, experiment: run, epoch: 139, num_updates: 9300, iterations: 9300, max_updates: 10000, lr: 0., ups: 5.00, time: 20s 797ms, time_since_start: 35m 33s 686ms, eta: 02m 26s 307ms
2021-08-16T17:39:54 | INFO | mmf.trainers.callbacks.logistics : progress: 9400/10000, train/hateful_memes/cross_entropy: 0.3009, train/hateful_memes/cross_entropy/avg: 0.4303, train/total_loss: 0.3009, train/total_loss/avg: 0.4303, max mem: 573.0, experiment: run, epoch: 141, num_updates: 9400, iterations: 9400, max_updates: 10000, lr: 0., ups: 4.76, time: 21s 149ms, time_since_start: 35m 54s 836ms, eta: 02m 07s 533ms
2021-08-16T17:40:15 | INFO | mmf.trainers.callbacks.logistics : progress: 9500/10000, train/hateful_memes/cross_entropy: 0.3043, train/hateful_memes/cross_entropy/avg: 0.4291, train/total_loss: 0.3043, train/total_loss/avg: 0.4291, max mem: 573.0, experiment: run, epoch: 142, num_updates: 9500, iterations: 9500, max_updates: 10000, lr: 0., ups: 4.76, time: 21s 395ms, time_since_start: 36m 16s 232ms, eta: 01m 47s 514ms
2021-08-16T17:40:36 | INFO | mmf.trainers.callbacks.logistics : progress: 9600/10000, train/hateful_memes/cross_entropy: 0.3043, train/hateful_memes/cross_entropy/avg: 0.4279, train/total_loss: 0.3043, train/total_loss/avg: 0.4279, max mem: 573.0, experiment: run, epoch: 144, num_updates: 9600, iterations: 9600, max_updates: 10000, lr: 0., ups: 4.76, time: 21s 227ms, time_since_start: 36m 37s 459ms, eta: 01m 25s 333ms
2021-08-16T17:40:57 | INFO | mmf.trainers.callbacks.logistics : progress: 9700/10000, train/hateful_memes/cross_entropy: 0.3009, train/hateful_memes/cross_entropy/avg: 0.4264, train/total_loss: 0.3009, train/total_loss/avg: 0.4264, max mem: 573.0, experiment: run, epoch: 145, num_updates: 9700, iterations: 9700, max_updates: 10000, lr: 0., ups: 5.00, time: 20s 712ms, time_since_start: 36m 58s 172ms, eta: 01m 02s 447ms
2021-08-16T17:41:18 | INFO | mmf.trainers.callbacks.logistics : progress: 9800/10000, train/hateful_memes/cross_entropy: 0.2979, train/hateful_memes/cross_entropy/avg: 0.4247, train/total_loss: 0.2979, train/total_loss/avg: 0.4247, max mem: 573.0, experiment: run, epoch: 147, num_updates: 9800, iterations: 9800, max_updates: 10000, lr: 0., ups: 4.76, time: 21s 526ms, time_since_start: 37m 19s 698ms, eta: 43s 268ms
2021-08-16T17:41:39 | INFO | mmf.trainers.callbacks.logistics : progress: 9900/10000, train/hateful_memes/cross_entropy: 0.2979, train/hateful_memes/cross_entropy/avg: 0.4238, train/total_loss: 0.2979, train/total_loss/avg: 0.4238, max mem: 573.0, experiment: run, epoch: 148, num_updates: 9900, iterations: 9900, max_updates: 10000, lr: 0., ups: 5.00, time: 20s 781ms, time_since_start: 37m 40s 480ms, eta: 20s 885ms
2021-08-16T17:42:01 | INFO | mmf.trainers.callbacks.checkpoint : Checkpoint time. Saving a checkpoint.
2021-08-16T17:42:01 | INFO | mmf.utils.checkpoint : Checkpoint save operation started!
2021-08-16T17:42:02 | INFO | mmf.utils.checkpoint : Saving current checkpoint
2021-08-16T17:42:03 | INFO | mmf.utils.checkpoint : Checkpoint save operation finished!
2021-08-16T17:42:03 | INFO | mmf.trainers.callbacks.logistics : progress: 10000/10000, train/hateful_memes/cross_entropy: 0.3009, train/hateful_memes/cross_entropy/avg: 0.4230, train/total_loss: 0.3009, train/total_loss/avg: 0.4230, max mem: 573.0, experiment: run, epoch: 150, num_updates: 10000, iterations: 10000, max_updates: 10000, lr: 0., ups: 4.35, time: 23s 456ms, time_since_start: 38m 03s 937ms, eta: 0ms
2021-08-16T17:42:03 | INFO | mmf.trainers.core.training_loop : Evaluation time. Running on full validation set...
2021-08-16T17:42:03 | INFO | mmf.common.test_reporter : Predicting for hateful_memes
2021-08-16T17:42:15 | INFO | mmf.trainers.core.evaluation_loop : Finished training. Loaded 5
2021-08-16T17:42:15 | INFO | mmf.trainers.core.evaluation_loop :  -- skipped 0 batches.
2021-08-16T17:42:16 | INFO | mmf.trainers.callbacks.logistics : progress: 10000/10000, val/hateful_memes/cross_entropy: 0.9910, val/total_loss: 0.9910, val/hateful_memes/accuracy: 0.5889, val/hateful_memes/binary_f1: 0.3315, val/hateful_memes/roc_auc: 0.5271, num_updates: 10000, epoch: 150, iterations: 10000, max_updates: 10000, val_time: 13s 218ms, best_update: 3000, best_iteration: 3000, best_val/hateful_memes/roc_auc: 0.547234
2021-08-16T17:42:16 | INFO | mmf.trainers.core.training_loop : Stepping into final validation check
2021-08-16T17:42:16 | INFO | mmf.utils.checkpoint : Restoring checkpoint
2021-08-16T17:42:16 | INFO | mmf.utils.checkpoint : Loading checkpoint
2021-08-16T17:42:16 | INFO | mmf.utils.checkpoint : Will load key module.base.encoder.module.module.module.weight from base.encoder.module.module.module.weight
2021-08-16T17:42:16 | INFO | mmf.utils.checkpoint : Will load key module.classifier.layers.0.weight from classifier.layers.0.weight
2021-08-16T17:42:16 | INFO | mmf.utils.checkpoint : Will load key module.classifier.layers.0.bias from classifier.layers.0.bias
2021-08-16T17:42:16 | INFO | mmf.utils.checkpoint : Will load key module.classifier.layers.1.weight from classifier.layers.1.weight
2021-08-16T17:42:16 | INFO | mmf.utils.checkpoint : Will load key module.classifier.layers.1.bias from classifier.layers.1.bias
2021-08-16T17:42:16 | INFO | mmf.utils.checkpoint : Will load key module.classifier.layers.1.running_mean from classifier.layers.1.running_mean
2021-08-16T17:42:16 | INFO | mmf.utils.checkpoint : Will load key module.classifier.layers.1.running_var from classifier.layers.1.running_var
2021-08-16T17:42:16 | INFO | mmf.utils.checkpoint : Will load key module.classifier.layers.1.num_batches_tracked from classifier.layers.1.num_batches_tracked
2021-08-16T17:42:16 | INFO | mmf.utils.checkpoint : Will load key module.classifier.layers.4.weight from classifier.layers.4.weight
2021-08-16T17:42:16 | INFO | mmf.utils.checkpoint : Will load key module.classifier.layers.4.bias from classifier.layers.4.bias
2021-08-16T17:42:16 | INFO | mmf.utils.checkpoint : Will load key module.classifier.layers.5.weight from classifier.layers.5.weight
2021-08-16T17:42:16 | INFO | mmf.utils.checkpoint : Will load key module.classifier.layers.5.bias from classifier.layers.5.bias
2021-08-16T17:42:16 | INFO | mmf.utils.checkpoint : Will load key module.classifier.layers.5.running_mean from classifier.layers.5.running_mean
2021-08-16T17:42:16 | INFO | mmf.utils.checkpoint : Will load key module.classifier.layers.5.running_var from classifier.layers.5.running_var
2021-08-16T17:42:16 | INFO | mmf.utils.checkpoint : Will load key module.classifier.layers.5.num_batches_tracked from classifier.layers.5.num_batches_tracked
2021-08-16T17:42:16 | INFO | mmf.utils.checkpoint : Will load key module.classifier.layers.8.weight from classifier.layers.8.weight
2021-08-16T17:42:16 | INFO | mmf.utils.checkpoint : Will load key module.classifier.layers.8.bias from classifier.layers.8.bias
2021-08-16T17:42:16 | INFO | mmf.utils.checkpoint : Checkpoint loaded.
2021-08-16T17:42:16 | INFO | mmf.utils.checkpoint : Current num updates: 3000
2021-08-16T17:42:16 | INFO | mmf.utils.checkpoint : Current iteration: 3000
2021-08-16T17:42:16 | INFO | mmf.utils.checkpoint : Current epoch: 45
2021-08-16T17:42:16 | INFO | mmf.trainers.mmf_trainer : Starting inference on val set
2021-08-16T17:42:16 | INFO | mmf.common.test_reporter : Predicting for hateful_memes
2021-08-16T17:42:29 | INFO | mmf.trainers.core.evaluation_loop : Finished training. Loaded 5
2021-08-16T17:42:29 | INFO | mmf.trainers.core.evaluation_loop :  -- skipped 0 batches.
2021-08-16T17:42:30 | INFO | mmf.trainers.callbacks.logistics : progress: 3000/10000, val/hateful_memes/cross_entropy: 0.7684, val/total_loss: 0.7684, val/hateful_memes/accuracy: 0.5889, val/hateful_memes/binary_f1: 0.3064, val/hateful_memes/roc_auc: 0.5472
2021-08-16T17:42:30 | INFO | mmf.trainers.callbacks.logistics : Finished run in 38m 30s 918ms
