2021-08-17T12:05:11 | INFO | mmf : Logging to: ./save/train.log
2021-08-17T12:05:11 | INFO | mmf_cli.run : Namespace(config_override=None, local_rank=None, opts=['config=./projects/hateful_memes/configs/unimodal/with_features.yaml', 'model=unimodal_image', 'dataset=hateful_memes', 'run_type=train_val', 'training.tensorboard=true', 'training.batch_size=96', 'training.max_updates=10000'])
2021-08-17T12:05:11 | INFO | mmf_cli.run : Torch version: 1.9.0+cu102
2021-08-17T12:05:11 | INFO | mmf.utils.general : CUDA Device 0 is: Tesla V100-DGXS-16GB
2021-08-17T12:05:11 | INFO | mmf_cli.run : Using seed 11998179
2021-08-17T12:05:11 | INFO | mmf.trainers.mmf_trainer : Loading datasets
2021-08-17T12:05:12 | INFO | torchtext.vocab : Loading vectors from /home/phermida/cache/mmf/glove.6B.300d.txt.pt
2021-08-17T12:05:12 | INFO | torchtext.vocab : Loading vectors from /home/phermida/cache/mmf/glove.6B.300d.txt.pt
2021-08-17T12:05:14 | INFO | mmf.datasets.multi_datamodule : Multitasking disabled by default for single dataset training
2021-08-17T12:05:14 | INFO | mmf.datasets.multi_datamodule : Multitasking disabled by default for single dataset training
2021-08-17T12:05:14 | INFO | mmf.datasets.multi_datamodule : Multitasking disabled by default for single dataset training
2021-08-17T12:05:14 | INFO | mmf.trainers.mmf_trainer : Loading model
2021-08-17T12:05:14 | INFO | mmf.trainers.mmf_trainer : Loading optimizer
2021-08-17T12:05:14 | INFO | mmf.trainers.mmf_trainer : Loading metrics
2021-08-17T12:05:14 | INFO | mmf.trainers.core.device : Using PyTorch DistributedDataParallel
2021-08-17T12:05:14 | WARNING | py.warnings : /home/phermida/mmf/mmf/utils/distributed.py:407: UserWarning: You can enable ZeRO and Sharded DDP, by installing fairscale and setting optimizer.enable_state_sharding=True.
  builtin_warn(*args, **kwargs)

2021-08-17T12:05:14 | WARNING | py.warnings : /home/phermida/mmf/mmf/utils/distributed.py:407: UserWarning: You can enable ZeRO and Sharded DDP, by installing fairscale and setting optimizer.enable_state_sharding=True.
  builtin_warn(*args, **kwargs)

2021-08-17T12:05:14 | INFO | mmf.trainers.mmf_trainer : ===== Model =====
2021-08-17T12:05:14 | INFO | mmf.trainers.mmf_trainer : DistributedDataParallel(
  (module): UnimodalModal(
    (base): UnimodalBase(
      (encoder): FinetuneFasterRcnnFpnFc7(
        (lc): Linear(in_features=2048, out_features=2048, bias=True)
      )
    )
    (classifier): MLPClassifer(
      (layers): ModuleList(
        (0): Linear(in_features=2048, out_features=768, bias=True)
        (1): BatchNorm1d(768, eps=1e-05, momentum=0.1, affine=True, track_running_stats=True)
        (2): ReLU()
        (3): Dropout(p=0.5, inplace=False)
        (4): Linear(in_features=768, out_features=768, bias=True)
        (5): BatchNorm1d(768, eps=1e-05, momentum=0.1, affine=True, track_running_stats=True)
        (6): ReLU()
        (7): Dropout(p=0.5, inplace=False)
        (8): Linear(in_features=768, out_features=2, bias=True)
      )
    )
    (losses): Losses(
      (losses): ModuleList(
        (0): MMFLoss(
          (loss_criterion): CrossEntropyLoss(
            (loss_fn): CrossEntropyLoss()
          )
        )
      )
    )
  )
)
2021-08-17T12:05:14 | INFO | mmf.utils.general : Total Parameters: 6365186. Trained Parameters: 6365186
2021-08-17T12:05:14 | INFO | mmf.trainers.core.training_loop : Starting training...
2021-08-17T12:05:28 | INFO | root : Reducer buckets have been rebuilt in this iteration.
2021-08-17T12:05:37 | INFO | mmf.trainers.callbacks.logistics : progress: 100/10000, train/hateful_memes/cross_entropy: 0.7278, train/hateful_memes/cross_entropy/avg: 0.7278, train/total_loss: 0.7278, train/total_loss/avg: 0.7278, max mem: 175.0, experiment: run, epoch: 2, num_updates: 100, iterations: 100, max_updates: 10000, lr: 0., ups: 4.55, time: 22s 613ms, time_since_start: 22s 622ms, eta: 37m 32s 200ms
2021-08-17T12:05:46 | INFO | mmf.trainers.callbacks.logistics : progress: 200/10000, train/hateful_memes/cross_entropy: 0.6553, train/hateful_memes/cross_entropy/avg: 0.6915, train/total_loss: 0.6553, train/total_loss/avg: 0.6915, max mem: 175.0, experiment: run, epoch: 3, num_updates: 200, iterations: 200, max_updates: 10000, lr: 0.00001, ups: 11.11, time: 09s 717ms, time_since_start: 32s 340ms, eta: 15m 58s 070ms
2021-08-17T12:05:56 | INFO | mmf.trainers.callbacks.logistics : progress: 300/10000, train/hateful_memes/cross_entropy: 0.6553, train/hateful_memes/cross_entropy/avg: 0.6726, train/total_loss: 0.6553, train/total_loss/avg: 0.6726, max mem: 175.0, experiment: run, epoch: 4, num_updates: 300, iterations: 300, max_updates: 10000, lr: 0.00001, ups: 11.11, time: 09s 421ms, time_since_start: 41s 762ms, eta: 15m 19s 392ms
2021-08-17T12:06:05 | INFO | mmf.trainers.callbacks.logistics : progress: 400/10000, train/hateful_memes/cross_entropy: 0.6346, train/hateful_memes/cross_entropy/avg: 0.6492, train/total_loss: 0.6346, train/total_loss/avg: 0.6492, max mem: 175.0, experiment: run, epoch: 5, num_updates: 400, iterations: 400, max_updates: 10000, lr: 0.00001, ups: 11.11, time: 09s 466ms, time_since_start: 51s 228ms, eta: 15m 14s 207ms
2021-08-17T12:06:15 | INFO | mmf.trainers.callbacks.logistics : progress: 500/10000, train/hateful_memes/cross_entropy: 0.6553, train/hateful_memes/cross_entropy/avg: 0.6647, train/total_loss: 0.6553, train/total_loss/avg: 0.6647, max mem: 175.0, experiment: run, epoch: 6, num_updates: 500, iterations: 500, max_updates: 10000, lr: 0.00001, ups: 11.11, time: 09s 904ms, time_since_start: 01m 01s 133ms, eta: 15m 46s 591ms
2021-08-17T12:06:24 | INFO | mmf.trainers.callbacks.logistics : progress: 600/10000, train/hateful_memes/cross_entropy: 0.6553, train/hateful_memes/cross_entropy/avg: 0.6656, train/total_loss: 0.6553, train/total_loss/avg: 0.6656, max mem: 175.0, experiment: run, epoch: 7, num_updates: 600, iterations: 600, max_updates: 10000, lr: 0.00002, ups: 11.11, time: 09s 191ms, time_since_start: 01m 10s 324ms, eta: 14m 29s 176ms
2021-08-17T12:06:34 | INFO | mmf.trainers.callbacks.logistics : progress: 700/10000, train/hateful_memes/cross_entropy: 0.6699, train/hateful_memes/cross_entropy/avg: 0.6696, train/total_loss: 0.6699, train/total_loss/avg: 0.6696, max mem: 175.0, experiment: run, epoch: 8, num_updates: 700, iterations: 700, max_updates: 10000, lr: 0.00002, ups: 11.11, time: 09s 441ms, time_since_start: 01m 19s 766ms, eta: 14m 43s 360ms
2021-08-17T12:06:44 | INFO | mmf.trainers.callbacks.logistics : progress: 800/10000, train/hateful_memes/cross_entropy: 0.6553, train/hateful_memes/cross_entropy/avg: 0.6603, train/total_loss: 0.6553, train/total_loss/avg: 0.6603, max mem: 175.0, experiment: run, epoch: 9, num_updates: 800, iterations: 800, max_updates: 10000, lr: 0.00002, ups: 11.11, time: 09s 867ms, time_since_start: 01m 29s 633ms, eta: 15m 13s 247ms
2021-08-17T12:06:54 | INFO | mmf.trainers.callbacks.logistics : progress: 900/10000, train/hateful_memes/cross_entropy: 0.6699, train/hateful_memes/cross_entropy/avg: 0.6774, train/total_loss: 0.6699, train/total_loss/avg: 0.6774, max mem: 175.0, experiment: run, epoch: 11, num_updates: 900, iterations: 900, max_updates: 10000, lr: 0.00002, ups: 10.00, time: 10s 550ms, time_since_start: 01m 40s 184ms, eta: 16m 05s 841ms
2021-08-17T12:07:03 | INFO | mmf.trainers.callbacks.checkpoint : Checkpoint time. Saving a checkpoint.
2021-08-17T12:07:03 | INFO | mmf.utils.checkpoint : Checkpoint save operation started!
2021-08-17T12:07:03 | INFO | mmf.utils.checkpoint : Saving current checkpoint
2021-08-17T12:07:03 | INFO | mmf.utils.checkpoint : Checkpoint save operation finished!
2021-08-17T12:07:03 | INFO | mmf.trainers.callbacks.logistics : progress: 1000/10000, train/hateful_memes/cross_entropy: 0.6699, train/hateful_memes/cross_entropy/avg: 0.6789, train/total_loss: 0.6699, train/total_loss/avg: 0.6789, max mem: 175.0, experiment: run, epoch: 12, num_updates: 1000, iterations: 1000, max_updates: 10000, lr: 0.00003, ups: 11.11, time: 09s 090ms, time_since_start: 01m 49s 274ms, eta: 13m 43s 041ms
2021-08-17T12:07:03 | INFO | mmf.trainers.core.training_loop : Evaluation time. Running on full validation set...
2021-08-17T12:07:03 | INFO | mmf.common.test_reporter : Predicting for hateful_memes
2021-08-17T12:07:17 | INFO | mmf.trainers.core.evaluation_loop : Finished training. Loaded 6
2021-08-17T12:07:17 | INFO | mmf.trainers.core.evaluation_loop :  -- skipped 0 batches.
2021-08-17T12:07:18 | INFO | mmf.utils.checkpoint : Checkpoint save operation started!
2021-08-17T12:07:18 | INFO | mmf.utils.checkpoint : Saving best checkpoint
2021-08-17T12:07:18 | INFO | mmf.utils.checkpoint : Saving current checkpoint
2021-08-17T12:07:18 | INFO | mmf.utils.checkpoint : Checkpoint save operation finished!
2021-08-17T12:07:18 | INFO | mmf.trainers.callbacks.logistics : progress: 1000/10000, val/hateful_memes/cross_entropy: 0.6623, val/total_loss: 0.6623, val/hateful_memes/accuracy: 0.5963, val/hateful_memes/binary_f1: 0.2388, val/hateful_memes/roc_auc: 0.5521, num_updates: 1000, epoch: 12, iterations: 1000, max_updates: 10000, val_time: 14s 742ms, best_update: 1000, best_iteration: 1000, best_val/hateful_memes/roc_auc: 0.552079
2021-08-17T12:07:26 | INFO | mmf.trainers.callbacks.logistics : progress: 1100/10000, train/hateful_memes/cross_entropy: 0.6732, train/hateful_memes/cross_entropy/avg: 0.6784, train/total_loss: 0.6732, train/total_loss/avg: 0.6784, max mem: 197.0, experiment: run, epoch: 13, num_updates: 1100, iterations: 1100, max_updates: 10000, lr: 0.00003, ups: 12.50, time: 08s 440ms, time_since_start: 02m 12s 458ms, eta: 12m 35s 682ms
2021-08-17T12:07:35 | INFO | mmf.trainers.callbacks.logistics : progress: 1200/10000, train/hateful_memes/cross_entropy: 0.6699, train/hateful_memes/cross_entropy/avg: 0.6733, train/total_loss: 0.6699, train/total_loss/avg: 0.6733, max mem: 197.0, experiment: run, epoch: 14, num_updates: 1200, iterations: 1200, max_updates: 10000, lr: 0.00003, ups: 12.50, time: 08s 631ms, time_since_start: 02m 21s 089ms, eta: 12m 44s 127ms
2021-08-17T12:07:43 | INFO | mmf.trainers.callbacks.logistics : progress: 1300/10000, train/hateful_memes/cross_entropy: 0.6732, train/hateful_memes/cross_entropy/avg: 0.6752, train/total_loss: 0.6732, train/total_loss/avg: 0.6752, max mem: 197.0, experiment: run, epoch: 15, num_updates: 1300, iterations: 1300, max_updates: 10000, lr: 0.00003, ups: 12.50, time: 08s 206ms, time_since_start: 02m 29s 296ms, eta: 11m 58s 270ms
2021-08-17T12:07:53 | INFO | mmf.trainers.callbacks.logistics : progress: 1400/10000, train/hateful_memes/cross_entropy: 0.6699, train/hateful_memes/cross_entropy/avg: 0.6722, train/total_loss: 0.6699, train/total_loss/avg: 0.6722, max mem: 197.0, experiment: run, epoch: 16, num_updates: 1400, iterations: 1400, max_updates: 10000, lr: 0.00003, ups: 11.11, time: 09s 555ms, time_since_start: 02m 38s 851ms, eta: 13m 46s 690ms
2021-08-17T12:08:03 | INFO | mmf.trainers.callbacks.logistics : progress: 1500/10000, train/hateful_memes/cross_entropy: 0.6729, train/hateful_memes/cross_entropy/avg: 0.6722, train/total_loss: 0.6729, train/total_loss/avg: 0.6722, max mem: 197.0, experiment: run, epoch: 17, num_updates: 1500, iterations: 1500, max_updates: 10000, lr: 0.00004, ups: 11.11, time: 09s 925ms, time_since_start: 02m 48s 777ms, eta: 14m 08s 765ms
2021-08-17T12:08:11 | INFO | mmf.trainers.callbacks.logistics : progress: 1600/10000, train/hateful_memes/cross_entropy: 0.6699, train/hateful_memes/cross_entropy/avg: 0.6697, train/total_loss: 0.6699, train/total_loss/avg: 0.6697, max mem: 197.0, experiment: run, epoch: 18, num_updates: 1600, iterations: 1600, max_updates: 10000, lr: 0.00004, ups: 12.50, time: 08s 462ms, time_since_start: 02m 57s 240ms, eta: 11m 55s 157ms
2021-08-17T12:08:20 | INFO | mmf.trainers.callbacks.logistics : progress: 1700/10000, train/hateful_memes/cross_entropy: 0.6729, train/hateful_memes/cross_entropy/avg: 0.6731, train/total_loss: 0.6729, train/total_loss/avg: 0.6731, max mem: 197.0, experiment: run, epoch: 20, num_updates: 1700, iterations: 1700, max_updates: 10000, lr: 0.00004, ups: 12.50, time: 08s 665ms, time_since_start: 03m 05s 906ms, eta: 12m 03s 594ms
2021-08-17T12:08:28 | INFO | mmf.trainers.callbacks.logistics : progress: 1800/10000, train/hateful_memes/cross_entropy: 0.6699, train/hateful_memes/cross_entropy/avg: 0.6709, train/total_loss: 0.6699, train/total_loss/avg: 0.6709, max mem: 197.0, experiment: run, epoch: 21, num_updates: 1800, iterations: 1800, max_updates: 10000, lr: 0.00005, ups: 12.50, time: 08s 663ms, time_since_start: 03m 14s 570ms, eta: 11m 54s 692ms
2021-08-17T12:08:37 | INFO | mmf.trainers.callbacks.logistics : progress: 1900/10000, train/hateful_memes/cross_entropy: 0.6699, train/hateful_memes/cross_entropy/avg: 0.6694, train/total_loss: 0.6699, train/total_loss/avg: 0.6694, max mem: 197.0, experiment: run, epoch: 22, num_updates: 1900, iterations: 1900, max_updates: 10000, lr: 0.00005, ups: 12.50, time: 08s 983ms, time_since_start: 03m 23s 554ms, eta: 12m 12s 059ms
2021-08-17T12:08:47 | INFO | mmf.trainers.callbacks.checkpoint : Checkpoint time. Saving a checkpoint.
2021-08-17T12:08:47 | INFO | mmf.utils.checkpoint : Checkpoint save operation started!
2021-08-17T12:08:47 | INFO | mmf.utils.checkpoint : Saving current checkpoint
2021-08-17T12:08:47 | INFO | mmf.utils.checkpoint : Checkpoint save operation finished!
2021-08-17T12:08:47 | INFO | mmf.trainers.callbacks.logistics : progress: 2000/10000, train/hateful_memes/cross_entropy: 0.6553, train/hateful_memes/cross_entropy/avg: 0.6643, train/total_loss: 0.6553, train/total_loss/avg: 0.6643, max mem: 197.0, experiment: run, epoch: 23, num_updates: 2000, iterations: 2000, max_updates: 10000, lr: 0.00005, ups: 11.11, time: 09s 717ms, time_since_start: 03m 33s 272ms, eta: 13m 02s 058ms
2021-08-17T12:08:47 | INFO | mmf.trainers.core.training_loop : Evaluation time. Running on full validation set...
2021-08-17T12:08:47 | INFO | mmf.common.test_reporter : Predicting for hateful_memes
2021-08-17T12:09:01 | INFO | mmf.trainers.core.evaluation_loop : Finished training. Loaded 6
2021-08-17T12:09:01 | INFO | mmf.trainers.core.evaluation_loop :  -- skipped 0 batches.
2021-08-17T12:09:02 | INFO | mmf.utils.checkpoint : Checkpoint save operation started!
2021-08-17T12:09:02 | INFO | mmf.utils.checkpoint : Saving current checkpoint
2021-08-17T12:09:02 | INFO | mmf.utils.checkpoint : Checkpoint save operation finished!
2021-08-17T12:09:02 | INFO | mmf.trainers.callbacks.logistics : progress: 2000/10000, val/hateful_memes/cross_entropy: 0.7106, val/total_loss: 0.7106, val/hateful_memes/accuracy: 0.5833, val/hateful_memes/binary_f1: 0.2055, val/hateful_memes/roc_auc: 0.5093, num_updates: 2000, epoch: 23, iterations: 2000, max_updates: 10000, val_time: 14s 920ms, best_update: 1000, best_iteration: 1000, best_val/hateful_memes/roc_auc: 0.552079
2021-08-17T12:09:12 | INFO | mmf.trainers.callbacks.logistics : progress: 2100/10000, train/hateful_memes/cross_entropy: 0.6553, train/hateful_memes/cross_entropy/avg: 0.6641, train/total_loss: 0.6553, train/total_loss/avg: 0.6641, max mem: 197.0, experiment: run, epoch: 24, num_updates: 2100, iterations: 2100, max_updates: 10000, lr: 0.00005, ups: 10.00, time: 10s 168ms, time_since_start: 03m 58s 362ms, eta: 13m 28s 150ms
2021-08-17T12:09:21 | INFO | mmf.trainers.callbacks.logistics : progress: 2200/10000, train/hateful_memes/cross_entropy: 0.6431, train/hateful_memes/cross_entropy/avg: 0.6623, train/total_loss: 0.6431, train/total_loss/avg: 0.6623, max mem: 197.0, experiment: run, epoch: 25, num_updates: 2200, iterations: 2200, max_updates: 10000, lr: 0.00005, ups: 12.50, time: 08s 850ms, time_since_start: 04m 07s 213ms, eta: 11m 34s 446ms
2021-08-17T12:09:29 | INFO | mmf.trainers.callbacks.logistics : progress: 2300/10000, train/hateful_memes/cross_entropy: 0.6431, train/hateful_memes/cross_entropy/avg: 0.6585, train/total_loss: 0.6431, train/total_loss/avg: 0.6585, max mem: 197.0, experiment: run, epoch: 26, num_updates: 2300, iterations: 2300, max_updates: 10000, lr: 0.00005, ups: 14.29, time: 07s 797ms, time_since_start: 04m 15s 011ms, eta: 10m 04s 050ms
2021-08-17T12:09:38 | INFO | mmf.trainers.callbacks.logistics : progress: 2400/10000, train/hateful_memes/cross_entropy: 0.6431, train/hateful_memes/cross_entropy/avg: 0.6530, train/total_loss: 0.6431, train/total_loss/avg: 0.6530, max mem: 197.0, experiment: run, epoch: 27, num_updates: 2400, iterations: 2400, max_updates: 10000, lr: 0.00005, ups: 12.50, time: 08s 808ms, time_since_start: 04m 23s 819ms, eta: 11m 13s 447ms
2021-08-17T12:09:47 | INFO | mmf.trainers.callbacks.logistics : progress: 2500/10000, train/hateful_memes/cross_entropy: 0.6338, train/hateful_memes/cross_entropy/avg: 0.6473, train/total_loss: 0.6338, train/total_loss/avg: 0.6473, max mem: 197.0, experiment: run, epoch: 29, num_updates: 2500, iterations: 2500, max_updates: 10000, lr: 0.00005, ups: 11.11, time: 09s 147ms, time_since_start: 04m 32s 966ms, eta: 11m 30s 146ms
2021-08-17T12:09:55 | INFO | mmf.trainers.callbacks.logistics : progress: 2600/10000, train/hateful_memes/cross_entropy: 0.6328, train/hateful_memes/cross_entropy/avg: 0.6407, train/total_loss: 0.6328, train/total_loss/avg: 0.6407, max mem: 197.0, experiment: run, epoch: 30, num_updates: 2600, iterations: 2600, max_updates: 10000, lr: 0.00005, ups: 12.50, time: 08s 142ms, time_since_start: 04m 41s 108ms, eta: 10m 06s 160ms
2021-08-17T12:10:04 | INFO | mmf.trainers.callbacks.logistics : progress: 2700/10000, train/hateful_memes/cross_entropy: 0.6322, train/hateful_memes/cross_entropy/avg: 0.6361, train/total_loss: 0.6322, train/total_loss/avg: 0.6361, max mem: 197.0, experiment: run, epoch: 31, num_updates: 2700, iterations: 2700, max_updates: 10000, lr: 0.00005, ups: 12.50, time: 08s 831ms, time_since_start: 04m 49s 940ms, eta: 10m 48s 535ms
2021-08-17T12:10:13 | INFO | mmf.trainers.callbacks.logistics : progress: 2800/10000, train/hateful_memes/cross_entropy: 0.6322, train/hateful_memes/cross_entropy/avg: 0.6311, train/total_loss: 0.6322, train/total_loss/avg: 0.6311, max mem: 197.0, experiment: run, epoch: 32, num_updates: 2800, iterations: 2800, max_updates: 10000, lr: 0.00005, ups: 11.11, time: 09s 330ms, time_since_start: 04m 59s 270ms, eta: 11m 15s 801ms
2021-08-17T12:10:22 | INFO | mmf.trainers.callbacks.logistics : progress: 2900/10000, train/hateful_memes/cross_entropy: 0.6240, train/hateful_memes/cross_entropy/avg: 0.6279, train/total_loss: 0.6240, train/total_loss/avg: 0.6279, max mem: 197.0, experiment: run, epoch: 33, num_updates: 2900, iterations: 2900, max_updates: 10000, lr: 0.00004, ups: 12.50, time: 08s 845ms, time_since_start: 05m 08s 115ms, eta: 10m 31s 811ms
2021-08-17T12:10:31 | INFO | mmf.trainers.callbacks.checkpoint : Checkpoint time. Saving a checkpoint.
2021-08-17T12:10:31 | INFO | mmf.utils.checkpoint : Checkpoint save operation started!
2021-08-17T12:10:31 | INFO | mmf.utils.checkpoint : Saving current checkpoint
2021-08-17T12:10:31 | INFO | mmf.utils.checkpoint : Checkpoint save operation finished!
2021-08-17T12:10:31 | INFO | mmf.trainers.callbacks.logistics : progress: 3000/10000, train/hateful_memes/cross_entropy: 0.6168, train/hateful_memes/cross_entropy/avg: 0.6212, train/total_loss: 0.6168, train/total_loss/avg: 0.6212, max mem: 197.0, experiment: run, epoch: 34, num_updates: 3000, iterations: 3000, max_updates: 10000, lr: 0.00004, ups: 11.11, time: 09s 212ms, time_since_start: 05m 17s 328ms, eta: 10m 48s 771ms
2021-08-17T12:10:31 | INFO | mmf.trainers.core.training_loop : Evaluation time. Running on full validation set...
2021-08-17T12:10:31 | INFO | mmf.common.test_reporter : Predicting for hateful_memes
2021-08-17T12:10:45 | INFO | mmf.trainers.core.evaluation_loop : Finished training. Loaded 6
2021-08-17T12:10:45 | INFO | mmf.trainers.core.evaluation_loop :  -- skipped 0 batches.
2021-08-17T12:10:46 | INFO | mmf.utils.checkpoint : Checkpoint save operation started!
2021-08-17T12:10:46 | INFO | mmf.utils.checkpoint : Saving current checkpoint
2021-08-17T12:10:46 | INFO | mmf.utils.checkpoint : Checkpoint save operation finished!
2021-08-17T12:10:46 | INFO | mmf.trainers.callbacks.logistics : progress: 3000/10000, val/hateful_memes/cross_entropy: 0.8871, val/total_loss: 0.8871, val/hateful_memes/accuracy: 0.5481, val/hateful_memes/binary_f1: 0.3171, val/hateful_memes/roc_auc: 0.4699, num_updates: 3000, epoch: 34, iterations: 3000, max_updates: 10000, val_time: 14s 791ms, best_update: 1000, best_iteration: 1000, best_val/hateful_memes/roc_auc: 0.552079
2021-08-17T12:10:55 | INFO | mmf.trainers.callbacks.logistics : progress: 3100/10000, train/hateful_memes/cross_entropy: 0.5762, train/hateful_memes/cross_entropy/avg: 0.6189, train/total_loss: 0.5762, train/total_loss/avg: 0.6189, max mem: 197.0, experiment: run, epoch: 35, num_updates: 3100, iterations: 3100, max_updates: 10000, lr: 0.00004, ups: 11.11, time: 09s 096ms, time_since_start: 05m 41s 217ms, eta: 10m 31s 409ms
2021-08-17T12:11:05 | INFO | mmf.trainers.callbacks.logistics : progress: 3200/10000, train/hateful_memes/cross_entropy: 0.5661, train/hateful_memes/cross_entropy/avg: 0.6144, train/total_loss: 0.5661, train/total_loss/avg: 0.6144, max mem: 197.0, experiment: run, epoch: 36, num_updates: 3200, iterations: 3200, max_updates: 10000, lr: 0.00004, ups: 10.00, time: 10s 075ms, time_since_start: 05m 51s 293ms, eta: 11m 29s 233ms
2021-08-17T12:11:14 | INFO | mmf.trainers.callbacks.logistics : progress: 3300/10000, train/hateful_memes/cross_entropy: 0.5484, train/hateful_memes/cross_entropy/avg: 0.6100, train/total_loss: 0.5484, train/total_loss/avg: 0.6100, max mem: 197.0, experiment: run, epoch: 38, num_updates: 3300, iterations: 3300, max_updates: 10000, lr: 0.00004, ups: 12.50, time: 08s 389ms, time_since_start: 05m 59s 682ms, eta: 09m 25s 440ms
2021-08-17T12:11:22 | INFO | mmf.trainers.callbacks.logistics : progress: 3400/10000, train/hateful_memes/cross_entropy: 0.5390, train/hateful_memes/cross_entropy/avg: 0.6030, train/total_loss: 0.5390, train/total_loss/avg: 0.6030, max mem: 197.0, experiment: run, epoch: 39, num_updates: 3400, iterations: 3400, max_updates: 10000, lr: 0.00004, ups: 12.50, time: 08s 508ms, time_since_start: 06m 08s 190ms, eta: 09m 24s 924ms
2021-08-17T12:11:31 | INFO | mmf.trainers.callbacks.logistics : progress: 3500/10000, train/hateful_memes/cross_entropy: 0.5254, train/hateful_memes/cross_entropy/avg: 0.5990, train/total_loss: 0.5254, train/total_loss/avg: 0.5990, max mem: 197.0, experiment: run, epoch: 40, num_updates: 3500, iterations: 3500, max_updates: 10000, lr: 0.00004, ups: 11.11, time: 09s 107ms, time_since_start: 06m 17s 297ms, eta: 09m 55s 514ms
2021-08-17T12:11:41 | INFO | mmf.trainers.callbacks.logistics : progress: 3600/10000, train/hateful_memes/cross_entropy: 0.5150, train/hateful_memes/cross_entropy/avg: 0.5937, train/total_loss: 0.5150, train/total_loss/avg: 0.5937, max mem: 197.0, experiment: run, epoch: 41, num_updates: 3600, iterations: 3600, max_updates: 10000, lr: 0.00004, ups: 11.11, time: 09s 395ms, time_since_start: 06m 26s 693ms, eta: 10m 04s 898ms
2021-08-17T12:11:51 | INFO | mmf.trainers.callbacks.logistics : progress: 3700/10000, train/hateful_memes/cross_entropy: 0.5109, train/hateful_memes/cross_entropy/avg: 0.5910, train/total_loss: 0.5109, train/total_loss/avg: 0.5910, max mem: 197.0, experiment: run, epoch: 42, num_updates: 3700, iterations: 3700, max_updates: 10000, lr: 0.00004, ups: 11.11, time: 09s 920ms, time_since_start: 06m 36s 613ms, eta: 10m 28s 761ms
2021-08-17T12:12:00 | INFO | mmf.trainers.callbacks.logistics : progress: 3800/10000, train/hateful_memes/cross_entropy: 0.4964, train/hateful_memes/cross_entropy/avg: 0.5862, train/total_loss: 0.4964, train/total_loss/avg: 0.5862, max mem: 197.0, experiment: run, epoch: 43, num_updates: 3800, iterations: 3800, max_updates: 10000, lr: 0.00004, ups: 12.50, time: 08s 987ms, time_since_start: 06m 45s 601ms, eta: 09m 20s 548ms
2021-08-17T12:12:08 | INFO | mmf.trainers.callbacks.logistics : progress: 3900/10000, train/hateful_memes/cross_entropy: 0.4924, train/hateful_memes/cross_entropy/avg: 0.5801, train/total_loss: 0.4924, train/total_loss/avg: 0.5801, max mem: 197.0, experiment: run, epoch: 44, num_updates: 3900, iterations: 3900, max_updates: 10000, lr: 0.00004, ups: 12.50, time: 08s 508ms, time_since_start: 06m 54s 109ms, eta: 08m 42s 108ms
2021-08-17T12:12:19 | INFO | mmf.trainers.callbacks.checkpoint : Checkpoint time. Saving a checkpoint.
2021-08-17T12:12:19 | INFO | mmf.utils.checkpoint : Checkpoint save operation started!
2021-08-17T12:12:19 | INFO | mmf.utils.checkpoint : Saving current checkpoint
2021-08-17T12:12:19 | INFO | mmf.utils.checkpoint : Checkpoint save operation finished!
2021-08-17T12:12:19 | INFO | mmf.trainers.callbacks.logistics : progress: 4000/10000, train/hateful_memes/cross_entropy: 0.4766, train/hateful_memes/cross_entropy/avg: 0.5758, train/total_loss: 0.4766, train/total_loss/avg: 0.5758, max mem: 197.0, experiment: run, epoch: 45, num_updates: 4000, iterations: 4000, max_updates: 10000, lr: 0.00004, ups: 10.00, time: 10s 765ms, time_since_start: 07m 04s 874ms, eta: 10m 49s 803ms
2021-08-17T12:12:19 | INFO | mmf.trainers.core.training_loop : Evaluation time. Running on full validation set...
2021-08-17T12:12:19 | INFO | mmf.common.test_reporter : Predicting for hateful_memes
2021-08-17T12:12:33 | INFO | mmf.trainers.core.evaluation_loop : Finished training. Loaded 6
2021-08-17T12:12:33 | INFO | mmf.trainers.core.evaluation_loop :  -- skipped 0 batches.
2021-08-17T12:12:33 | INFO | mmf.utils.checkpoint : Checkpoint save operation started!
2021-08-17T12:12:33 | INFO | mmf.utils.checkpoint : Saving current checkpoint
2021-08-17T12:12:34 | INFO | mmf.utils.checkpoint : Checkpoint save operation finished!
2021-08-17T12:12:34 | INFO | mmf.trainers.callbacks.logistics : progress: 4000/10000, val/hateful_memes/cross_entropy: 1.1105, val/total_loss: 1.1105, val/hateful_memes/accuracy: 0.4889, val/hateful_memes/binary_f1: 0.2970, val/hateful_memes/roc_auc: 0.4266, num_updates: 4000, epoch: 45, iterations: 4000, max_updates: 10000, val_time: 14s 749ms, best_update: 1000, best_iteration: 1000, best_val/hateful_memes/roc_auc: 0.552079
2021-08-17T12:12:42 | INFO | mmf.trainers.callbacks.logistics : progress: 4100/10000, train/hateful_memes/cross_entropy: 0.4758, train/hateful_memes/cross_entropy/avg: 0.5708, train/total_loss: 0.4758, train/total_loss/avg: 0.5708, max mem: 197.0, experiment: run, epoch: 47, num_updates: 4100, iterations: 4100, max_updates: 10000, lr: 0.00004, ups: 12.50, time: 08s 693ms, time_since_start: 07m 28s 319ms, eta: 08m 35s 984ms
2021-08-17T12:12:52 | INFO | mmf.trainers.callbacks.logistics : progress: 4200/10000, train/hateful_memes/cross_entropy: 0.4662, train/hateful_memes/cross_entropy/avg: 0.5655, train/total_loss: 0.4662, train/total_loss/avg: 0.5655, max mem: 197.0, experiment: run, epoch: 48, num_updates: 4200, iterations: 4200, max_updates: 10000, lr: 0.00004, ups: 11.11, time: 09s 735ms, time_since_start: 07m 38s 055ms, eta: 09m 28s 049ms
2021-08-17T12:13:02 | INFO | mmf.trainers.callbacks.logistics : progress: 4300/10000, train/hateful_memes/cross_entropy: 0.4616, train/hateful_memes/cross_entropy/avg: 0.5610, train/total_loss: 0.4616, train/total_loss/avg: 0.5610, max mem: 197.0, experiment: run, epoch: 49, num_updates: 4300, iterations: 4300, max_updates: 10000, lr: 0.00004, ups: 11.11, time: 09s 763ms, time_since_start: 07m 47s 818ms, eta: 09m 19s 841ms
2021-08-17T12:13:11 | INFO | mmf.trainers.callbacks.logistics : progress: 4400/10000, train/hateful_memes/cross_entropy: 0.4616, train/hateful_memes/cross_entropy/avg: 0.5592, train/total_loss: 0.4616, train/total_loss/avg: 0.5592, max mem: 197.0, experiment: run, epoch: 50, num_updates: 4400, iterations: 4400, max_updates: 10000, lr: 0.00003, ups: 11.11, time: 09s 494ms, time_since_start: 07m 57s 312ms, eta: 08m 54s 879ms
2021-08-17T12:13:20 | INFO | mmf.trainers.callbacks.logistics : progress: 4500/10000, train/hateful_memes/cross_entropy: 0.4283, train/hateful_memes/cross_entropy/avg: 0.5549, train/total_loss: 0.4283, train/total_loss/avg: 0.5549, max mem: 197.0, experiment: run, epoch: 51, num_updates: 4500, iterations: 4500, max_updates: 10000, lr: 0.00003, ups: 11.11, time: 09s 283ms, time_since_start: 08m 06s 596ms, eta: 08m 33s 665ms
2021-08-17T12:13:29 | INFO | mmf.trainers.callbacks.logistics : progress: 4600/10000, train/hateful_memes/cross_entropy: 0.4283, train/hateful_memes/cross_entropy/avg: 0.5523, train/total_loss: 0.4283, train/total_loss/avg: 0.5523, max mem: 197.0, experiment: run, epoch: 52, num_updates: 4600, iterations: 4600, max_updates: 10000, lr: 0.00003, ups: 12.50, time: 08s 463ms, time_since_start: 08m 15s 060ms, eta: 07m 39s 788ms
2021-08-17T12:13:38 | INFO | mmf.trainers.callbacks.logistics : progress: 4700/10000, train/hateful_memes/cross_entropy: 0.4108, train/hateful_memes/cross_entropy/avg: 0.5474, train/total_loss: 0.4108, train/total_loss/avg: 0.5474, max mem: 197.0, experiment: run, epoch: 53, num_updates: 4700, iterations: 4700, max_updates: 10000, lr: 0.00003, ups: 12.50, time: 08s 688ms, time_since_start: 08m 23s 749ms, eta: 07m 43s 256ms
2021-08-17T12:13:47 | INFO | mmf.trainers.callbacks.logistics : progress: 4800/10000, train/hateful_memes/cross_entropy: 0.4090, train/hateful_memes/cross_entropy/avg: 0.5417, train/total_loss: 0.4090, train/total_loss/avg: 0.5417, max mem: 197.0, experiment: run, epoch: 54, num_updates: 4800, iterations: 4800, max_updates: 10000, lr: 0.00003, ups: 11.11, time: 09s 280ms, time_since_start: 08m 33s 029ms, eta: 08m 05s 466ms
2021-08-17T12:13:56 | INFO | mmf.trainers.callbacks.logistics : progress: 4900/10000, train/hateful_memes/cross_entropy: 0.4088, train/hateful_memes/cross_entropy/avg: 0.5363, train/total_loss: 0.4088, train/total_loss/avg: 0.5363, max mem: 197.0, experiment: run, epoch: 56, num_updates: 4900, iterations: 4900, max_updates: 10000, lr: 0.00003, ups: 11.11, time: 09s 514ms, time_since_start: 08m 42s 543ms, eta: 08m 08s 156ms
2021-08-17T12:14:05 | INFO | mmf.trainers.callbacks.checkpoint : Checkpoint time. Saving a checkpoint.
2021-08-17T12:14:05 | INFO | mmf.utils.checkpoint : Checkpoint save operation started!
2021-08-17T12:14:05 | INFO | mmf.utils.checkpoint : Saving current checkpoint
2021-08-17T12:14:05 | INFO | mmf.utils.checkpoint : Checkpoint save operation finished!
2021-08-17T12:14:05 | INFO | mmf.trainers.callbacks.logistics : progress: 5000/10000, train/hateful_memes/cross_entropy: 0.3748, train/hateful_memes/cross_entropy/avg: 0.5307, train/total_loss: 0.3748, train/total_loss/avg: 0.5307, max mem: 197.0, experiment: run, epoch: 57, num_updates: 5000, iterations: 5000, max_updates: 10000, lr: 0.00003, ups: 12.50, time: 08s 728ms, time_since_start: 08m 51s 272ms, eta: 07m 19s 046ms
2021-08-17T12:14:05 | INFO | mmf.trainers.core.training_loop : Evaluation time. Running on full validation set...
2021-08-17T12:14:05 | INFO | mmf.common.test_reporter : Predicting for hateful_memes
2021-08-17T12:14:19 | INFO | mmf.trainers.core.evaluation_loop : Finished training. Loaded 6
2021-08-17T12:14:19 | INFO | mmf.trainers.core.evaluation_loop :  -- skipped 0 batches.
2021-08-17T12:14:19 | INFO | mmf.utils.checkpoint : Checkpoint save operation started!
2021-08-17T12:14:20 | INFO | mmf.utils.checkpoint : Saving current checkpoint
2021-08-17T12:14:20 | INFO | mmf.utils.checkpoint : Checkpoint save operation finished!
2021-08-17T12:14:20 | INFO | mmf.trainers.callbacks.logistics : progress: 5000/10000, val/hateful_memes/cross_entropy: 1.3035, val/total_loss: 1.3035, val/hateful_memes/accuracy: 0.5167, val/hateful_memes/binary_f1: 0.2995, val/hateful_memes/roc_auc: 0.4411, num_updates: 5000, epoch: 57, iterations: 5000, max_updates: 10000, val_time: 14s 547ms, best_update: 1000, best_iteration: 1000, best_val/hateful_memes/roc_auc: 0.552079
2021-08-17T12:14:28 | INFO | mmf.trainers.callbacks.logistics : progress: 5100/10000, train/hateful_memes/cross_entropy: 0.3719, train/hateful_memes/cross_entropy/avg: 0.5255, train/total_loss: 0.3719, train/total_loss/avg: 0.5255, max mem: 197.0, experiment: run, epoch: 58, num_updates: 5100, iterations: 5100, max_updates: 10000, lr: 0.00003, ups: 12.50, time: 08s 197ms, time_since_start: 09m 14s 018ms, eta: 06m 44s 071ms
2021-08-17T12:14:37 | INFO | mmf.trainers.callbacks.logistics : progress: 5200/10000, train/hateful_memes/cross_entropy: 0.3690, train/hateful_memes/cross_entropy/avg: 0.5209, train/total_loss: 0.3690, train/total_loss/avg: 0.5209, max mem: 197.0, experiment: run, epoch: 59, num_updates: 5200, iterations: 5200, max_updates: 10000, lr: 0.00003, ups: 11.11, time: 09s 289ms, time_since_start: 09m 23s 308ms, eta: 07m 28s 565ms
2021-08-17T12:14:46 | INFO | mmf.trainers.callbacks.logistics : progress: 5300/10000, train/hateful_memes/cross_entropy: 0.3631, train/hateful_memes/cross_entropy/avg: 0.5170, train/total_loss: 0.3631, train/total_loss/avg: 0.5170, max mem: 197.0, experiment: run, epoch: 60, num_updates: 5300, iterations: 5300, max_updates: 10000, lr: 0.00003, ups: 12.50, time: 08s 983ms, time_since_start: 09m 32s 292ms, eta: 07m 04s 782ms
2021-08-17T12:14:55 | INFO | mmf.trainers.callbacks.logistics : progress: 5400/10000, train/hateful_memes/cross_entropy: 0.3490, train/hateful_memes/cross_entropy/avg: 0.5113, train/total_loss: 0.3490, train/total_loss/avg: 0.5113, max mem: 197.0, experiment: run, epoch: 61, num_updates: 5400, iterations: 5400, max_updates: 10000, lr: 0.00003, ups: 12.50, time: 08s 435ms, time_since_start: 09m 40s 728ms, eta: 06m 30s 368ms
2021-08-17T12:15:03 | INFO | mmf.trainers.callbacks.logistics : progress: 5500/10000, train/hateful_memes/cross_entropy: 0.3490, train/hateful_memes/cross_entropy/avg: 0.5098, train/total_loss: 0.3490, train/total_loss/avg: 0.5098, max mem: 197.0, experiment: run, epoch: 62, num_updates: 5500, iterations: 5500, max_updates: 10000, lr: 0.00003, ups: 12.50, time: 08s 457ms, time_since_start: 09m 49s 185ms, eta: 06m 22s 866ms
2021-08-17T12:15:13 | INFO | mmf.trainers.callbacks.logistics : progress: 5600/10000, train/hateful_memes/cross_entropy: 0.3481, train/hateful_memes/cross_entropy/avg: 0.5058, train/total_loss: 0.3481, train/total_loss/avg: 0.5058, max mem: 197.0, experiment: run, epoch: 63, num_updates: 5600, iterations: 5600, max_updates: 10000, lr: 0.00003, ups: 11.11, time: 09s 741ms, time_since_start: 09m 58s 927ms, eta: 07m 11s 213ms
2021-08-17T12:15:22 | INFO | mmf.trainers.callbacks.logistics : progress: 5700/10000, train/hateful_memes/cross_entropy: 0.3219, train/hateful_memes/cross_entropy/avg: 0.5015, train/total_loss: 0.3219, train/total_loss/avg: 0.5015, max mem: 197.0, experiment: run, epoch: 65, num_updates: 5700, iterations: 5700, max_updates: 10000, lr: 0.00003, ups: 11.11, time: 09s 332ms, time_since_start: 10m 08s 260ms, eta: 06m 43s 720ms
2021-08-17T12:15:32 | INFO | mmf.trainers.callbacks.logistics : progress: 5800/10000, train/hateful_memes/cross_entropy: 0.3185, train/hateful_memes/cross_entropy/avg: 0.4984, train/total_loss: 0.3185, train/total_loss/avg: 0.4984, max mem: 197.0, experiment: run, epoch: 66, num_updates: 5800, iterations: 5800, max_updates: 10000, lr: 0.00003, ups: 11.11, time: 09s 439ms, time_since_start: 10m 17s 699ms, eta: 06m 38s 837ms
2021-08-17T12:15:41 | INFO | mmf.trainers.callbacks.logistics : progress: 5900/10000, train/hateful_memes/cross_entropy: 0.3136, train/hateful_memes/cross_entropy/avg: 0.4952, train/total_loss: 0.3136, train/total_loss/avg: 0.4952, max mem: 197.0, experiment: run, epoch: 67, num_updates: 5900, iterations: 5900, max_updates: 10000, lr: 0.00003, ups: 11.11, time: 09s 562ms, time_since_start: 10m 27s 262ms, eta: 06m 34s 413ms
2021-08-17T12:15:49 | INFO | mmf.trainers.callbacks.checkpoint : Checkpoint time. Saving a checkpoint.
2021-08-17T12:15:49 | INFO | mmf.utils.checkpoint : Checkpoint save operation started!
2021-08-17T12:15:50 | INFO | mmf.utils.checkpoint : Saving current checkpoint
2021-08-17T12:15:50 | INFO | mmf.utils.checkpoint : Checkpoint save operation finished!
2021-08-17T12:15:50 | INFO | mmf.trainers.callbacks.logistics : progress: 6000/10000, train/hateful_memes/cross_entropy: 0.3116, train/hateful_memes/cross_entropy/avg: 0.4916, train/total_loss: 0.3116, train/total_loss/avg: 0.4916, max mem: 197.0, experiment: run, epoch: 68, num_updates: 6000, iterations: 6000, max_updates: 10000, lr: 0.00003, ups: 12.50, time: 08s 515ms, time_since_start: 10m 35s 777ms, eta: 05m 42s 644ms
2021-08-17T12:15:50 | INFO | mmf.trainers.core.training_loop : Evaluation time. Running on full validation set...
2021-08-17T12:15:50 | INFO | mmf.common.test_reporter : Predicting for hateful_memes
2021-08-17T12:16:04 | INFO | mmf.trainers.core.evaluation_loop : Finished training. Loaded 6
2021-08-17T12:16:04 | INFO | mmf.trainers.core.evaluation_loop :  -- skipped 0 batches.
2021-08-17T12:16:04 | INFO | mmf.trainers.callbacks.logistics : progress: 6000/10000, val/hateful_memes/cross_entropy: 1.4450, val/total_loss: 1.4450, val/hateful_memes/accuracy: 0.4352, val/hateful_memes/binary_f1: 0.3314, val/hateful_memes/roc_auc: 0.4038, num_updates: 6000, epoch: 68, iterations: 6000, max_updates: 10000, val_time: 13s 885ms, best_update: 1000, best_iteration: 1000, best_val/hateful_memes/roc_auc: 0.552079
2021-08-17T12:16:33 | INFO | mmf.trainers.callbacks.logistics : progress: 6100/10000, train/hateful_memes/cross_entropy: 0.2886, train/hateful_memes/cross_entropy/avg: 0.4876, train/total_loss: 0.2886, train/total_loss/avg: 0.4876, max mem: 197.0, experiment: run, epoch: 69, num_updates: 6100, iterations: 6100, max_updates: 10000, lr: 0.00002, ups: 3.45, time: 29s 155ms, time_since_start: 11m 18s 819ms, eta: 19m 03s 874ms
2021-08-17T12:16:43 | INFO | mmf.trainers.callbacks.logistics : progress: 6200/10000, train/hateful_memes/cross_entropy: 0.2869, train/hateful_memes/cross_entropy/avg: 0.4838, train/total_loss: 0.2869, train/total_loss/avg: 0.4838, max mem: 197.0, experiment: run, epoch: 70, num_updates: 6200, iterations: 6200, max_updates: 10000, lr: 0.00002, ups: 11.11, time: 09s 859ms, time_since_start: 11m 28s 679ms, eta: 06m 16s 928ms
2021-08-17T12:16:53 | INFO | mmf.trainers.callbacks.logistics : progress: 6300/10000, train/hateful_memes/cross_entropy: 0.2869, train/hateful_memes/cross_entropy/avg: 0.4812, train/total_loss: 0.2869, train/total_loss/avg: 0.4812, max mem: 197.0, experiment: run, epoch: 71, num_updates: 6300, iterations: 6300, max_updates: 10000, lr: 0.00002, ups: 10.00, time: 10s 273ms, time_since_start: 11m 38s 952ms, eta: 06m 22s 392ms
2021-08-17T12:17:03 | INFO | mmf.trainers.callbacks.logistics : progress: 6400/10000, train/hateful_memes/cross_entropy: 0.2776, train/hateful_memes/cross_entropy/avg: 0.4774, train/total_loss: 0.2776, train/total_loss/avg: 0.4774, max mem: 197.0, experiment: run, epoch: 72, num_updates: 6400, iterations: 6400, max_updates: 10000, lr: 0.00002, ups: 10.00, time: 10s 441ms, time_since_start: 11m 49s 394ms, eta: 06m 18s 139ms
2021-08-17T12:17:11 | INFO | mmf.trainers.callbacks.logistics : progress: 6500/10000, train/hateful_memes/cross_entropy: 0.2776, train/hateful_memes/cross_entropy/avg: 0.4748, train/total_loss: 0.2776, train/total_loss/avg: 0.4748, max mem: 197.0, experiment: run, epoch: 74, num_updates: 6500, iterations: 6500, max_updates: 10000, lr: 0.00002, ups: 12.50, time: 08s 015ms, time_since_start: 11m 57s 409ms, eta: 04m 42s 226ms
2021-08-17T12:17:20 | INFO | mmf.trainers.callbacks.logistics : progress: 6600/10000, train/hateful_memes/cross_entropy: 0.2765, train/hateful_memes/cross_entropy/avg: 0.4716, train/total_loss: 0.2765, train/total_loss/avg: 0.4716, max mem: 197.0, experiment: run, epoch: 75, num_updates: 6600, iterations: 6600, max_updates: 10000, lr: 0.00002, ups: 12.50, time: 08s 747ms, time_since_start: 12m 06s 157ms, eta: 04m 59s 207ms
2021-08-17T12:17:30 | INFO | mmf.trainers.callbacks.logistics : progress: 6700/10000, train/hateful_memes/cross_entropy: 0.2758, train/hateful_memes/cross_entropy/avg: 0.4680, train/total_loss: 0.2758, train/total_loss/avg: 0.4680, max mem: 197.0, experiment: run, epoch: 76, num_updates: 6700, iterations: 6700, max_updates: 10000, lr: 0.00002, ups: 11.11, time: 09s 781ms, time_since_start: 12m 15s 939ms, eta: 05m 24s 741ms
2021-08-17T12:17:40 | INFO | mmf.trainers.callbacks.logistics : progress: 6800/10000, train/hateful_memes/cross_entropy: 0.2765, train/hateful_memes/cross_entropy/avg: 0.4664, train/total_loss: 0.2765, train/total_loss/avg: 0.4664, max mem: 197.0, experiment: run, epoch: 77, num_updates: 6800, iterations: 6800, max_updates: 10000, lr: 0.00002, ups: 11.11, time: 09s 870ms, time_since_start: 12m 25s 809ms, eta: 05m 17s 737ms
2021-08-17T12:17:50 | INFO | mmf.trainers.callbacks.logistics : progress: 6900/10000, train/hateful_memes/cross_entropy: 0.2776, train/hateful_memes/cross_entropy/avg: 0.4639, train/total_loss: 0.2776, train/total_loss/avg: 0.4639, max mem: 197.0, experiment: run, epoch: 78, num_updates: 6900, iterations: 6900, max_updates: 10000, lr: 0.00002, ups: 10.00, time: 10s 182ms, time_since_start: 12m 35s 992ms, eta: 05m 17s 552ms
2021-08-17T12:18:00 | INFO | mmf.trainers.callbacks.checkpoint : Checkpoint time. Saving a checkpoint.
2021-08-17T12:18:00 | INFO | mmf.utils.checkpoint : Checkpoint save operation started!
2021-08-17T12:18:01 | INFO | mmf.utils.checkpoint : Saving current checkpoint
2021-08-17T12:18:01 | INFO | mmf.utils.checkpoint : Checkpoint save operation finished!
2021-08-17T12:18:01 | INFO | mmf.trainers.callbacks.logistics : progress: 7000/10000, train/hateful_memes/cross_entropy: 0.2776, train/hateful_memes/cross_entropy/avg: 0.4602, train/total_loss: 0.2776, train/total_loss/avg: 0.4602, max mem: 197.0, experiment: run, epoch: 79, num_updates: 7000, iterations: 7000, max_updates: 10000, lr: 0.00002, ups: 10.00, time: 10s 785ms, time_since_start: 12m 46s 777ms, eta: 05m 25s 519ms
2021-08-17T12:18:01 | INFO | mmf.trainers.core.training_loop : Evaluation time. Running on full validation set...
2021-08-17T12:18:01 | INFO | mmf.common.test_reporter : Predicting for hateful_memes
2021-08-17T12:18:14 | INFO | mmf.trainers.core.evaluation_loop : Finished training. Loaded 6
2021-08-17T12:18:14 | INFO | mmf.trainers.core.evaluation_loop :  -- skipped 0 batches.
2021-08-17T12:18:15 | INFO | mmf.trainers.callbacks.logistics : progress: 7000/10000, val/hateful_memes/cross_entropy: 1.6013, val/total_loss: 1.6013, val/hateful_memes/accuracy: 0.4852, val/hateful_memes/binary_f1: 0.3113, val/hateful_memes/roc_auc: 0.4004, num_updates: 7000, epoch: 79, iterations: 7000, max_updates: 10000, val_time: 14s 363ms, best_update: 1000, best_iteration: 1000, best_val/hateful_memes/roc_auc: 0.552079
2021-08-17T12:18:25 | INFO | mmf.trainers.callbacks.logistics : progress: 7100/10000, train/hateful_memes/cross_entropy: 0.2869, train/hateful_memes/cross_entropy/avg: 0.4578, train/total_loss: 0.2869, train/total_loss/avg: 0.4578, max mem: 197.0, experiment: run, epoch: 80, num_updates: 7100, iterations: 7100, max_updates: 10000, lr: 0.00002, ups: 11.11, time: 09s 713ms, time_since_start: 13m 10s 856ms, eta: 04m 43s 376ms
2021-08-17T12:18:33 | INFO | mmf.trainers.callbacks.logistics : progress: 7200/10000, train/hateful_memes/cross_entropy: 0.2776, train/hateful_memes/cross_entropy/avg: 0.4551, train/total_loss: 0.2776, train/total_loss/avg: 0.4551, max mem: 197.0, experiment: run, epoch: 81, num_updates: 7200, iterations: 7200, max_updates: 10000, lr: 0.00002, ups: 12.50, time: 08s 724ms, time_since_start: 13m 19s 580ms, eta: 04m 05s 750ms
2021-08-17T12:18:42 | INFO | mmf.trainers.callbacks.logistics : progress: 7300/10000, train/hateful_memes/cross_entropy: 0.2776, train/hateful_memes/cross_entropy/avg: 0.4529, train/total_loss: 0.2776, train/total_loss/avg: 0.4529, max mem: 197.0, experiment: run, epoch: 83, num_updates: 7300, iterations: 7300, max_updates: 10000, lr: 0.00002, ups: 12.50, time: 08s 467ms, time_since_start: 13m 28s 048ms, eta: 03m 50s 005ms
2021-08-17T12:18:51 | INFO | mmf.trainers.callbacks.logistics : progress: 7400/10000, train/hateful_memes/cross_entropy: 0.2776, train/hateful_memes/cross_entropy/avg: 0.4494, train/total_loss: 0.2776, train/total_loss/avg: 0.4494, max mem: 197.0, experiment: run, epoch: 84, num_updates: 7400, iterations: 7400, max_updates: 10000, lr: 0.00002, ups: 12.50, time: 08s 562ms, time_since_start: 13m 36s 611ms, eta: 03m 43s 959ms
2021-08-17T12:18:59 | INFO | mmf.trainers.callbacks.logistics : progress: 7500/10000, train/hateful_memes/cross_entropy: 0.2614, train/hateful_memes/cross_entropy/avg: 0.4462, train/total_loss: 0.2614, train/total_loss/avg: 0.4462, max mem: 197.0, experiment: run, epoch: 85, num_updates: 7500, iterations: 7500, max_updates: 10000, lr: 0.00002, ups: 12.50, time: 08s 175ms, time_since_start: 13m 44s 786ms, eta: 03m 25s 610ms
2021-08-17T12:19:07 | INFO | mmf.trainers.callbacks.logistics : progress: 7600/10000, train/hateful_memes/cross_entropy: 0.2613, train/hateful_memes/cross_entropy/avg: 0.4433, train/total_loss: 0.2613, train/total_loss/avg: 0.4433, max mem: 197.0, experiment: run, epoch: 86, num_updates: 7600, iterations: 7600, max_updates: 10000, lr: 0.00002, ups: 12.50, time: 08s 446ms, time_since_start: 13m 53s 233ms, eta: 03m 23s 927ms
2021-08-17T12:19:16 | INFO | mmf.trainers.callbacks.logistics : progress: 7700/10000, train/hateful_memes/cross_entropy: 0.2613, train/hateful_memes/cross_entropy/avg: 0.4405, train/total_loss: 0.2613, train/total_loss/avg: 0.4405, max mem: 197.0, experiment: run, epoch: 87, num_updates: 7700, iterations: 7700, max_updates: 10000, lr: 0.00001, ups: 11.11, time: 09s 259ms, time_since_start: 14m 02s 492ms, eta: 03m 34s 241ms
2021-08-17T12:19:26 | INFO | mmf.trainers.callbacks.logistics : progress: 7800/10000, train/hateful_memes/cross_entropy: 0.2525, train/hateful_memes/cross_entropy/avg: 0.4380, train/total_loss: 0.2525, train/total_loss/avg: 0.4380, max mem: 197.0, experiment: run, epoch: 88, num_updates: 7800, iterations: 7800, max_updates: 10000, lr: 0.00001, ups: 11.11, time: 09s 390ms, time_since_start: 14m 11s 883ms, eta: 03m 27s 838ms
2021-08-17T12:19:35 | INFO | mmf.trainers.callbacks.logistics : progress: 7900/10000, train/hateful_memes/cross_entropy: 0.2525, train/hateful_memes/cross_entropy/avg: 0.4365, train/total_loss: 0.2525, train/total_loss/avg: 0.4365, max mem: 197.0, experiment: run, epoch: 89, num_updates: 7900, iterations: 7900, max_updates: 10000, lr: 0.00001, ups: 11.11, time: 09s 044ms, time_since_start: 14m 20s 928ms, eta: 03m 11s 082ms
2021-08-17T12:19:44 | INFO | mmf.trainers.callbacks.checkpoint : Checkpoint time. Saving a checkpoint.
2021-08-17T12:19:44 | INFO | mmf.utils.checkpoint : Checkpoint save operation started!
2021-08-17T12:19:44 | INFO | mmf.utils.checkpoint : Saving current checkpoint
2021-08-17T12:19:44 | INFO | mmf.utils.checkpoint : Checkpoint save operation finished!
2021-08-17T12:19:44 | INFO | mmf.trainers.callbacks.logistics : progress: 8000/10000, train/hateful_memes/cross_entropy: 0.2525, train/hateful_memes/cross_entropy/avg: 0.4349, train/total_loss: 0.2525, train/total_loss/avg: 0.4349, max mem: 197.0, experiment: run, epoch: 90, num_updates: 8000, iterations: 8000, max_updates: 10000, lr: 0.00001, ups: 11.11, time: 09s 645ms, time_since_start: 14m 30s 573ms, eta: 03m 14s 063ms
2021-08-17T12:19:44 | INFO | mmf.trainers.core.training_loop : Evaluation time. Running on full validation set...
2021-08-17T12:19:44 | INFO | mmf.common.test_reporter : Predicting for hateful_memes
2021-08-17T12:19:59 | INFO | mmf.trainers.core.evaluation_loop : Finished training. Loaded 6
2021-08-17T12:19:59 | INFO | mmf.trainers.core.evaluation_loop :  -- skipped 0 batches.
2021-08-17T12:19:59 | INFO | mmf.trainers.callbacks.logistics : progress: 8000/10000, val/hateful_memes/cross_entropy: 1.7800, val/total_loss: 1.7800, val/hateful_memes/accuracy: 0.4852, val/hateful_memes/binary_f1: 0.2843, val/hateful_memes/roc_auc: 0.3937, num_updates: 8000, epoch: 90, iterations: 8000, max_updates: 10000, val_time: 14s 743ms, best_update: 1000, best_iteration: 1000, best_val/hateful_memes/roc_auc: 0.552079
2021-08-17T12:20:09 | INFO | mmf.trainers.callbacks.logistics : progress: 8100/10000, train/hateful_memes/cross_entropy: 0.2525, train/hateful_memes/cross_entropy/avg: 0.4316, train/total_loss: 0.2525, train/total_loss/avg: 0.4316, max mem: 197.0, experiment: run, epoch: 92, num_updates: 8100, iterations: 8100, max_updates: 10000, lr: 0.00001, ups: 11.11, time: 09s 149ms, time_since_start: 14m 54s 468ms, eta: 02m 54s 881ms
2021-08-17T12:20:17 | INFO | mmf.trainers.callbacks.logistics : progress: 8200/10000, train/hateful_memes/cross_entropy: 0.2422, train/hateful_memes/cross_entropy/avg: 0.4290, train/total_loss: 0.2422, train/total_loss/avg: 0.4290, max mem: 197.0, experiment: run, epoch: 93, num_updates: 8200, iterations: 8200, max_updates: 10000, lr: 0.00001, ups: 12.50, time: 08s 256ms, time_since_start: 15m 02s 725ms, eta: 02m 29s 517ms
2021-08-17T12:20:28 | INFO | mmf.trainers.callbacks.logistics : progress: 8300/10000, train/hateful_memes/cross_entropy: 0.2379, train/hateful_memes/cross_entropy/avg: 0.4264, train/total_loss: 0.2379, train/total_loss/avg: 0.4264, max mem: 197.0, experiment: run, epoch: 94, num_updates: 8300, iterations: 8300, max_updates: 10000, lr: 0.00001, ups: 10.00, time: 10s 991ms, time_since_start: 15m 13s 716ms, eta: 03m 07s 975ms
2021-08-17T12:20:37 | INFO | mmf.trainers.callbacks.logistics : progress: 8400/10000, train/hateful_memes/cross_entropy: 0.2319, train/hateful_memes/cross_entropy/avg: 0.4239, train/total_loss: 0.2319, train/total_loss/avg: 0.4239, max mem: 197.0, experiment: run, epoch: 95, num_updates: 8400, iterations: 8400, max_updates: 10000, lr: 0.00001, ups: 11.11, time: 09s 319ms, time_since_start: 15m 23s 036ms, eta: 02m 30s 011ms
2021-08-17T12:20:46 | INFO | mmf.trainers.callbacks.logistics : progress: 8500/10000, train/hateful_memes/cross_entropy: 0.2319, train/hateful_memes/cross_entropy/avg: 0.4220, train/total_loss: 0.2319, train/total_loss/avg: 0.4220, max mem: 197.0, experiment: run, epoch: 96, num_updates: 8500, iterations: 8500, max_updates: 10000, lr: 0.00001, ups: 12.50, time: 08s 833ms, time_since_start: 15m 31s 870ms, eta: 02m 13s 305ms
2021-08-17T12:20:55 | INFO | mmf.trainers.callbacks.logistics : progress: 8600/10000, train/hateful_memes/cross_entropy: 0.2319, train/hateful_memes/cross_entropy/avg: 0.4201, train/total_loss: 0.2319, train/total_loss/avg: 0.4201, max mem: 197.0, experiment: run, epoch: 97, num_updates: 8600, iterations: 8600, max_updates: 10000, lr: 0.00001, ups: 11.11, time: 09s 223ms, time_since_start: 15m 41s 094ms, eta: 02m 09s 904ms
2021-08-17T12:21:05 | INFO | mmf.trainers.callbacks.logistics : progress: 8700/10000, train/hateful_memes/cross_entropy: 0.2422, train/hateful_memes/cross_entropy/avg: 0.4182, train/total_loss: 0.2422, train/total_loss/avg: 0.4182, max mem: 197.0, experiment: run, epoch: 98, num_updates: 8700, iterations: 8700, max_updates: 10000, lr: 0.00001, ups: 10.00, time: 10s 242ms, time_since_start: 15m 51s 336ms, eta: 02m 13s 949ms
2021-08-17T12:21:14 | INFO | mmf.trainers.callbacks.logistics : progress: 8800/10000, train/hateful_memes/cross_entropy: 0.2319, train/hateful_memes/cross_entropy/avg: 0.4154, train/total_loss: 0.2319, train/total_loss/avg: 0.4154, max mem: 197.0, experiment: run, epoch: 99, num_updates: 8800, iterations: 8800, max_updates: 10000, lr: 0.00001, ups: 12.50, time: 08s 446ms, time_since_start: 15m 59s 782ms, eta: 01m 41s 961ms
2021-08-17T12:21:23 | INFO | mmf.trainers.callbacks.logistics : progress: 8900/10000, train/hateful_memes/cross_entropy: 0.2319, train/hateful_memes/cross_entropy/avg: 0.4150, train/total_loss: 0.2319, train/total_loss/avg: 0.4150, max mem: 197.0, experiment: run, epoch: 100, num_updates: 8900, iterations: 8900, max_updates: 10000, lr: 0.00001, ups: 12.50, time: 08s 892ms, time_since_start: 16m 08s 675ms, eta: 01m 38s 403ms
2021-08-17T12:21:32 | INFO | mmf.trainers.callbacks.checkpoint : Checkpoint time. Saving a checkpoint.
2021-08-17T12:21:32 | INFO | mmf.utils.checkpoint : Checkpoint save operation started!
2021-08-17T12:21:32 | INFO | mmf.utils.checkpoint : Saving current checkpoint
2021-08-17T12:21:32 | INFO | mmf.utils.checkpoint : Checkpoint save operation finished!
2021-08-17T12:21:32 | INFO | mmf.trainers.callbacks.logistics : progress: 9000/10000, train/hateful_memes/cross_entropy: 0.2319, train/hateful_memes/cross_entropy/avg: 0.4124, train/total_loss: 0.2319, train/total_loss/avg: 0.4124, max mem: 197.0, experiment: run, epoch: 102, num_updates: 9000, iterations: 9000, max_updates: 10000, lr: 0.00001, ups: 11.11, time: 09s 254ms, time_since_start: 16m 17s 929ms, eta: 01m 33s 098ms
2021-08-17T12:21:32 | INFO | mmf.trainers.core.training_loop : Evaluation time. Running on full validation set...
2021-08-17T12:21:32 | INFO | mmf.common.test_reporter : Predicting for hateful_memes
2021-08-17T12:21:46 | INFO | mmf.trainers.core.evaluation_loop : Finished training. Loaded 6
2021-08-17T12:21:46 | INFO | mmf.trainers.core.evaluation_loop :  -- skipped 0 batches.
2021-08-17T12:21:47 | INFO | mmf.trainers.callbacks.logistics : progress: 9000/10000, val/hateful_memes/cross_entropy: 1.7682, val/total_loss: 1.7682, val/hateful_memes/accuracy: 0.4500, val/hateful_memes/binary_f1: 0.3174, val/hateful_memes/roc_auc: 0.3949, num_updates: 9000, epoch: 102, iterations: 9000, max_updates: 10000, val_time: 14s 751ms, best_update: 1000, best_iteration: 1000, best_val/hateful_memes/roc_auc: 0.552079
2021-08-17T12:21:56 | INFO | mmf.trainers.callbacks.logistics : progress: 9100/10000, train/hateful_memes/cross_entropy: 0.2319, train/hateful_memes/cross_entropy/avg: 0.4112, train/total_loss: 0.2319, train/total_loss/avg: 0.4112, max mem: 197.0, experiment: run, epoch: 103, num_updates: 9100, iterations: 9100, max_updates: 10000, lr: 0.00001, ups: 12.50, time: 08s 930ms, time_since_start: 16m 41s 613ms, eta: 01m 20s 861ms
2021-08-17T12:22:06 | INFO | mmf.trainers.callbacks.logistics : progress: 9200/10000, train/hateful_memes/cross_entropy: 0.2231, train/hateful_memes/cross_entropy/avg: 0.4086, train/total_loss: 0.2231, train/total_loss/avg: 0.4086, max mem: 197.0, experiment: run, epoch: 104, num_updates: 9200, iterations: 9200, max_updates: 10000, lr: 0.00001, ups: 10.00, time: 10s 284ms, time_since_start: 16m 51s 898ms, eta: 01m 22s 772ms
2021-08-17T12:22:15 | INFO | mmf.trainers.callbacks.logistics : progress: 9300/10000, train/hateful_memes/cross_entropy: 0.2185, train/hateful_memes/cross_entropy/avg: 0.4061, train/total_loss: 0.2185, train/total_loss/avg: 0.4061, max mem: 197.0, experiment: run, epoch: 105, num_updates: 9300, iterations: 9300, max_updates: 10000, lr: 0., ups: 11.11, time: 09s 513ms, time_since_start: 17m 01s 412ms, eta: 01m 06s 993ms
2021-08-17T12:22:24 | INFO | mmf.trainers.callbacks.logistics : progress: 9400/10000, train/hateful_memes/cross_entropy: 0.2231, train/hateful_memes/cross_entropy/avg: 0.4047, train/total_loss: 0.2231, train/total_loss/avg: 0.4047, max mem: 197.0, experiment: run, epoch: 106, num_updates: 9400, iterations: 9400, max_updates: 10000, lr: 0., ups: 12.50, time: 08s 653ms, time_since_start: 17m 10s 066ms, eta: 52s 233ms
2021-08-17T12:22:34 | INFO | mmf.trainers.callbacks.logistics : progress: 9500/10000, train/hateful_memes/cross_entropy: 0.2231, train/hateful_memes/cross_entropy/avg: 0.4025, train/total_loss: 0.2231, train/total_loss/avg: 0.4025, max mem: 197.0, experiment: run, epoch: 107, num_updates: 9500, iterations: 9500, max_updates: 10000, lr: 0., ups: 11.11, time: 09s 903ms, time_since_start: 17m 19s 969ms, eta: 49s 812ms
2021-08-17T12:22:44 | INFO | mmf.trainers.callbacks.logistics : progress: 9600/10000, train/hateful_memes/cross_entropy: 0.2185, train/hateful_memes/cross_entropy/avg: 0.4002, train/total_loss: 0.2185, train/total_loss/avg: 0.4002, max mem: 197.0, experiment: run, epoch: 108, num_updates: 9600, iterations: 9600, max_updates: 10000, lr: 0., ups: 11.11, time: 09s 812ms, time_since_start: 17m 29s 781ms, eta: 39s 484ms
2021-08-17T12:22:52 | INFO | mmf.trainers.callbacks.logistics : progress: 9700/10000, train/hateful_memes/cross_entropy: 0.2161, train/hateful_memes/cross_entropy/avg: 0.3981, train/total_loss: 0.2161, train/total_loss/avg: 0.3981, max mem: 197.0, experiment: run, epoch: 109, num_updates: 9700, iterations: 9700, max_updates: 10000, lr: 0., ups: 14.29, time: 07s 990ms, time_since_start: 17m 37s 772ms, eta: 24s 116ms
2021-08-17T12:23:02 | INFO | mmf.trainers.callbacks.logistics : progress: 9800/10000, train/hateful_memes/cross_entropy: 0.2159, train/hateful_memes/cross_entropy/avg: 0.3960, train/total_loss: 0.2159, train/total_loss/avg: 0.3960, max mem: 197.0, experiment: run, epoch: 111, num_updates: 9800, iterations: 9800, max_updates: 10000, lr: 0., ups: 11.11, time: 09s 863ms, time_since_start: 17m 47s 636ms, eta: 19s 845ms
2021-08-17T12:23:11 | INFO | mmf.trainers.callbacks.logistics : progress: 9900/10000, train/hateful_memes/cross_entropy: 0.2040, train/hateful_memes/cross_entropy/avg: 0.3938, train/total_loss: 0.2040, train/total_loss/avg: 0.3938, max mem: 197.0, experiment: run, epoch: 112, num_updates: 9900, iterations: 9900, max_updates: 10000, lr: 0., ups: 11.11, time: 09s 239ms, time_since_start: 17m 56s 875ms, eta: 09s 295ms
2021-08-17T12:23:21 | INFO | mmf.trainers.callbacks.checkpoint : Checkpoint time. Saving a checkpoint.
2021-08-17T12:23:21 | INFO | mmf.utils.checkpoint : Checkpoint save operation started!
2021-08-17T12:23:21 | INFO | mmf.utils.checkpoint : Saving current checkpoint
2021-08-17T12:23:21 | INFO | mmf.utils.checkpoint : Checkpoint save operation finished!
2021-08-17T12:23:21 | INFO | mmf.trainers.callbacks.logistics : progress: 10000/10000, train/hateful_memes/cross_entropy: 0.2040, train/hateful_memes/cross_entropy/avg: 0.3920, train/total_loss: 0.2040, train/total_loss/avg: 0.3920, max mem: 197.0, experiment: run, epoch: 113, num_updates: 10000, iterations: 10000, max_updates: 10000, lr: 0., ups: 10.00, time: 10s 074ms, time_since_start: 18m 06s 950ms, eta: 0ms
2021-08-17T12:23:21 | INFO | mmf.trainers.core.training_loop : Evaluation time. Running on full validation set...
2021-08-17T12:23:21 | INFO | mmf.common.test_reporter : Predicting for hateful_memes
2021-08-17T12:23:35 | INFO | mmf.trainers.core.evaluation_loop : Finished training. Loaded 6
2021-08-17T12:23:35 | INFO | mmf.trainers.core.evaluation_loop :  -- skipped 0 batches.
2021-08-17T12:23:35 | INFO | mmf.trainers.callbacks.logistics : progress: 10000/10000, val/hateful_memes/cross_entropy: 1.8226, val/total_loss: 1.8226, val/hateful_memes/accuracy: 0.4778, val/hateful_memes/binary_f1: 0.3088, val/hateful_memes/roc_auc: 0.3896, num_updates: 10000, epoch: 113, iterations: 10000, max_updates: 10000, val_time: 14s 578ms, best_update: 1000, best_iteration: 1000, best_val/hateful_memes/roc_auc: 0.552079
2021-08-17T12:23:36 | INFO | mmf.trainers.core.training_loop : Stepping into final validation check
2021-08-17T12:23:56 | INFO | mmf.utils.checkpoint : Restoring checkpoint
2021-08-17T12:23:56 | INFO | mmf.utils.checkpoint : Loading checkpoint
2021-08-17T12:23:56 | INFO | mmf.utils.checkpoint : Will load key module.base.encoder.lc.weight from base.encoder.lc.weight
2021-08-17T12:23:56 | INFO | mmf.utils.checkpoint : Will load key module.base.encoder.lc.bias from base.encoder.lc.bias
2021-08-17T12:23:56 | INFO | mmf.utils.checkpoint : Will load key module.classifier.layers.0.weight from classifier.layers.0.weight
2021-08-17T12:23:56 | INFO | mmf.utils.checkpoint : Will load key module.classifier.layers.0.bias from classifier.layers.0.bias
2021-08-17T12:23:56 | INFO | mmf.utils.checkpoint : Will load key module.classifier.layers.1.weight from classifier.layers.1.weight
2021-08-17T12:23:56 | INFO | mmf.utils.checkpoint : Will load key module.classifier.layers.1.bias from classifier.layers.1.bias
2021-08-17T12:23:56 | INFO | mmf.utils.checkpoint : Will load key module.classifier.layers.1.running_mean from classifier.layers.1.running_mean
2021-08-17T12:23:56 | INFO | mmf.utils.checkpoint : Will load key module.classifier.layers.1.running_var from classifier.layers.1.running_var
2021-08-17T12:23:56 | INFO | mmf.utils.checkpoint : Will load key module.classifier.layers.1.num_batches_tracked from classifier.layers.1.num_batches_tracked
2021-08-17T12:23:56 | INFO | mmf.utils.checkpoint : Will load key module.classifier.layers.4.weight from classifier.layers.4.weight
2021-08-17T12:23:56 | INFO | mmf.utils.checkpoint : Will load key module.classifier.layers.4.bias from classifier.layers.4.bias
2021-08-17T12:23:56 | INFO | mmf.utils.checkpoint : Will load key module.classifier.layers.5.weight from classifier.layers.5.weight
2021-08-17T12:23:56 | INFO | mmf.utils.checkpoint : Will load key module.classifier.layers.5.bias from classifier.layers.5.bias
2021-08-17T12:23:56 | INFO | mmf.utils.checkpoint : Will load key module.classifier.layers.5.running_mean from classifier.layers.5.running_mean
2021-08-17T12:23:56 | INFO | mmf.utils.checkpoint : Will load key module.classifier.layers.5.running_var from classifier.layers.5.running_var
2021-08-17T12:23:56 | INFO | mmf.utils.checkpoint : Will load key module.classifier.layers.5.num_batches_tracked from classifier.layers.5.num_batches_tracked
2021-08-17T12:23:56 | INFO | mmf.utils.checkpoint : Will load key module.classifier.layers.8.weight from classifier.layers.8.weight
2021-08-17T12:23:56 | INFO | mmf.utils.checkpoint : Will load key module.classifier.layers.8.bias from classifier.layers.8.bias
2021-08-17T12:23:56 | INFO | mmf.utils.checkpoint : Checkpoint loaded.
2021-08-17T12:23:56 | INFO | mmf.utils.checkpoint : Current num updates: 1000
2021-08-17T12:23:56 | INFO | mmf.utils.checkpoint : Current iteration: 1000
2021-08-17T12:23:56 | INFO | mmf.utils.checkpoint : Current epoch: 12
2021-08-17T12:23:56 | INFO | mmf.trainers.mmf_trainer : Starting inference on val set
2021-08-17T12:23:56 | INFO | mmf.common.test_reporter : Predicting for hateful_memes
2021-08-17T12:24:09 | INFO | mmf.trainers.core.evaluation_loop : Finished training. Loaded 6
2021-08-17T12:24:09 | INFO | mmf.trainers.core.evaluation_loop :  -- skipped 0 batches.
2021-08-17T12:24:10 | INFO | mmf.trainers.callbacks.logistics : progress: 1000/10000, val/hateful_memes/cross_entropy: 0.6623, val/total_loss: 0.6623, val/hateful_memes/accuracy: 0.5963, val/hateful_memes/binary_f1: 0.2388, val/hateful_memes/roc_auc: 0.5521
2021-08-17T12:24:10 | INFO | mmf.trainers.callbacks.logistics : Finished run in 18m 56s 107ms
